{"meta": {"format": 3, "version": "7.10.2", "timestamp": "2025-08-11T22:14:34.468650", "branch_coverage": false, "show_contexts": false}, "files": {"backend/app/__init__.py": {"executed_lines": [1], "summary": {"covered_lines": 0, "num_statements": 0, "percent_covered": 100.0, "percent_covered_display": "100", "missing_lines": 0, "excluded_lines": 0}, "missing_lines": [], "excluded_lines": [], "functions": {"": {"executed_lines": [1], "summary": {"covered_lines": 0, "num_statements": 0, "percent_covered": 100.0, "percent_covered_display": "100", "missing_lines": 0, "excluded_lines": 0}, "missing_lines": [], "excluded_lines": []}}, "classes": {"": {"executed_lines": [1], "summary": {"covered_lines": 0, "num_statements": 0, "percent_covered": 100.0, "percent_covered_display": "100", "missing_lines": 0, "excluded_lines": 0}, "missing_lines": [], "excluded_lines": []}}}, "backend/app/api/feedback.py": {"executed_lines": [1, 3, 4, 5, 6, 8, 9, 11, 14, 15, 16, 17, 18, 19, 22, 23, 24, 25, 28, 30, 31, 33, 34, 35, 37, 38, 46, 47, 48, 49, 50, 51, 52, 55, 56, 57, 58, 64, 65, 75, 76, 77, 78], "summary": {"covered_lines": 14, "num_statements": 14, "percent_covered": 100.0, "percent_covered_display": "100", "missing_lines": 0, "excluded_lines": 57}, "missing_lines": [], "excluded_lines": [22, 23, 24, 25, 26, 27, 28, 29, 30, 31, 32, 33, 34, 35, 36, 37, 38, 39, 40, 41, 42, 43, 44, 45, 46, 47, 48, 49, 50, 51, 52, 53, 54, 55, 56, 57, 58, 59, 60, 61, 62, 63, 64, 65, 66, 67, 68, 69, 70, 71, 72, 73, 74, 75, 76, 77, 78], "functions": {"feedback": {"executed_lines": [24, 25, 28, 30, 31, 33, 34, 35, 37, 38, 46, 47, 48, 49, 50, 51, 52, 55, 56, 57, 58, 64, 65, 75, 76, 77, 78], "summary": {"covered_lines": 0, "num_statements": 0, "percent_covered": 100.0, "percent_covered_display": "100", "missing_lines": 0, "excluded_lines": 55}, "missing_lines": [], "excluded_lines": [24, 25, 26, 27, 28, 29, 30, 31, 32, 33, 34, 35, 36, 37, 38, 39, 40, 41, 42, 43, 44, 45, 46, 47, 48, 49, 50, 51, 52, 53, 54, 55, 56, 57, 58, 59, 60, 61, 62, 63, 64, 65, 66, 67, 68, 69, 70, 71, 72, 73, 74, 75, 76, 77, 78]}, "": {"executed_lines": [1, 3, 4, 5, 6, 8, 9, 11, 14, 15, 16, 17, 18, 19, 22, 23], "summary": {"covered_lines": 14, "num_statements": 14, "percent_covered": 100.0, "percent_covered_display": "100", "missing_lines": 0, "excluded_lines": 2}, "missing_lines": [], "excluded_lines": [22, 23]}}, "classes": {"FeedbackRequest": {"executed_lines": [], "summary": {"covered_lines": 0, "num_statements": 0, "percent_covered": 100.0, "percent_covered_display": "100", "missing_lines": 0, "excluded_lines": 0}, "missing_lines": [], "excluded_lines": []}, "": {"executed_lines": [1, 3, 4, 5, 6, 8, 9, 11, 14, 15, 16, 17, 18, 19, 22, 23, 24, 25, 28, 30, 31, 33, 34, 35, 37, 38, 46, 47, 48, 49, 50, 51, 52, 55, 56, 57, 58, 64, 65, 75, 76, 77, 78], "summary": {"covered_lines": 14, "num_statements": 14, "percent_covered": 100.0, "percent_covered_display": "100", "missing_lines": 0, "excluded_lines": 57}, "missing_lines": [], "excluded_lines": [22, 23, 24, 25, 26, 27, 28, 29, 30, 31, 32, 33, 34, 35, 36, 37, 38, 39, 40, 41, 42, 43, 44, 45, 46, 47, 48, 49, 50, 51, 52, 53, 54, 55, 56, 57, 58, 59, 60, 61, 62, 63, 64, 65, 66, 67, 68, 69, 70, 71, 72, 73, 74, 75, 76, 77, 78]}}}, "backend/app/api/ingest.py": {"executed_lines": [1, 3, 4, 6, 7, 9, 12, 13, 14, 15, 16, 17, 18, 19, 22, 23, 29, 30, 31, 32, 33, 34, 37, 38, 43, 44, 45, 46, 47, 50, 53, 54, 55, 56, 65], "summary": {"covered_lines": 35, "num_statements": 41, "percent_covered": 85.36585365853658, "percent_covered_display": "85", "missing_lines": 6, "excluded_lines": 0}, "missing_lines": [39, 40, 66, 67, 68, 69], "excluded_lines": [], "functions": {"garments_ingest": {"executed_lines": [29, 30, 31, 32, 33, 34, 37, 38, 43, 44, 45, 46, 47, 50, 53, 54, 55, 56, 65], "summary": {"covered_lines": 19, "num_statements": 25, "percent_covered": 76.0, "percent_covered_display": "76", "missing_lines": 6, "excluded_lines": 0}, "missing_lines": [39, 40, 66, 67, 68, 69], "excluded_lines": []}, "": {"executed_lines": [1, 3, 4, 6, 7, 9, 12, 13, 14, 15, 16, 17, 18, 19, 22, 23], "summary": {"covered_lines": 16, "num_statements": 16, "percent_covered": 100.0, "percent_covered_display": "100", "missing_lines": 0, "excluded_lines": 0}, "missing_lines": [], "excluded_lines": []}}, "classes": {"IngestRequest": {"executed_lines": [], "summary": {"covered_lines": 0, "num_statements": 0, "percent_covered": 100.0, "percent_covered_display": "100", "missing_lines": 0, "excluded_lines": 0}, "missing_lines": [], "excluded_lines": []}, "": {"executed_lines": [1, 3, 4, 6, 7, 9, 12, 13, 14, 15, 16, 17, 18, 19, 22, 23, 29, 30, 31, 32, 33, 34, 37, 38, 43, 44, 45, 46, 47, 50, 53, 54, 55, 56, 65], "summary": {"covered_lines": 35, "num_statements": 41, "percent_covered": 85.36585365853658, "percent_covered_display": "85", "missing_lines": 6, "excluded_lines": 0}, "missing_lines": [39, 40, 66, 67, 68, 69], "excluded_lines": []}}}, "backend/app/api/inventory.py": {"executed_lines": [1, 3, 4, 5, 6, 8, 9, 10, 11, 13, 14, 15, 21, 22, 28, 29, 31, 34, 36, 38, 44, 52, 53, 55, 56, 64, 72, 73, 74, 83, 84, 85, 86, 87, 90, 91, 92, 93, 95, 96, 97, 98, 100, 101, 110, 111, 112, 113, 116, 117, 143, 144, 145, 146, 147, 150, 151, 152, 153, 154, 155, 156, 157, 158, 164, 165, 167, 170, 172, 173, 174, 175, 178, 180, 181, 182, 183, 186, 187, 190, 191, 192, 196, 197, 204, 205, 206, 210, 211, 220, 221, 224, 225, 226, 227, 231, 232, 233, 235, 237, 240, 241, 242, 243, 244, 250, 251, 252, 253, 254, 255, 256, 257, 258, 260, 261, 266, 270, 273, 283, 284, 285, 286, 289, 290, 293, 294, 295, 296, 298, 299, 300, 315, 316, 319, 320, 321, 322, 324, 325, 326, 343, 344, 345, 346, 348, 349, 350, 353, 354, 357, 360, 361, 362, 363, 364, 365, 370, 371, 372, 373, 374, 375, 376, 377, 378, 380, 381, 382, 383], "summary": {"covered_lines": 170, "num_statements": 217, "percent_covered": 78.3410138248848, "percent_covered_display": "78", "missing_lines": 47, "excluded_lines": 0}, "missing_lines": [54, 57, 58, 59, 60, 61, 62, 63, 99, 118, 119, 120, 121, 122, 123, 124, 127, 128, 129, 130, 139, 140, 160, 161, 162, 163, 166, 171, 179, 184, 185, 188, 189, 193, 194, 195, 207, 208, 209, 223, 234, 236, 267, 268, 269, 297, 323], "excluded_lines": [], "functions": {"_ensure_inventory_tables": {"executed_lines": [36, 38], "summary": {"covered_lines": 2, "num_statements": 2, "percent_covered": 100.0, "percent_covered_display": "100", "missing_lines": 0, "excluded_lines": 0}, "missing_lines": [], "excluded_lines": []}, "_upsert_inventory_image": {"executed_lines": [52, 53, 55, 56, 64, 72, 73, 74], "summary": {"covered_lines": 8, "num_statements": 16, "percent_covered": 50.0, "percent_covered_display": "50", "missing_lines": 8, "excluded_lines": 0}, "missing_lines": [54, 57, 58, 59, 60, 61, 62, 63], "excluded_lines": []}, "inventory_upload": {"executed_lines": [92, 93, 95, 96, 97, 98, 100, 101], "summary": {"covered_lines": 8, "num_statements": 9, "percent_covered": 88.88888888888889, "percent_covered_display": "89", "missing_lines": 1, "excluded_lines": 0}, "missing_lines": [99], "excluded_lines": []}, "inventory_batch_upload": {"executed_lines": [], "summary": {"covered_lines": 0, "num_statements": 13, "percent_covered": 0.0, "percent_covered_display": "0", "missing_lines": 13, "excluded_lines": 0}, "missing_lines": [118, 119, 120, 121, 122, 123, 124, 127, 128, 129, 130, 139, 140], "excluded_lines": []}, "inventory_process": {"executed_lines": [152, 153, 154, 155, 156, 157, 158, 164, 165, 167, 170, 172, 173, 174, 175, 178, 180, 181, 182, 183, 186, 187, 190, 191, 192, 196, 197, 204, 205, 206, 210, 211, 220, 221, 224, 225, 226, 227, 231, 232, 233, 235, 237, 240, 241, 242, 243, 244, 250, 251, 252, 253, 254, 255, 256, 257, 258, 260, 261, 266, 270, 273, 283, 284, 285, 286], "summary": {"covered_lines": 66, "num_statements": 89, "percent_covered": 74.15730337078652, "percent_covered_display": "74", "missing_lines": 23, "excluded_lines": 0}, "missing_lines": [160, 161, 162, 163, 166, 171, 179, 184, 185, 188, 189, 193, 194, 195, 207, 208, 209, 223, 234, 236, 267, 268, 269], "excluded_lines": []}, "inventory_images": {"executed_lines": [293, 294, 295, 296, 298, 299, 300], "summary": {"covered_lines": 7, "num_statements": 8, "percent_covered": 87.5, "percent_covered_display": "88", "missing_lines": 1, "excluded_lines": 0}, "missing_lines": [297], "excluded_lines": []}, "inventory_items": {"executed_lines": [319, 320, 321, 322, 324, 325, 326], "summary": {"covered_lines": 7, "num_statements": 8, "percent_covered": 87.5, "percent_covered_display": "88", "missing_lines": 1, "excluded_lines": 0}, "missing_lines": [323], "excluded_lines": []}, "inventory_stats": {"executed_lines": [345, 346, 348, 349, 350, 353, 354, 357, 360, 361, 362, 363, 364, 365, 370, 371, 372, 373, 374, 375, 376, 377, 378, 380, 381, 382, 383], "summary": {"covered_lines": 27, "num_statements": 27, "percent_covered": 100.0, "percent_covered_display": "100", "missing_lines": 0, "excluded_lines": 0}, "missing_lines": [], "excluded_lines": []}, "": {"executed_lines": [1, 3, 4, 5, 6, 8, 9, 10, 11, 13, 14, 15, 21, 22, 28, 29, 31, 34, 44, 83, 84, 85, 86, 87, 90, 91, 110, 111, 112, 113, 116, 117, 143, 144, 145, 146, 147, 150, 151, 289, 290, 315, 316, 343, 344], "summary": {"covered_lines": 45, "num_statements": 45, "percent_covered": 100.0, "percent_covered_display": "100", "missing_lines": 0, "excluded_lines": 0}, "missing_lines": [], "excluded_lines": []}}, "classes": {"InventoryUploadRequest": {"executed_lines": [], "summary": {"covered_lines": 0, "num_statements": 0, "percent_covered": 100.0, "percent_covered_display": "100", "missing_lines": 0, "excluded_lines": 0}, "missing_lines": [], "excluded_lines": []}, "InventoryBatchUploadRequest": {"executed_lines": [], "summary": {"covered_lines": 0, "num_statements": 0, "percent_covered": 100.0, "percent_covered_display": "100", "missing_lines": 0, "excluded_lines": 0}, "missing_lines": [], "excluded_lines": []}, "InventoryProcessRequest": {"executed_lines": [], "summary": {"covered_lines": 0, "num_statements": 0, "percent_covered": 100.0, "percent_covered_display": "100", "missing_lines": 0, "excluded_lines": 0}, "missing_lines": [], "excluded_lines": []}, "": {"executed_lines": [1, 3, 4, 5, 6, 8, 9, 10, 11, 13, 14, 15, 21, 22, 28, 29, 31, 34, 36, 38, 44, 52, 53, 55, 56, 64, 72, 73, 74, 83, 84, 85, 86, 87, 90, 91, 92, 93, 95, 96, 97, 98, 100, 101, 110, 111, 112, 113, 116, 117, 143, 144, 145, 146, 147, 150, 151, 152, 153, 154, 155, 156, 157, 158, 164, 165, 167, 170, 172, 173, 174, 175, 178, 180, 181, 182, 183, 186, 187, 190, 191, 192, 196, 197, 204, 205, 206, 210, 211, 220, 221, 224, 225, 226, 227, 231, 232, 233, 235, 237, 240, 241, 242, 243, 244, 250, 251, 252, 253, 254, 255, 256, 257, 258, 260, 261, 266, 270, 273, 283, 284, 285, 286, 289, 290, 293, 294, 295, 296, 298, 299, 300, 315, 316, 319, 320, 321, 322, 324, 325, 326, 343, 344, 345, 346, 348, 349, 350, 353, 354, 357, 360, 361, 362, 363, 364, 365, 370, 371, 372, 373, 374, 375, 376, 377, 378, 380, 381, 382, 383], "summary": {"covered_lines": 170, "num_statements": 217, "percent_covered": 78.3410138248848, "percent_covered_display": "78", "missing_lines": 47, "excluded_lines": 0}, "missing_lines": [54, 57, 58, 59, 60, 61, 62, 63, 99, 118, 119, 120, 121, 122, 123, 124, 127, 128, 129, 130, 139, 140, 160, 161, 162, 163, 166, 171, 179, 184, 185, 188, 189, 193, 194, 195, 207, 208, 209, 223, 234, 236, 267, 268, 269, 297, 323], "excluded_lines": []}}}, "backend/app/api/search.py": {"executed_lines": [1, 3, 5, 6, 8, 9, 12, 18, 19, 21, 23, 24, 25, 26, 27, 29, 30, 31, 34, 36, 37, 39, 40, 45, 54, 55, 56, 57, 58, 59, 68, 69, 70, 72, 73, 74, 75, 76, 92, 97, 98, 119, 120, 122, 123, 125, 126, 128, 130, 131, 132, 133, 134, 135, 141, 144, 145, 146, 147, 148, 149, 152, 153, 154, 155, 156, 157, 158, 159, 160, 161, 162, 163, 164, 167, 168, 169, 170, 171, 172, 173, 174, 175, 178, 179, 180, 182, 183, 184, 185, 186, 198, 199, 202, 203, 204, 205, 207, 208, 209], "summary": {"covered_lines": 91, "num_statements": 102, "percent_covered": 89.2156862745098, "percent_covered_display": "89", "missing_lines": 11, "excluded_lines": 27}, "missing_lines": [20, 22, 38, 124, 127, 136, 137, 138, 181, 210, 211], "excluded_lines": [68, 69, 70, 71, 72, 73, 74, 75, 76, 77, 78, 79, 80, 81, 82, 83, 84, 85, 86, 87, 88, 89, 90, 91, 92, 93, 94], "functions": {"_is_ambiguous": {"executed_lines": [18, 19, 21, 23, 24, 25, 26, 27, 29, 30, 31], "summary": {"covered_lines": 11, "num_statements": 13, "percent_covered": 84.61538461538461, "percent_covered_display": "85", "missing_lines": 2, "excluded_lines": 0}, "missing_lines": [20, 22], "excluded_lines": []}, "_clarify_query": {"executed_lines": [36, 37, 39, 40, 45, 54, 55, 56, 57, 58, 59], "summary": {"covered_lines": 11, "num_statements": 12, "percent_covered": 91.66666666666667, "percent_covered_display": "92", "missing_lines": 1, "excluded_lines": 0}, "missing_lines": [38], "excluded_lines": []}, "_build_fashion_vocab": {"executed_lines": [69, 70, 72, 73, 74, 75, 76, 92], "summary": {"covered_lines": 0, "num_statements": 0, "percent_covered": 100.0, "percent_covered_display": "100", "missing_lines": 0, "excluded_lines": 26}, "missing_lines": [], "excluded_lines": [69, 70, 71, 72, 73, 74, 75, 76, 77, 78, 79, 80, 81, 82, 83, 84, 85, 86, 87, 88, 89, 90, 91, 92, 93, 94]}, "_is_off_topic": {"executed_lines": [120, 122, 123, 125, 126, 128, 130, 131, 132, 133, 134, 135], "summary": {"covered_lines": 12, "num_statements": 17, "percent_covered": 70.58823529411765, "percent_covered_display": "71", "missing_lines": 5, "excluded_lines": 0}, "missing_lines": [124, 127, 136, 137, 138], "excluded_lines": []}, "search": {"executed_lines": [180, 182, 183, 184, 185, 186, 198, 199, 202, 203, 204, 205, 207, 208, 209], "summary": {"covered_lines": 15, "num_statements": 18, "percent_covered": 83.33333333333333, "percent_covered_display": "83", "missing_lines": 3, "excluded_lines": 0}, "missing_lines": [181, 210, 211], "excluded_lines": []}, "": {"executed_lines": [1, 3, 5, 6, 8, 9, 12, 34, 68, 97, 98, 119, 141, 144, 145, 146, 147, 148, 149, 152, 153, 154, 155, 156, 157, 158, 159, 160, 161, 162, 163, 164, 167, 168, 169, 170, 171, 172, 173, 174, 175, 178, 179], "summary": {"covered_lines": 42, "num_statements": 42, "percent_covered": 100.0, "percent_covered_display": "100", "missing_lines": 0, "excluded_lines": 1}, "missing_lines": [], "excluded_lines": [68]}}, "classes": {"SearchRequest": {"executed_lines": [], "summary": {"covered_lines": 0, "num_statements": 0, "percent_covered": 100.0, "percent_covered_display": "100", "missing_lines": 0, "excluded_lines": 0}, "missing_lines": [], "excluded_lines": []}, "SearchResultItem": {"executed_lines": [], "summary": {"covered_lines": 0, "num_statements": 0, "percent_covered": 100.0, "percent_covered_display": "100", "missing_lines": 0, "excluded_lines": 0}, "missing_lines": [], "excluded_lines": []}, "SearchResponse": {"executed_lines": [], "summary": {"covered_lines": 0, "num_statements": 0, "percent_covered": 100.0, "percent_covered_display": "100", "missing_lines": 0, "excluded_lines": 0}, "missing_lines": [], "excluded_lines": []}, "": {"executed_lines": [1, 3, 5, 6, 8, 9, 12, 18, 19, 21, 23, 24, 25, 26, 27, 29, 30, 31, 34, 36, 37, 39, 40, 45, 54, 55, 56, 57, 58, 59, 68, 69, 70, 72, 73, 74, 75, 76, 92, 97, 98, 119, 120, 122, 123, 125, 126, 128, 130, 131, 132, 133, 134, 135, 141, 144, 145, 146, 147, 148, 149, 152, 153, 154, 155, 156, 157, 158, 159, 160, 161, 162, 163, 164, 167, 168, 169, 170, 171, 172, 173, 174, 175, 178, 179, 180, 182, 183, 184, 185, 186, 198, 199, 202, 203, 204, 205, 207, 208, 209], "summary": {"covered_lines": 91, "num_statements": 102, "percent_covered": 89.2156862745098, "percent_covered_display": "89", "missing_lines": 11, "excluded_lines": 27}, "missing_lines": [20, 22, 38, 124, 127, 136, 137, 138, 181, 210, 211], "excluded_lines": [68, 69, 70, 71, 72, 73, 74, 75, 76, 77, 78, 79, 80, 81, 82, 83, 84, 85, 86, 87, 88, 89, 90, 91, 92, 93, 94]}}}, "backend/app/api/user_profile.py": {"executed_lines": [1, 3, 5, 6, 7, 9, 10, 11, 12, 15, 17, 24, 27, 28, 32, 33, 34, 37, 38, 39, 40, 41, 42, 49, 50, 51, 52, 55, 56, 57, 59, 60, 62, 63, 70, 73, 74], "summary": {"covered_lines": 37, "num_statements": 46, "percent_covered": 80.43478260869566, "percent_covered_display": "80", "missing_lines": 9, "excluded_lines": 2}, "missing_lines": [29, 45, 46, 66, 67, 83, 84, 85, 86], "excluded_lines": [68, 69], "functions": {"user_ping": {"executed_lines": [], "summary": {"covered_lines": 0, "num_statements": 1, "percent_covered": 0.0, "percent_covered_display": "0", "missing_lines": 1, "excluded_lines": 0}, "missing_lines": [29], "excluded_lines": []}, "preferences_extract": {"executed_lines": [39, 40, 41, 42], "summary": {"covered_lines": 4, "num_statements": 6, "percent_covered": 66.66666666666667, "percent_covered_display": "67", "missing_lines": 2, "excluded_lines": 0}, "missing_lines": [45, 46], "excluded_lines": []}, "refresh_description": {"executed_lines": [57, 59, 60, 62, 63, 70, 73, 74], "summary": {"covered_lines": 8, "num_statements": 14, "percent_covered": 57.142857142857146, "percent_covered_display": "57", "missing_lines": 6, "excluded_lines": 2}, "missing_lines": [66, 67, 83, 84, 85, 86], "excluded_lines": [68, 69]}, "": {"executed_lines": [1, 3, 5, 6, 7, 9, 10, 11, 12, 15, 17, 24, 27, 28, 32, 33, 34, 37, 38, 49, 50, 51, 52, 55, 56], "summary": {"covered_lines": 25, "num_statements": 25, "percent_covered": 100.0, "percent_covered_display": "100", "missing_lines": 0, "excluded_lines": 0}, "missing_lines": [], "excluded_lines": []}}, "classes": {"PreferenceExtractRequest": {"executed_lines": [], "summary": {"covered_lines": 0, "num_statements": 0, "percent_covered": 100.0, "percent_covered_display": "100", "missing_lines": 0, "excluded_lines": 0}, "missing_lines": [], "excluded_lines": []}, "RefreshDescriptionRequest": {"executed_lines": [], "summary": {"covered_lines": 0, "num_statements": 0, "percent_covered": 100.0, "percent_covered_display": "100", "missing_lines": 0, "excluded_lines": 0}, "missing_lines": [], "excluded_lines": []}, "": {"executed_lines": [1, 3, 5, 6, 7, 9, 10, 11, 12, 15, 17, 24, 27, 28, 32, 33, 34, 37, 38, 39, 40, 41, 42, 49, 50, 51, 52, 55, 56, 57, 59, 60, 62, 63, 70, 73, 74], "summary": {"covered_lines": 37, "num_statements": 46, "percent_covered": 80.43478260869566, "percent_covered_display": "80", "missing_lines": 9, "excluded_lines": 2}, "missing_lines": [29, 45, 46, 66, 67, 83, 84, 85, 86], "excluded_lines": [68, 69]}}}, "backend/app/api_v2_example.py": {"executed_lines": [], "summary": {"covered_lines": 0, "num_statements": 163, "percent_covered": 0.0, "percent_covered_display": "0", "missing_lines": 163, "excluded_lines": 0}, "missing_lines": [8, 9, 11, 12, 13, 15, 16, 17, 18, 20, 24, 27, 28, 29, 30, 31, 32, 33, 34, 35, 36, 37, 38, 39, 42, 45, 46, 47, 48, 49, 50, 53, 56, 57, 58, 59, 60, 61, 62, 63, 66, 67, 68, 69, 70, 71, 72, 73, 74, 75, 76, 79, 80, 83, 86, 87, 88, 89, 90, 94, 103, 106, 108, 111, 113, 116, 118, 124, 125, 136, 138, 140, 141, 142, 145, 146, 150, 151, 154, 157, 166, 167, 169, 178, 179, 181, 191, 193, 196, 197, 198, 203, 206, 207, 208, 231, 233, 234, 236, 249, 250, 253, 254, 258, 259, 260, 262, 285, 286, 293, 295, 296, 298, 324, 325, 327, 339, 340, 343, 344, 351, 352, 353, 355, 356, 360, 361, 378, 380, 381, 384, 385, 387, 389, 392, 395, 398, 404, 407, 410, 413, 414, 417, 418, 421, 427, 429, 431, 432, 435, 436, 438, 440, 441, 444, 447, 452, 453, 456, 458, 486, 487, 491], "excluded_lines": [], "functions": {"get_db_session": {"executed_lines": [], "summary": {"covered_lines": 0, "num_statements": 1, "percent_covered": 0.0, "percent_covered_display": "0", "missing_lines": 1, "excluded_lines": 0}, "missing_lines": [103], "excluded_lines": []}, "get_search_engine": {"executed_lines": [], "summary": {"covered_lines": 0, "num_statements": 1, "percent_covered": 0.0, "percent_covered_display": "0", "missing_lines": 1, "excluded_lines": 0}, "missing_lines": [108], "excluded_lines": []}, "get_ontology_service": {"executed_lines": [], "summary": {"covered_lines": 0, "num_statements": 1, "percent_covered": 0.0, "percent_covered_display": "0", "missing_lines": 1, "excluded_lines": 0}, "missing_lines": [113], "excluded_lines": []}, "get_clip_analyzer": {"executed_lines": [], "summary": {"covered_lines": 0, "num_statements": 1, "percent_covered": 0.0, "percent_covered_display": "0", "missing_lines": 1, "excluded_lines": 0}, "missing_lines": [118], "excluded_lines": []}, "enhanced_search": {"executed_lines": [], "summary": {"covered_lines": 0, "num_statements": 32, "percent_covered": 0.0, "percent_covered_display": "0", "missing_lines": 32, "excluded_lines": 0}, "missing_lines": [136, 138, 140, 141, 142, 145, 146, 150, 151, 154, 157, 166, 167, 169, 178, 179, 181, 191, 193, 196, 197, 198, 203, 206, 207, 208, 231, 233, 234, 236, 249, 250], "excluded_lines": []}, "get_garment": {"executed_lines": [], "summary": {"covered_lines": 0, "num_statements": 4, "percent_covered": 0.0, "percent_covered_display": "0", "missing_lines": 4, "excluded_lines": 0}, "missing_lines": [258, 259, 260, 262], "excluded_lines": []}, "find_similar_garments": {"executed_lines": [], "summary": {"covered_lines": 0, "num_statements": 9, "percent_covered": 0.0, "percent_covered_display": "0", "missing_lines": 9, "excluded_lines": 0}, "missing_lines": [293, 295, 296, 298, 324, 325, 327, 339, 340], "excluded_lines": []}, "extract_garment_properties": {"executed_lines": [], "summary": {"covered_lines": 0, "num_statements": 10, "percent_covered": 0.0, "percent_covered_display": "0", "missing_lines": 10, "excluded_lines": 0}, "missing_lines": [351, 352, 353, 355, 356, 360, 361, 378, 380, 381], "excluded_lines": []}, "get_filter_options": {"executed_lines": [], "summary": {"covered_lines": 0, "num_statements": 17, "percent_covered": 0.0, "percent_covered_display": "0", "missing_lines": 17, "excluded_lines": 0}, "missing_lines": [387, 389, 392, 395, 398, 404, 407, 410, 413, 414, 417, 418, 421, 427, 429, 431, 432], "excluded_lines": []}, "get_system_stats": {"executed_lines": [], "summary": {"covered_lines": 0, "num_statements": 11, "percent_covered": 0.0, "percent_covered_display": "0", "missing_lines": 11, "excluded_lines": 0}, "missing_lines": [438, 440, 441, 444, 447, 452, 453, 456, 458, 486, 487], "excluded_lines": []}, "": {"executed_lines": [], "summary": {"covered_lines": 0, "num_statements": 76, "percent_covered": 0.0, "percent_covered_display": "0", "missing_lines": 76, "excluded_lines": 0}, "missing_lines": [8, 9, 11, 12, 13, 15, 16, 17, 18, 20, 24, 27, 28, 29, 30, 31, 32, 33, 34, 35, 36, 37, 38, 39, 42, 45, 46, 47, 48, 49, 50, 53, 56, 57, 58, 59, 60, 61, 62, 63, 66, 67, 68, 69, 70, 71, 72, 73, 74, 75, 76, 79, 80, 83, 86, 87, 88, 89, 90, 94, 106, 111, 116, 124, 125, 253, 254, 285, 286, 343, 344, 384, 385, 435, 436, 491], "excluded_lines": []}}, "classes": {"SearchFilters": {"executed_lines": [], "summary": {"covered_lines": 0, "num_statements": 0, "percent_covered": 100.0, "percent_covered_display": "100", "missing_lines": 0, "excluded_lines": 0}, "missing_lines": [], "excluded_lines": []}, "SearchRequest": {"executed_lines": [], "summary": {"covered_lines": 0, "num_statements": 0, "percent_covered": 100.0, "percent_covered_display": "100", "missing_lines": 0, "excluded_lines": 0}, "missing_lines": [], "excluded_lines": []}, "GarmentResponse": {"executed_lines": [], "summary": {"covered_lines": 0, "num_statements": 0, "percent_covered": 100.0, "percent_covered_display": "100", "missing_lines": 0, "excluded_lines": 0}, "missing_lines": [], "excluded_lines": []}, "SearchResponse": {"executed_lines": [], "summary": {"covered_lines": 0, "num_statements": 0, "percent_covered": 100.0, "percent_covered_display": "100", "missing_lines": 0, "excluded_lines": 0}, "missing_lines": [], "excluded_lines": []}, "": {"executed_lines": [], "summary": {"covered_lines": 0, "num_statements": 163, "percent_covered": 0.0, "percent_covered_display": "0", "missing_lines": 163, "excluded_lines": 0}, "missing_lines": [8, 9, 11, 12, 13, 15, 16, 17, 18, 20, 24, 27, 28, 29, 30, 31, 32, 33, 34, 35, 36, 37, 38, 39, 42, 45, 46, 47, 48, 49, 50, 53, 56, 57, 58, 59, 60, 61, 62, 63, 66, 67, 68, 69, 70, 71, 72, 73, 74, 75, 76, 79, 80, 83, 86, 87, 88, 89, 90, 94, 103, 106, 108, 111, 113, 116, 118, 124, 125, 136, 138, 140, 141, 142, 145, 146, 150, 151, 154, 157, 166, 167, 169, 178, 179, 181, 191, 193, 196, 197, 198, 203, 206, 207, 208, 231, 233, 234, 236, 249, 250, 253, 254, 258, 259, 260, 262, 285, 286, 293, 295, 296, 298, 324, 325, 327, 339, 340, 343, 344, 351, 352, 353, 355, 356, 360, 361, 378, 380, 381, 384, 385, 387, 389, 392, 395, 398, 404, 407, 410, 413, 414, 417, 418, 421, 427, 429, 431, 432, 435, 436, 438, 440, 441, 444, 447, 452, 453, 456, 458, 486, 487, 491], "excluded_lines": []}}}, "backend/app/auth.py": {"executed_lines": [1, 2, 3, 4, 5, 7, 8, 9, 11, 12, 15, 27, 57, 64], "summary": {"covered_lines": 14, "num_statements": 53, "percent_covered": 26.41509433962264, "percent_covered_display": "26", "missing_lines": 39, "excluded_lines": 2}, "missing_lines": [17, 18, 19, 20, 21, 22, 23, 24, 28, 29, 30, 31, 32, 33, 34, 35, 36, 39, 40, 41, 42, 43, 44, 45, 46, 47, 48, 49, 50, 51, 52, 53, 54, 58, 59, 60, 61, 65, 66], "excluded_lines": [37, 38], "functions": {"_fetch_jwks": {"executed_lines": [], "summary": {"covered_lines": 0, "num_statements": 8, "percent_covered": 0.0, "percent_covered_display": "0", "missing_lines": 8, "excluded_lines": 0}, "missing_lines": [17, 18, 19, 20, 21, 22, 23, 24], "excluded_lines": []}, "verify_cognito_jwt": {"executed_lines": [], "summary": {"covered_lines": 0, "num_statements": 25, "percent_covered": 0.0, "percent_covered_display": "0", "missing_lines": 25, "excluded_lines": 2}, "missing_lines": [28, 29, 30, 31, 32, 33, 34, 35, 36, 39, 40, 41, 42, 43, 44, 45, 46, 47, 48, 49, 50, 51, 52, 53, 54], "excluded_lines": [37, 38]}, "cognito_dependency": {"executed_lines": [], "summary": {"covered_lines": 0, "num_statements": 4, "percent_covered": 0.0, "percent_covered_display": "0", "missing_lines": 4, "excluded_lines": 0}, "missing_lines": [58, 59, 60, 61], "excluded_lines": []}, "build_user_key_prefix": {"executed_lines": [], "summary": {"covered_lines": 0, "num_statements": 2, "percent_covered": 0.0, "percent_covered_display": "0", "missing_lines": 2, "excluded_lines": 0}, "missing_lines": [65, 66], "excluded_lines": []}, "": {"executed_lines": [1, 2, 3, 4, 5, 7, 8, 9, 11, 12, 15, 27, 57, 64], "summary": {"covered_lines": 14, "num_statements": 14, "percent_covered": 100.0, "percent_covered_display": "100", "missing_lines": 0, "excluded_lines": 0}, "missing_lines": [], "excluded_lines": []}}, "classes": {"": {"executed_lines": [1, 2, 3, 4, 5, 7, 8, 9, 11, 12, 15, 27, 57, 64], "summary": {"covered_lines": 14, "num_statements": 53, "percent_covered": 26.41509433962264, "percent_covered_display": "26", "missing_lines": 39, "excluded_lines": 2}, "missing_lines": [17, 18, 19, 20, 21, 22, 23, 24, 28, 29, 30, 31, 32, 33, 34, 35, 36, 39, 40, 41, 42, 43, 44, 45, 46, 47, 48, 49, 50, 51, 52, 53, 54, 58, 59, 60, 61, 65, 66], "excluded_lines": [37, 38]}}}, "backend/app/color_utils.py": {"executed_lines": [1, 7, 9, 10, 12, 26, 27, 30, 32, 34, 35, 36, 37, 38, 39, 40, 41, 42, 43], "summary": {"covered_lines": 18, "num_statements": 19, "percent_covered": 94.73684210526316, "percent_covered_display": "95", "missing_lines": 1, "excluded_lines": 0}, "missing_lines": [33], "excluded_lines": [], "functions": {"_dist": {"executed_lines": [27], "summary": {"covered_lines": 1, "num_statements": 1, "percent_covered": 100.0, "percent_covered_display": "100", "missing_lines": 0, "excluded_lines": 0}, "missing_lines": [], "excluded_lines": []}, "map_rgb_to_color_name": {"executed_lines": [32, 34, 35, 36, 37, 38, 39, 40, 41, 42, 43], "summary": {"covered_lines": 11, "num_statements": 12, "percent_covered": 91.66666666666667, "percent_covered_display": "92", "missing_lines": 1, "excluded_lines": 0}, "missing_lines": [33], "excluded_lines": []}, "": {"executed_lines": [1, 7, 9, 10, 12, 26, 30], "summary": {"covered_lines": 6, "num_statements": 6, "percent_covered": 100.0, "percent_covered_display": "100", "missing_lines": 0, "excluded_lines": 0}, "missing_lines": [], "excluded_lines": []}}, "classes": {"": {"executed_lines": [1, 7, 9, 10, 12, 26, 27, 30, 32, 34, 35, 36, 37, 38, 39, 40, 41, 42, 43], "summary": {"covered_lines": 18, "num_statements": 19, "percent_covered": 94.73684210526316, "percent_covered_display": "95", "missing_lines": 1, "excluded_lines": 0}, "missing_lines": [33], "excluded_lines": []}}}, "backend/app/config.py": {"executed_lines": [1, 3, 4, 6, 9, 10, 13, 14, 15, 16, 19, 20, 21, 22, 23, 24, 25, 26, 29, 30, 31, 34, 35, 36, 39, 40, 41, 44, 45, 48, 49, 52, 53, 54, 55, 58, 59, 60, 63, 64, 65, 68, 69, 70, 72, 73, 75, 77, 78, 80, 82, 83, 85, 87, 88, 94, 95, 97, 99, 100, 104, 105, 106, 107, 111, 114, 120, 121, 123, 124, 125, 126, 129, 130, 132, 133, 134, 135, 138, 139, 141, 142, 143, 144, 147, 148, 151, 164], "summary": {"covered_lines": 83, "num_statements": 94, "percent_covered": 88.29787234042553, "percent_covered_display": "88", "missing_lines": 11, "excluded_lines": 0}, "missing_lines": [90, 91, 92, 102, 116, 153, 155, 156, 157, 158, 160], "excluded_lines": [], "functions": {"Settings.allowed_origins_list": {"executed_lines": [75], "summary": {"covered_lines": 1, "num_statements": 1, "percent_covered": 100.0, "percent_covered_display": "100", "missing_lines": 0, "excluded_lines": 0}, "missing_lines": [], "excluded_lines": []}, "Settings.allowed_methods_list": {"executed_lines": [80], "summary": {"covered_lines": 1, "num_statements": 1, "percent_covered": 100.0, "percent_covered_display": "100", "missing_lines": 0, "excluded_lines": 0}, "missing_lines": [], "excluded_lines": []}, "Settings.allowed_headers_list": {"executed_lines": [85], "summary": {"covered_lines": 1, "num_statements": 1, "percent_covered": 100.0, "percent_covered_display": "100", "missing_lines": 0, "excluded_lines": 0}, "missing_lines": [], "excluded_lines": []}, "Settings.database_url_computed": {"executed_lines": [], "summary": {"covered_lines": 0, "num_statements": 3, "percent_covered": 0.0, "percent_covered_display": "0", "missing_lines": 3, "excluded_lines": 0}, "missing_lines": [90, 91, 92], "excluded_lines": []}, "Settings.is_production": {"executed_lines": [97], "summary": {"covered_lines": 1, "num_statements": 1, "percent_covered": 100.0, "percent_covered_display": "100", "missing_lines": 0, "excluded_lines": 0}, "missing_lines": [], "excluded_lines": []}, "Settings.is_development": {"executed_lines": [], "summary": {"covered_lines": 0, "num_statements": 1, "percent_covered": 0.0, "percent_covered_display": "0", "missing_lines": 1, "excluded_lines": 0}, "missing_lines": [102], "excluded_lines": []}, "get_settings": {"executed_lines": [], "summary": {"covered_lines": 0, "num_statements": 1, "percent_covered": 0.0, "percent_covered_display": "0", "missing_lines": 1, "excluded_lines": 0}, "missing_lines": [116], "excluded_lines": []}, "get_environment_settings": {"executed_lines": [], "summary": {"covered_lines": 0, "num_statements": 6, "percent_covered": 0.0, "percent_covered_display": "0", "missing_lines": 6, "excluded_lines": 0}, "missing_lines": [153, 155, 156, 157, 158, 160], "excluded_lines": []}, "": {"executed_lines": [1, 3, 4, 6, 9, 10, 13, 14, 15, 16, 19, 20, 21, 22, 23, 24, 25, 26, 29, 30, 31, 34, 35, 36, 39, 40, 41, 44, 45, 48, 49, 52, 53, 54, 55, 58, 59, 60, 63, 64, 65, 68, 69, 70, 72, 73, 77, 78, 82, 83, 87, 88, 94, 95, 99, 100, 104, 105, 106, 107, 111, 114, 120, 121, 123, 124, 125, 126, 129, 130, 132, 133, 134, 135, 138, 139, 141, 142, 143, 144, 147, 148, 151, 164], "summary": {"covered_lines": 79, "num_statements": 79, "percent_covered": 100.0, "percent_covered_display": "100", "missing_lines": 0, "excluded_lines": 0}, "missing_lines": [], "excluded_lines": []}}, "classes": {"Settings": {"executed_lines": [75, 80, 85, 97], "summary": {"covered_lines": 4, "num_statements": 8, "percent_covered": 50.0, "percent_covered_display": "50", "missing_lines": 4, "excluded_lines": 0}, "missing_lines": [90, 91, 92, 102], "excluded_lines": []}, "Settings.Config": {"executed_lines": [], "summary": {"covered_lines": 0, "num_statements": 0, "percent_covered": 100.0, "percent_covered_display": "100", "missing_lines": 0, "excluded_lines": 0}, "missing_lines": [], "excluded_lines": []}, "DevelopmentSettings": {"executed_lines": [], "summary": {"covered_lines": 0, "num_statements": 0, "percent_covered": 100.0, "percent_covered_display": "100", "missing_lines": 0, "excluded_lines": 0}, "missing_lines": [], "excluded_lines": []}, "ProductionSettings": {"executed_lines": [], "summary": {"covered_lines": 0, "num_statements": 0, "percent_covered": 100.0, "percent_covered_display": "100", "missing_lines": 0, "excluded_lines": 0}, "missing_lines": [], "excluded_lines": []}, "TestSettings": {"executed_lines": [], "summary": {"covered_lines": 0, "num_statements": 0, "percent_covered": 100.0, "percent_covered_display": "100", "missing_lines": 0, "excluded_lines": 0}, "missing_lines": [], "excluded_lines": []}, "": {"executed_lines": [1, 3, 4, 6, 9, 10, 13, 14, 15, 16, 19, 20, 21, 22, 23, 24, 25, 26, 29, 30, 31, 34, 35, 36, 39, 40, 41, 44, 45, 48, 49, 52, 53, 54, 55, 58, 59, 60, 63, 64, 65, 68, 69, 70, 72, 73, 77, 78, 82, 83, 87, 88, 94, 95, 99, 100, 104, 105, 106, 107, 111, 114, 120, 121, 123, 124, 125, 126, 129, 130, 132, 133, 134, 135, 138, 139, 141, 142, 143, 144, 147, 148, 151, 164], "summary": {"covered_lines": 79, "num_statements": 86, "percent_covered": 91.86046511627907, "percent_covered_display": "92", "missing_lines": 7, "excluded_lines": 0}, "missing_lines": [116, 153, 155, 156, 157, 158, 160], "excluded_lines": []}}}, "backend/app/core.py": {"executed_lines": [1, 3, 5, 7, 9, 10, 13, 15, 16, 18, 19, 22, 23, 24, 26, 27, 28, 30, 31, 34], "summary": {"covered_lines": 20, "num_statements": 26, "percent_covered": 76.92307692307692, "percent_covered_display": "77", "missing_lines": 6, "excluded_lines": 0}, "missing_lines": [17, 25, 29, 35, 36, 37], "excluded_lines": [], "functions": {"get_client": {"executed_lines": [15, 16, 18, 19], "summary": {"covered_lines": 4, "num_statements": 5, "percent_covered": 80.0, "percent_covered_display": "80", "missing_lines": 1, "excluded_lines": 0}, "missing_lines": [17], "excluded_lines": []}, "embed_text_cached": {"executed_lines": [23, 24, 26, 27, 28, 30, 31], "summary": {"covered_lines": 7, "num_statements": 9, "percent_covered": 77.77777777777777, "percent_covered_display": "78", "missing_lines": 2, "excluded_lines": 0}, "missing_lines": [25, 29], "excluded_lines": []}, "clear_embedding_cache": {"executed_lines": [], "summary": {"covered_lines": 0, "num_statements": 3, "percent_covered": 0.0, "percent_covered_display": "0", "missing_lines": 3, "excluded_lines": 0}, "missing_lines": [35, 36, 37], "excluded_lines": []}, "": {"executed_lines": [1, 3, 5, 7, 9, 10, 13, 22, 34], "summary": {"covered_lines": 9, "num_statements": 9, "percent_covered": 100.0, "percent_covered_display": "100", "missing_lines": 0, "excluded_lines": 0}, "missing_lines": [], "excluded_lines": []}}, "classes": {"": {"executed_lines": [1, 3, 5, 7, 9, 10, 13, 15, 16, 18, 19, 22, 23, 24, 26, 27, 28, 30, 31, 34], "summary": {"covered_lines": 20, "num_statements": 26, "percent_covered": 76.92307692307692, "percent_covered_display": "77", "missing_lines": 6, "excluded_lines": 0}, "missing_lines": [17, 25, 29, 35, 36, 37], "excluded_lines": []}}}, "backend/app/db_models.py": {"executed_lines": [1, 3, 5, 6, 8, 19, 21, 22, 24, 33, 36, 37, 40, 41, 42, 43, 44, 45, 46, 47, 48, 51, 52, 55, 56, 57, 60, 61, 62, 63, 64, 65, 66, 67, 68, 69, 70, 71, 72, 73, 74, 75, 76, 77, 79, 80, 81, 86, 87, 89, 90, 91, 92, 93, 94, 95, 96, 97, 98, 101, 104, 105, 107, 108, 109, 112, 115, 118, 121, 124, 125, 127, 128, 129, 130, 133, 134, 135, 136, 137, 138, 141, 142, 143, 144, 147, 150, 151, 152, 153, 156, 157, 158, 159, 160, 163, 164, 165, 168, 169, 172, 173, 174, 175, 176, 180, 181, 182, 183], "summary": {"covered_lines": 106, "num_statements": 110, "percent_covered": 96.36363636363636, "percent_covered_display": "96", "missing_lines": 4, "excluded_lines": 0}, "missing_lines": [25, 26, 29, 30], "excluded_lines": [], "functions": {"": {"executed_lines": [1, 3, 5, 6, 8, 19, 21, 22, 24, 33, 36, 37, 40, 41, 42, 43, 44, 45, 46, 47, 48, 51, 52, 55, 56, 57, 60, 61, 62, 63, 64, 65, 66, 67, 68, 69, 70, 71, 72, 73, 74, 75, 76, 77, 79, 80, 81, 86, 87, 89, 90, 91, 92, 93, 94, 95, 96, 97, 98, 101, 104, 105, 107, 108, 109, 112, 115, 118, 121, 124, 125, 127, 128, 129, 130, 133, 134, 135, 136, 137, 138, 141, 142, 143, 144, 147, 150, 151, 152, 153, 156, 157, 158, 159, 160, 163, 164, 165, 168, 169, 172, 173, 174, 175, 176, 180, 181, 182, 183], "summary": {"covered_lines": 106, "num_statements": 110, "percent_covered": 96.36363636363636, "percent_covered_display": "96", "missing_lines": 4, "excluded_lines": 0}, "missing_lines": [25, 26, 29, 30], "excluded_lines": []}}, "classes": {"Base": {"executed_lines": [], "summary": {"covered_lines": 0, "num_statements": 0, "percent_covered": 100.0, "percent_covered_display": "100", "missing_lines": 0, "excluded_lines": 0}, "missing_lines": [], "excluded_lines": []}, "Garment": {"executed_lines": [], "summary": {"covered_lines": 0, "num_statements": 0, "percent_covered": 100.0, "percent_covered_display": "100", "missing_lines": 0, "excluded_lines": 0}, "missing_lines": [], "excluded_lines": []}, "InventoryImage": {"executed_lines": [], "summary": {"covered_lines": 0, "num_statements": 0, "percent_covered": 100.0, "percent_covered_display": "100", "missing_lines": 0, "excluded_lines": 0}, "missing_lines": [], "excluded_lines": []}, "InventoryItem": {"executed_lines": [], "summary": {"covered_lines": 0, "num_statements": 0, "percent_covered": 100.0, "percent_covered_display": "100", "missing_lines": 0, "excluded_lines": 0}, "missing_lines": [], "excluded_lines": []}, "AttributeValue": {"executed_lines": [], "summary": {"covered_lines": 0, "num_statements": 0, "percent_covered": 100.0, "percent_covered_display": "100", "missing_lines": 0, "excluded_lines": 0}, "missing_lines": [], "excluded_lines": []}, "GarmentAttribute": {"executed_lines": [], "summary": {"covered_lines": 0, "num_statements": 0, "percent_covered": 100.0, "percent_covered_display": "100", "missing_lines": 0, "excluded_lines": 0}, "missing_lines": [], "excluded_lines": []}, "UserPreference": {"executed_lines": [], "summary": {"covered_lines": 0, "num_statements": 0, "percent_covered": 100.0, "percent_covered_display": "100", "missing_lines": 0, "excluded_lines": 0}, "missing_lines": [], "excluded_lines": []}, "InteractionEvent": {"executed_lines": [], "summary": {"covered_lines": 0, "num_statements": 0, "percent_covered": 100.0, "percent_covered_display": "100", "missing_lines": 0, "excluded_lines": 0}, "missing_lines": [], "excluded_lines": []}, "": {"executed_lines": [1, 3, 5, 6, 8, 19, 21, 22, 24, 33, 36, 37, 40, 41, 42, 43, 44, 45, 46, 47, 48, 51, 52, 55, 56, 57, 60, 61, 62, 63, 64, 65, 66, 67, 68, 69, 70, 71, 72, 73, 74, 75, 76, 77, 79, 80, 81, 86, 87, 89, 90, 91, 92, 93, 94, 95, 96, 97, 98, 101, 104, 105, 107, 108, 109, 112, 115, 118, 121, 124, 125, 127, 128, 129, 130, 133, 134, 135, 136, 137, 138, 141, 142, 143, 144, 147, 150, 151, 152, 153, 156, 157, 158, 159, 160, 163, 164, 165, 168, 169, 172, 173, 174, 175, 176, 180, 181, 182, 183], "summary": {"covered_lines": 106, "num_statements": 110, "percent_covered": 96.36363636363636, "percent_covered_display": "96", "missing_lines": 4, "excluded_lines": 0}, "missing_lines": [25, 26, 29, 30], "excluded_lines": []}}}, "backend/app/describe_images.py": {"executed_lines": [1, 21, 23, 24, 25, 26, 27, 28, 29, 30, 32, 33, 37, 38, 39, 40, 51, 57, 58, 62, 76, 77, 79, 82, 83, 84, 85, 86, 87, 88, 94, 101, 102, 103, 104, 105, 108, 128, 138, 260], "summary": {"covered_lines": 38, "num_statements": 150, "percent_covered": 25.333333333333332, "percent_covered_display": "25", "missing_lines": 112, "excluded_lines": 4}, "missing_lines": [52, 53, 54, 78, 89, 90, 91, 95, 97, 98, 109, 110, 111, 112, 114, 115, 116, 117, 118, 123, 124, 125, 129, 131, 135, 139, 140, 141, 142, 143, 144, 145, 146, 147, 152, 154, 155, 156, 158, 159, 160, 162, 163, 164, 165, 166, 167, 168, 170, 171, 174, 175, 177, 178, 180, 181, 183, 184, 186, 187, 188, 189, 190, 191, 192, 194, 195, 196, 197, 198, 200, 202, 203, 204, 205, 207, 210, 211, 212, 213, 215, 216, 217, 218, 219, 220, 221, 223, 224, 225, 226, 227, 228, 231, 233, 235, 238, 239, 240, 242, 243, 244, 245, 246, 247, 248, 251, 253, 254, 255, 256, 257], "excluded_lines": [34, 35, 260, 261], "functions": {"iter_images": {"executed_lines": [], "summary": {"covered_lines": 0, "num_statements": 3, "percent_covered": 0.0, "percent_covered_display": "0", "missing_lines": 3, "excluded_lines": 0}, "missing_lines": [52, 53, 54], "excluded_lines": []}, "describe_image": {"executed_lines": [58, 62, 76, 77, 79], "summary": {"covered_lines": 5, "num_statements": 6, "percent_covered": 83.33333333333333, "percent_covered_display": "83", "missing_lines": 1, "excluded_lines": 0}, "missing_lines": [78], "excluded_lines": []}, "embed_text": {"executed_lines": [83, 84, 85, 86, 87, 88], "summary": {"covered_lines": 6, "num_statements": 9, "percent_covered": 66.66666666666667, "percent_covered_display": "67", "missing_lines": 3, "excluded_lines": 0}, "missing_lines": [89, 90, 91], "excluded_lines": []}, "compute_image_hash": {"executed_lines": [], "summary": {"covered_lines": 0, "num_statements": 3, "percent_covered": 0.0, "percent_covered_display": "0", "missing_lines": 3, "excluded_lines": 0}, "missing_lines": [95, 97, 98], "excluded_lines": []}, "load_cache": {"executed_lines": [], "summary": {"covered_lines": 0, "num_statements": 12, "percent_covered": 0.0, "percent_covered_display": "0", "missing_lines": 12, "excluded_lines": 0}, "missing_lines": [109, 110, 111, 112, 114, 115, 116, 117, 118, 123, 124, 125], "excluded_lines": []}, "save_cache": {"executed_lines": [], "summary": {"covered_lines": 0, "num_statements": 3, "percent_covered": 0.0, "percent_covered_display": "0", "missing_lines": 3, "excluded_lines": 0}, "missing_lines": [129, 131, 135], "excluded_lines": []}, "main": {"executed_lines": [], "summary": {"covered_lines": 0, "num_statements": 87, "percent_covered": 0.0, "percent_covered_display": "0", "missing_lines": 87, "excluded_lines": 0}, "missing_lines": [139, 140, 141, 142, 143, 144, 145, 146, 147, 152, 154, 155, 156, 158, 159, 160, 162, 163, 164, 165, 166, 167, 168, 170, 171, 174, 175, 177, 178, 180, 181, 183, 184, 186, 187, 188, 189, 190, 191, 192, 194, 195, 196, 197, 198, 200, 202, 203, 204, 205, 207, 210, 211, 212, 213, 215, 216, 217, 218, 219, 220, 221, 223, 224, 225, 226, 227, 228, 231, 233, 235, 238, 239, 240, 242, 243, 244, 245, 246, 247, 248, 251, 253, 254, 255, 256, 257], "excluded_lines": []}, "": {"executed_lines": [1, 21, 23, 24, 25, 26, 27, 28, 29, 30, 32, 33, 37, 38, 39, 40, 51, 57, 82, 94, 101, 102, 103, 104, 105, 108, 128, 138, 260], "summary": {"covered_lines": 27, "num_statements": 27, "percent_covered": 100.0, "percent_covered_display": "100", "missing_lines": 0, "excluded_lines": 4}, "missing_lines": [], "excluded_lines": [34, 35, 260, 261]}}, "classes": {"CacheEntry": {"executed_lines": [], "summary": {"covered_lines": 0, "num_statements": 0, "percent_covered": 100.0, "percent_covered_display": "100", "missing_lines": 0, "excluded_lines": 0}, "missing_lines": [], "excluded_lines": []}, "": {"executed_lines": [1, 21, 23, 24, 25, 26, 27, 28, 29, 30, 32, 33, 37, 38, 39, 40, 51, 57, 58, 62, 76, 77, 79, 82, 83, 84, 85, 86, 87, 88, 94, 101, 102, 103, 104, 105, 108, 128, 138, 260], "summary": {"covered_lines": 38, "num_statements": 150, "percent_covered": 25.333333333333332, "percent_covered_display": "25", "missing_lines": 112, "excluded_lines": 4}, "missing_lines": [52, 53, 54, 78, 89, 90, 91, 95, 97, 98, 109, 110, 111, 112, 114, 115, 116, 117, 118, 123, 124, 125, 129, 131, 135, 139, 140, 141, 142, 143, 144, 145, 146, 147, 152, 154, 155, 156, 158, 159, 160, 162, 163, 164, 165, 166, 167, 168, 170, 171, 174, 175, 177, 178, 180, 181, 183, 184, 186, 187, 188, 189, 190, 191, 192, 194, 195, 196, 197, 198, 200, 202, 203, 204, 205, 207, 210, 211, 212, 213, 215, 216, 217, 218, 219, 220, 221, 223, 224, 225, 226, 227, 228, 231, 233, 235, 238, 239, 240, 242, 243, 244, 245, 246, 247, 248, 251, 253, 254, 255, 256, 257], "excluded_lines": [34, 35, 260, 261]}}}, "backend/app/extractor_schema.py": {"executed_lines": [1, 3, 5], "summary": {"covered_lines": 2, "num_statements": 2, "percent_covered": 100.0, "percent_covered_display": "100", "missing_lines": 0, "excluded_lines": 0}, "missing_lines": [], "excluded_lines": [], "functions": {"": {"executed_lines": [1, 3, 5], "summary": {"covered_lines": 2, "num_statements": 2, "percent_covered": 100.0, "percent_covered_display": "100", "missing_lines": 0, "excluded_lines": 0}, "missing_lines": [], "excluded_lines": []}}, "classes": {"": {"executed_lines": [1, 3, 5], "summary": {"covered_lines": 2, "num_statements": 2, "percent_covered": 100.0, "percent_covered_display": "100", "missing_lines": 0, "excluded_lines": 0}, "missing_lines": [], "excluded_lines": []}}}, "backend/app/health.py": {"executed_lines": [], "summary": {"covered_lines": 0, "num_statements": 199, "percent_covered": 0.0, "percent_covered_display": "0", "missing_lines": 199, "excluded_lines": 0}, "missing_lines": [3, 4, 5, 6, 7, 8, 9, 11, 12, 13, 14, 16, 17, 19, 22, 25, 26, 27, 30, 31, 34, 35, 36, 37, 38, 41, 44, 45, 46, 47, 48, 49, 51, 52, 55, 58, 59, 60, 62, 63, 67, 70, 72, 74, 76, 79, 81, 82, 83, 90, 91, 98, 99, 100, 101, 107, 108, 109, 112, 120, 122, 124, 125, 128, 136, 138, 142, 143, 150, 151, 158, 159, 160, 161, 169, 171, 173, 175, 178, 180, 181, 182, 190, 191, 198, 199, 200, 206, 207, 208, 209, 217, 219, 221, 222, 223, 225, 226, 227, 228, 236, 237, 239, 240, 248, 249, 250, 251, 257, 258, 259, 260, 268, 270, 272, 273, 275, 276, 277, 280, 281, 282, 283, 284, 285, 287, 288, 290, 291, 303, 304, 305, 311, 312, 313, 314, 322, 326, 335, 336, 342, 343, 344, 345, 348, 357, 359, 361, 362, 363, 373, 376, 377, 380, 381, 382, 385, 387, 388, 390, 393, 397, 400, 401, 413, 414, 417, 420, 423, 426, 444, 445, 453, 454, 456, 459, 460, 469, 470, 473, 478, 479, 481, 482, 483, 484, 491, 493, 501, 502, 504, 508, 509, 512, 513, 515, 518, 519, 527], "excluded_lines": [], "functions": {"check_database": {"executed_lines": [], "summary": {"covered_lines": 0, "num_statements": 17, "percent_covered": 0.0, "percent_covered_display": "0", "missing_lines": 17, "excluded_lines": 0}, "missing_lines": [72, 74, 76, 79, 81, 82, 83, 90, 91, 98, 99, 100, 101, 107, 108, 109, 112], "excluded_lines": []}, "check_pgvector": {"executed_lines": [], "summary": {"covered_lines": 0, "num_statements": 14, "percent_covered": 0.0, "percent_covered_display": "0", "missing_lines": 14, "excluded_lines": 0}, "missing_lines": [122, 124, 125, 128, 136, 138, 142, 143, 150, 151, 158, 159, 160, 161], "excluded_lines": []}, "check_embedding_model": {"executed_lines": [], "summary": {"covered_lines": 0, "num_statements": 16, "percent_covered": 0.0, "percent_covered_display": "0", "missing_lines": 16, "excluded_lines": 0}, "missing_lines": [171, 173, 175, 178, 180, 181, 182, 190, 191, 198, 199, 200, 206, 207, 208, 209], "excluded_lines": []}, "check_aws_s3": {"executed_lines": [], "summary": {"covered_lines": 0, "num_statements": 20, "percent_covered": 0.0, "percent_covered_display": "0", "missing_lines": 20, "excluded_lines": 0}, "missing_lines": [219, 221, 222, 223, 225, 226, 227, 228, 236, 237, 239, 240, 248, 249, 250, 251, 257, 258, 259, 260], "excluded_lines": []}, "check_memory_usage": {"executed_lines": [], "summary": {"covered_lines": 0, "num_statements": 23, "percent_covered": 0.0, "percent_covered_display": "0", "missing_lines": 23, "excluded_lines": 0}, "missing_lines": [270, 272, 273, 275, 276, 277, 280, 281, 282, 283, 284, 285, 287, 288, 290, 291, 303, 304, 305, 311, 312, 313, 314], "excluded_lines": []}, "run_all_health_checks": {"executed_lines": [], "summary": {"covered_lines": 0, "num_statements": 13, "percent_covered": 0.0, "percent_covered_display": "0", "missing_lines": 13, "excluded_lines": 0}, "missing_lines": [326, 335, 336, 342, 343, 344, 345, 348, 357, 359, 361, 362, 363], "excluded_lines": []}, "calculate_overall_status": {"executed_lines": [], "summary": {"covered_lines": 0, "num_statements": 10, "percent_covered": 0.0, "percent_covered_display": "0", "missing_lines": 10, "excluded_lines": 0}, "missing_lines": [376, 377, 380, 381, 382, 385, 387, 388, 390, 393], "excluded_lines": []}, "health_check": {"executed_lines": [], "summary": {"covered_lines": 0, "num_statements": 11, "percent_covered": 0.0, "percent_covered_display": "0", "missing_lines": 11, "excluded_lines": 0}, "missing_lines": [413, 414, 417, 420, 423, 426, 444, 445, 453, 454, 456], "excluded_lines": []}, "readiness_check": {"executed_lines": [], "summary": {"covered_lines": 0, "num_statements": 19, "percent_covered": 0.0, "percent_covered_display": "0", "missing_lines": 19, "excluded_lines": 0}, "missing_lines": [469, 470, 473, 478, 479, 481, 482, 483, 484, 491, 493, 501, 502, 504, 508, 509, 512, 513, 515], "excluded_lines": []}, "liveness_check": {"executed_lines": [], "summary": {"covered_lines": 0, "num_statements": 1, "percent_covered": 0.0, "percent_covered_display": "0", "missing_lines": 1, "excluded_lines": 0}, "missing_lines": [527], "excluded_lines": []}, "": {"executed_lines": [], "summary": {"covered_lines": 0, "num_statements": 55, "percent_covered": 0.0, "percent_covered_display": "0", "missing_lines": 55, "excluded_lines": 0}, "missing_lines": [3, 4, 5, 6, 7, 8, 9, 11, 12, 13, 14, 16, 17, 19, 22, 25, 26, 27, 30, 31, 34, 35, 36, 37, 38, 41, 44, 45, 46, 47, 48, 49, 51, 52, 55, 58, 59, 60, 62, 63, 67, 70, 120, 169, 217, 268, 322, 373, 397, 400, 401, 459, 460, 518, 519], "excluded_lines": []}}, "classes": {"HealthStatus": {"executed_lines": [], "summary": {"covered_lines": 0, "num_statements": 0, "percent_covered": 100.0, "percent_covered_display": "100", "missing_lines": 0, "excluded_lines": 0}, "missing_lines": [], "excluded_lines": []}, "HealthCheck": {"executed_lines": [], "summary": {"covered_lines": 0, "num_statements": 0, "percent_covered": 100.0, "percent_covered_display": "100", "missing_lines": 0, "excluded_lines": 0}, "missing_lines": [], "excluded_lines": []}, "HealthResponse": {"executed_lines": [], "summary": {"covered_lines": 0, "num_statements": 0, "percent_covered": 100.0, "percent_covered_display": "100", "missing_lines": 0, "excluded_lines": 0}, "missing_lines": [], "excluded_lines": []}, "HealthResponse.Config": {"executed_lines": [], "summary": {"covered_lines": 0, "num_statements": 0, "percent_covered": 100.0, "percent_covered_display": "100", "missing_lines": 0, "excluded_lines": 0}, "missing_lines": [], "excluded_lines": []}, "ReadinessResponse": {"executed_lines": [], "summary": {"covered_lines": 0, "num_statements": 0, "percent_covered": 100.0, "percent_covered_display": "100", "missing_lines": 0, "excluded_lines": 0}, "missing_lines": [], "excluded_lines": []}, "ReadinessResponse.Config": {"executed_lines": [], "summary": {"covered_lines": 0, "num_statements": 0, "percent_covered": 100.0, "percent_covered_display": "100", "missing_lines": 0, "excluded_lines": 0}, "missing_lines": [], "excluded_lines": []}, "": {"executed_lines": [], "summary": {"covered_lines": 0, "num_statements": 199, "percent_covered": 0.0, "percent_covered_display": "0", "missing_lines": 199, "excluded_lines": 0}, "missing_lines": [3, 4, 5, 6, 7, 8, 9, 11, 12, 13, 14, 16, 17, 19, 22, 25, 26, 27, 30, 31, 34, 35, 36, 37, 38, 41, 44, 45, 46, 47, 48, 49, 51, 52, 55, 58, 59, 60, 62, 63, 67, 70, 72, 74, 76, 79, 81, 82, 83, 90, 91, 98, 99, 100, 101, 107, 108, 109, 112, 120, 122, 124, 125, 128, 136, 138, 142, 143, 150, 151, 158, 159, 160, 161, 169, 171, 173, 175, 178, 180, 181, 182, 190, 191, 198, 199, 200, 206, 207, 208, 209, 217, 219, 221, 222, 223, 225, 226, 227, 228, 236, 237, 239, 240, 248, 249, 250, 251, 257, 258, 259, 260, 268, 270, 272, 273, 275, 276, 277, 280, 281, 282, 283, 284, 285, 287, 288, 290, 291, 303, 304, 305, 311, 312, 313, 314, 322, 326, 335, 336, 342, 343, 344, 345, 348, 357, 359, 361, 362, 363, 373, 376, 377, 380, 381, 382, 385, 387, 388, 390, 393, 397, 400, 401, 413, 414, 417, 420, 423, 426, 444, 445, 453, 454, 456, 459, 460, 469, 470, 473, 478, 479, 481, 482, 483, 484, 491, 493, 501, 502, 504, 508, 509, 512, 513, 515, 518, 519, 527], "excluded_lines": []}}}, "backend/app/health_simple.py": {"executed_lines": [1, 3, 4, 5, 6, 7, 9, 10, 13, 14, 16, 17, 18, 21, 22, 23, 25, 26, 27, 28, 31, 32, 34, 35, 36, 37, 38, 39, 41, 42, 46, 49, 73, 76, 77, 115, 116, 121, 122], "summary": {"covered_lines": 35, "num_statements": 52, "percent_covered": 67.3076923076923, "percent_covered_display": "67", "missing_lines": 17, "excluded_lines": 0}, "missing_lines": [51, 53, 55, 56, 62, 63, 64, 80, 83, 86, 89, 92, 109, 110, 112, 118, 124], "excluded_lines": [], "functions": {"check_basic_health": {"executed_lines": [], "summary": {"covered_lines": 0, "num_statements": 7, "percent_covered": 0.0, "percent_covered_display": "0", "missing_lines": 7, "excluded_lines": 0}, "missing_lines": [51, 53, 55, 56, 62, 63, 64], "excluded_lines": []}, "health_check": {"executed_lines": [], "summary": {"covered_lines": 0, "num_statements": 8, "percent_covered": 0.0, "percent_covered_display": "0", "missing_lines": 8, "excluded_lines": 0}, "missing_lines": [80, 83, 86, 89, 92, 109, 110, 112], "excluded_lines": []}, "readiness_check": {"executed_lines": [], "summary": {"covered_lines": 0, "num_statements": 1, "percent_covered": 0.0, "percent_covered_display": "0", "missing_lines": 1, "excluded_lines": 0}, "missing_lines": [118], "excluded_lines": []}, "liveness_check": {"executed_lines": [], "summary": {"covered_lines": 0, "num_statements": 1, "percent_covered": 0.0, "percent_covered_display": "0", "missing_lines": 1, "excluded_lines": 0}, "missing_lines": [124], "excluded_lines": []}, "": {"executed_lines": [1, 3, 4, 5, 6, 7, 9, 10, 13, 14, 16, 17, 18, 21, 22, 23, 25, 26, 27, 28, 31, 32, 34, 35, 36, 37, 38, 39, 41, 42, 46, 49, 73, 76, 77, 115, 116, 121, 122], "summary": {"covered_lines": 35, "num_statements": 35, "percent_covered": 100.0, "percent_covered_display": "100", "missing_lines": 0, "excluded_lines": 0}, "missing_lines": [], "excluded_lines": []}}, "classes": {"HealthStatus": {"executed_lines": [], "summary": {"covered_lines": 0, "num_statements": 0, "percent_covered": 100.0, "percent_covered_display": "100", "missing_lines": 0, "excluded_lines": 0}, "missing_lines": [], "excluded_lines": []}, "HealthCheck": {"executed_lines": [], "summary": {"covered_lines": 0, "num_statements": 0, "percent_covered": 100.0, "percent_covered_display": "100", "missing_lines": 0, "excluded_lines": 0}, "missing_lines": [], "excluded_lines": []}, "HealthResponse": {"executed_lines": [], "summary": {"covered_lines": 0, "num_statements": 0, "percent_covered": 100.0, "percent_covered_display": "100", "missing_lines": 0, "excluded_lines": 0}, "missing_lines": [], "excluded_lines": []}, "HealthResponse.Config": {"executed_lines": [], "summary": {"covered_lines": 0, "num_statements": 0, "percent_covered": 100.0, "percent_covered_display": "100", "missing_lines": 0, "excluded_lines": 0}, "missing_lines": [], "excluded_lines": []}, "": {"executed_lines": [1, 3, 4, 5, 6, 7, 9, 10, 13, 14, 16, 17, 18, 21, 22, 23, 25, 26, 27, 28, 31, 32, 34, 35, 36, 37, 38, 39, 41, 42, 46, 49, 73, 76, 77, 115, 116, 121, 122], "summary": {"covered_lines": 35, "num_statements": 52, "percent_covered": 67.3076923076923, "percent_covered_display": "67", "missing_lines": 17, "excluded_lines": 0}, "missing_lines": [51, 53, 55, 56, 62, 63, 64, 80, 83, 86, 89, 92, 109, 110, 112, 118, 124], "excluded_lines": []}}}, "backend/app/hybrid_search.py": {"executed_lines": [], "summary": {"covered_lines": 0, "num_statements": 130, "percent_covered": 0.0, "percent_covered_display": "0", "missing_lines": 130, "excluded_lines": 0}, "missing_lines": [14, 15, 16, 18, 19, 21, 22, 24, 27, 28, 31, 32, 33, 34, 37, 38, 42, 43, 46, 47, 48, 49, 50, 53, 54, 55, 56, 59, 62, 63, 64, 66, 68, 69, 72, 73, 74, 76, 77, 78, 79, 80, 81, 83, 93, 94, 96, 98, 100, 103, 104, 105, 108, 111, 113, 116, 117, 118, 122, 123, 125, 127, 128, 129, 131, 139, 140, 142, 145, 146, 148, 150, 152, 153, 154, 156, 158, 159, 160, 161, 162, 170, 171, 173, 175, 177, 179, 180, 182, 183, 185, 186, 191, 193, 197, 199, 201, 202, 204, 206, 208, 210, 212, 213, 215, 216, 217, 218, 219, 220, 221, 223, 225, 228, 229, 230, 233, 234, 236, 237, 244, 246, 248, 251, 262, 263, 264, 267, 279, 280], "excluded_lines": [], "functions": {"HybridSearchEngine.__init__": {"executed_lines": [], "summary": {"covered_lines": 0, "num_statements": 2, "percent_covered": 0.0, "percent_covered_display": "0", "missing_lines": 2, "excluded_lines": 0}, "missing_lines": [63, 64], "excluded_lines": []}, "HybridSearchEngine._check_vector_support": {"executed_lines": [], "summary": {"covered_lines": 0, "num_statements": 11, "percent_covered": 0.0, "percent_covered_display": "0", "missing_lines": 11, "excluded_lines": 0}, "missing_lines": [68, 69, 72, 73, 74, 76, 77, 78, 79, 80, 81], "excluded_lines": []}, "HybridSearchEngine.search": {"executed_lines": [], "summary": {"covered_lines": 0, "num_statements": 3, "percent_covered": 0.0, "percent_covered_display": "0", "missing_lines": 3, "excluded_lines": 0}, "missing_lines": [93, 94, 96], "excluded_lines": []}, "HybridSearchEngine._vector_search": {"executed_lines": [], "summary": {"covered_lines": 0, "num_statements": 22, "percent_covered": 0.0, "percent_covered_display": "0", "missing_lines": 22, "excluded_lines": 0}, "missing_lines": [100, 103, 104, 105, 108, 111, 113, 116, 117, 118, 122, 123, 125, 127, 128, 129, 131, 139, 140, 142, 145, 146], "excluded_lines": []}, "HybridSearchEngine._metadata_search": {"executed_lines": [], "summary": {"covered_lines": 0, "num_statements": 13, "percent_covered": 0.0, "percent_covered_display": "0", "missing_lines": 13, "excluded_lines": 0}, "missing_lines": [150, 152, 153, 154, 156, 158, 159, 160, 161, 162, 170, 171, 173], "excluded_lines": []}, "HybridSearchEngine._build_metadata_conditions": {"executed_lines": [], "summary": {"covered_lines": 0, "num_statements": 8, "percent_covered": 0.0, "percent_covered_display": "0", "missing_lines": 8, "excluded_lines": 0}, "missing_lines": [177, 179, 180, 182, 183, 185, 186, 191], "excluded_lines": []}, "HybridSearchEngine._get_vector_similarity_expr": {"executed_lines": [], "summary": {"covered_lines": 0, "num_statements": 6, "percent_covered": 0.0, "percent_covered_display": "0", "missing_lines": 6, "excluded_lines": 0}, "missing_lines": [197, 199, 201, 202, 204, 206], "excluded_lines": []}, "HybridSearchEngine._get_metadata_matches": {"executed_lines": [], "summary": {"covered_lines": 0, "num_statements": 11, "percent_covered": 0.0, "percent_covered_display": "0", "missing_lines": 11, "excluded_lines": 0}, "missing_lines": [210, 212, 213, 215, 216, 217, 218, 219, 220, 221, 223], "excluded_lines": []}, "HybridSearchEngine.similar_garments": {"executed_lines": [], "summary": {"covered_lines": 0, "num_statements": 10, "percent_covered": 0.0, "percent_covered_display": "0", "missing_lines": 10, "excluded_lines": 0}, "missing_lines": [228, 229, 230, 233, 234, 236, 237, 244, 246, 248], "excluded_lines": []}, "search_garments": {"executed_lines": [], "summary": {"covered_lines": 0, "num_statements": 3, "percent_covered": 0.0, "percent_covered_display": "0", "missing_lines": 3, "excluded_lines": 0}, "missing_lines": [262, 263, 264], "excluded_lines": []}, "find_similar_garments": {"executed_lines": [], "summary": {"covered_lines": 0, "num_statements": 2, "percent_covered": 0.0, "percent_covered_display": "0", "missing_lines": 2, "excluded_lines": 0}, "missing_lines": [279, 280], "excluded_lines": []}, "": {"executed_lines": [], "summary": {"covered_lines": 0, "num_statements": 39, "percent_covered": 0.0, "percent_covered_display": "0", "missing_lines": 39, "excluded_lines": 0}, "missing_lines": [14, 15, 16, 18, 19, 21, 22, 24, 27, 28, 31, 32, 33, 34, 37, 38, 42, 43, 46, 47, 48, 49, 50, 53, 54, 55, 56, 59, 62, 66, 83, 98, 148, 175, 193, 208, 225, 251, 267], "excluded_lines": []}}, "classes": {"SearchResult": {"executed_lines": [], "summary": {"covered_lines": 0, "num_statements": 0, "percent_covered": 100.0, "percent_covered_display": "100", "missing_lines": 0, "excluded_lines": 0}, "missing_lines": [], "excluded_lines": []}, "SearchQuery": {"executed_lines": [], "summary": {"covered_lines": 0, "num_statements": 0, "percent_covered": 100.0, "percent_covered_display": "100", "missing_lines": 0, "excluded_lines": 0}, "missing_lines": [], "excluded_lines": []}, "HybridSearchEngine": {"executed_lines": [], "summary": {"covered_lines": 0, "num_statements": 86, "percent_covered": 0.0, "percent_covered_display": "0", "missing_lines": 86, "excluded_lines": 0}, "missing_lines": [63, 64, 68, 69, 72, 73, 74, 76, 77, 78, 79, 80, 81, 93, 94, 96, 100, 103, 104, 105, 108, 111, 113, 116, 117, 118, 122, 123, 125, 127, 128, 129, 131, 139, 140, 142, 145, 146, 150, 152, 153, 154, 156, 158, 159, 160, 161, 162, 170, 171, 173, 177, 179, 180, 182, 183, 185, 186, 191, 197, 199, 201, 202, 204, 206, 210, 212, 213, 215, 216, 217, 218, 219, 220, 221, 223, 228, 229, 230, 233, 234, 236, 237, 244, 246, 248], "excluded_lines": []}, "": {"executed_lines": [], "summary": {"covered_lines": 0, "num_statements": 44, "percent_covered": 0.0, "percent_covered_display": "0", "missing_lines": 44, "excluded_lines": 0}, "missing_lines": [14, 15, 16, 18, 19, 21, 22, 24, 27, 28, 31, 32, 33, 34, 37, 38, 42, 43, 46, 47, 48, 49, 50, 53, 54, 55, 56, 59, 62, 66, 83, 98, 148, 175, 193, 208, 225, 251, 262, 263, 264, 267, 279, 280], "excluded_lines": []}}}, "backend/app/image_features.py": {"executed_lines": [1, 15, 17, 18, 19, 20, 21, 23, 24, 27, 28, 30, 34, 36, 37, 38, 39, 40, 41, 42, 45, 48, 51, 54, 55, 56, 57, 62, 65, 66, 68, 69, 70, 71, 72, 73, 75, 81, 83, 84, 85, 86, 88, 89, 92, 103, 104, 105, 107, 108, 109, 112, 113, 114, 115, 118, 119, 122, 123, 126, 129, 130, 131, 132, 137, 138, 139, 140, 143, 152, 153, 154, 155], "summary": {"covered_lines": 70, "num_statements": 88, "percent_covered": 79.54545454545455, "percent_covered_display": "80", "missing_lines": 18, "excluded_lines": 4}, "missing_lines": [31, 32, 52, 58, 59, 60, 76, 77, 78, 117, 134, 135, 136, 144, 145, 147, 148, 149], "excluded_lines": [71, 72, 124, 125], "functions": {"_get_clip_analyzer": {"executed_lines": [51, 54, 55, 56, 57, 62], "summary": {"covered_lines": 6, "num_statements": 10, "percent_covered": 60.0, "percent_covered_display": "60", "missing_lines": 4, "excluded_lines": 0}, "missing_lines": [52, 58, 59, 60], "excluded_lines": []}, "_lru_touch": {"executed_lines": [66, 68, 69, 70, 71, 72, 73, 75], "summary": {"covered_lines": 6, "num_statements": 9, "percent_covered": 66.66666666666667, "percent_covered_display": "67", "missing_lines": 3, "excluded_lines": 2}, "missing_lines": [76, 77, 78], "excluded_lines": [71, 72]}, "_hash_bytes": {"executed_lines": [83, 84, 85, 86, 88, 89], "summary": {"covered_lines": 6, "num_statements": 6, "percent_covered": 100.0, "percent_covered_display": "100", "missing_lines": 0, "excluded_lines": 0}, "missing_lines": [], "excluded_lines": []}, "_compute": {"executed_lines": [103, 104, 105, 107, 108, 109, 112, 113, 114, 115, 118, 119, 122, 123, 126], "summary": {"covered_lines": 15, "num_statements": 16, "percent_covered": 93.75, "percent_covered_display": "94", "missing_lines": 1, "excluded_lines": 2}, "missing_lines": [117], "excluded_lines": [124, 125]}, "image_to_feature": {"executed_lines": [130, 131, 132, 137, 138, 139, 140], "summary": {"covered_lines": 7, "num_statements": 10, "percent_covered": 70.0, "percent_covered_display": "70", "missing_lines": 3, "excluded_lines": 0}, "missing_lines": [134, 135, 136], "excluded_lines": []}, "clear_feature_cache": {"executed_lines": [], "summary": {"covered_lines": 0, "num_statements": 5, "percent_covered": 0.0, "percent_covered_display": "0", "missing_lines": 5, "excluded_lines": 0}, "missing_lines": [144, 145, 147, 148, 149], "excluded_lines": []}, "feature_cache_stats": {"executed_lines": [153, 154, 155], "summary": {"covered_lines": 3, "num_statements": 3, "percent_covered": 100.0, "percent_covered_display": "100", "missing_lines": 0, "excluded_lines": 0}, "missing_lines": [], "excluded_lines": []}, "": {"executed_lines": [1, 15, 17, 18, 19, 20, 21, 23, 24, 27, 28, 30, 34, 36, 37, 38, 39, 40, 41, 42, 45, 48, 65, 81, 92, 129, 143, 152], "summary": {"covered_lines": 27, "num_statements": 29, "percent_covered": 93.10344827586206, "percent_covered_display": "93", "missing_lines": 2, "excluded_lines": 0}, "missing_lines": [31, 32], "excluded_lines": []}}, "classes": {"": {"executed_lines": [1, 15, 17, 18, 19, 20, 21, 23, 24, 27, 28, 30, 34, 36, 37, 38, 39, 40, 41, 42, 45, 48, 51, 54, 55, 56, 57, 62, 65, 66, 68, 69, 70, 71, 72, 73, 75, 81, 83, 84, 85, 86, 88, 89, 92, 103, 104, 105, 107, 108, 109, 112, 113, 114, 115, 118, 119, 122, 123, 126, 129, 130, 131, 132, 137, 138, 139, 140, 143, 152, 153, 154, 155], "summary": {"covered_lines": 70, "num_statements": 88, "percent_covered": 79.54545454545455, "percent_covered_display": "80", "missing_lines": 18, "excluded_lines": 4}, "missing_lines": [31, 32, 52, 58, 59, 60, 76, 77, 78, 117, 134, 135, 136, 144, 145, 147, 148, 149], "excluded_lines": [71, 72, 124, 125]}}}, "backend/app/ingest.py": {"executed_lines": [1, 3, 5, 6, 7, 9, 10, 12, 13, 14, 16, 17, 18, 21, 30, 31, 32, 60, 63, 64, 65, 66, 67, 68, 71, 75, 76, 79, 80, 82, 83, 84, 85, 88, 101, 102, 104, 107, 108, 110, 111, 120, 121, 123, 124, 125, 126, 127, 128, 129, 130, 137, 138], "summary": {"covered_lines": 52, "num_statements": 73, "percent_covered": 71.23287671232876, "percent_covered_display": "71", "missing_lines": 21, "excluded_lines": 2}, "missing_lines": [33, 34, 36, 37, 38, 40, 41, 42, 43, 46, 47, 48, 49, 50, 51, 52, 53, 54, 57, 72, 81], "excluded_lines": [44, 45], "functions": {"_resolve_database_url": {"executed_lines": [30, 31, 32], "summary": {"covered_lines": 3, "num_statements": 22, "percent_covered": 13.636363636363637, "percent_covered_display": "14", "missing_lines": 19, "excluded_lines": 2}, "missing_lines": [33, 34, 36, 37, 38, 40, 41, 42, 43, 46, 47, 48, 49, 50, 51, 52, 53, 54, 57], "excluded_lines": [44, 45]}, "get_engine": {"executed_lines": [63, 64, 65, 66, 67, 68], "summary": {"covered_lines": 6, "num_statements": 6, "percent_covered": 100.0, "percent_covered_display": "100", "missing_lines": 0, "excluded_lines": 0}, "missing_lines": [], "excluded_lines": []}, "init_db": {"executed_lines": [], "summary": {"covered_lines": 0, "num_statements": 1, "percent_covered": 0.0, "percent_covered_display": "0", "missing_lines": 1, "excluded_lines": 0}, "missing_lines": [72], "excluded_lines": []}, "get_or_create_attribute": {"executed_lines": [76, 79, 80, 82, 83, 84, 85], "summary": {"covered_lines": 7, "num_statements": 8, "percent_covered": 87.5, "percent_covered_display": "88", "missing_lines": 1, "excluded_lines": 0}, "missing_lines": [81], "excluded_lines": []}, "ingest_garment": {"executed_lines": [101, 102, 104, 107, 108, 110, 111, 120, 121, 123, 124, 125, 126, 127, 128, 129, 130, 137, 138], "summary": {"covered_lines": 19, "num_statements": 19, "percent_covered": 100.0, "percent_covered_display": "100", "missing_lines": 0, "excluded_lines": 0}, "missing_lines": [], "excluded_lines": []}, "": {"executed_lines": [1, 3, 5, 6, 7, 9, 10, 12, 13, 14, 16, 17, 18, 21, 60, 71, 75, 88], "summary": {"covered_lines": 17, "num_statements": 17, "percent_covered": 100.0, "percent_covered_display": "100", "missing_lines": 0, "excluded_lines": 0}, "missing_lines": [], "excluded_lines": []}}, "classes": {"": {"executed_lines": [1, 3, 5, 6, 7, 9, 10, 12, 13, 14, 16, 17, 18, 21, 30, 31, 32, 60, 63, 64, 65, 66, 67, 68, 71, 75, 76, 79, 80, 82, 83, 84, 85, 88, 101, 102, 104, 107, 108, 110, 111, 120, 121, 123, 124, 125, 126, 127, 128, 129, 130, 137, 138], "summary": {"covered_lines": 52, "num_statements": 73, "percent_covered": 71.23287671232876, "percent_covered_display": "71", "missing_lines": 21, "excluded_lines": 2}, "missing_lines": [33, 34, 36, 37, 38, 40, 41, 42, 43, 46, 47, 48, 49, 50, 51, 52, 53, 54, 57, 72, 81], "excluded_lines": [44, 45]}}}, "backend/app/inventory_processing.py": {"executed_lines": [1, 7, 9, 10, 11, 12, 13, 14, 16, 18, 19, 22, 24, 25, 26, 27, 30, 31, 32, 33, 36, 38, 39, 43, 44, 45, 46, 47, 48, 52, 53, 54, 57, 58, 59, 70, 73, 76, 78, 79, 80, 83, 84, 89, 90, 91, 98, 99, 103, 104, 105, 119, 120, 121, 122, 148, 149, 151, 152, 163, 165, 166, 168, 169, 170, 171, 172, 174, 175, 176, 178, 179, 180, 181, 190, 191, 192, 193], "summary": {"covered_lines": 77, "num_statements": 113, "percent_covered": 68.14159292035399, "percent_covered_display": "68", "missing_lines": 36, "excluded_lines": 0}, "missing_lines": [28, 29, 40, 41, 49, 50, 51, 82, 85, 86, 123, 124, 125, 126, 127, 128, 129, 130, 131, 132, 137, 144, 145, 146, 147, 153, 154, 173, 182, 183, 184, 185, 187, 188, 199, 200], "excluded_lines": [], "functions": {"persist_raw_image": {"executed_lines": [24, 25, 26, 27, 30, 31, 32, 33], "summary": {"covered_lines": 8, "num_statements": 10, "percent_covered": 80.0, "percent_covered_display": "80", "missing_lines": 2, "excluded_lines": 0}, "missing_lines": [28, 29], "excluded_lines": []}, "standardize_and_optimize": {"executed_lines": [38, 39, 43, 44, 45, 46, 47, 48, 52, 53, 54], "summary": {"covered_lines": 11, "num_statements": 16, "percent_covered": 68.75, "percent_covered_display": "69", "missing_lines": 5, "excluded_lines": 0}, "missing_lines": [40, 41, 49, 50, 51], "excluded_lines": []}, "multi_garment_prompt": {"executed_lines": [58, 59, 70], "summary": {"covered_lines": 3, "num_statements": 3, "percent_covered": 100.0, "percent_covered_display": "100", "missing_lines": 0, "excluded_lines": 0}, "missing_lines": [], "excluded_lines": []}, "describe_inventory_image_multi": {"executed_lines": [76, 78, 79, 80, 83, 84, 89, 90, 91, 98, 99, 103, 104, 105, 119, 120, 121, 122, 148, 149, 151, 152], "summary": {"covered_lines": 22, "num_statements": 42, "percent_covered": 52.38095238095238, "percent_covered_display": "52", "missing_lines": 20, "excluded_lines": 0}, "missing_lines": [82, 85, 86, 123, 124, 125, 126, 127, 128, 129, 130, 131, 132, 137, 144, 145, 146, 147, 153, 154], "excluded_lines": []}, "color_stats": {"executed_lines": [165, 166, 168, 169, 170, 171, 172, 174, 175, 176, 178, 179, 180, 181, 190, 191, 192, 193], "summary": {"covered_lines": 18, "num_statements": 27, "percent_covered": 66.66666666666667, "percent_covered_display": "67", "missing_lines": 9, "excluded_lines": 0}, "missing_lines": [173, 182, 183, 184, 185, 187, 188, 199, 200], "excluded_lines": []}, "": {"executed_lines": [1, 7, 9, 10, 11, 12, 13, 14, 16, 18, 19, 22, 36, 57, 73, 163], "summary": {"covered_lines": 15, "num_statements": 15, "percent_covered": 100.0, "percent_covered_display": "100", "missing_lines": 0, "excluded_lines": 0}, "missing_lines": [], "excluded_lines": []}}, "classes": {"": {"executed_lines": [1, 7, 9, 10, 11, 12, 13, 14, 16, 18, 19, 22, 24, 25, 26, 27, 30, 31, 32, 33, 36, 38, 39, 43, 44, 45, 46, 47, 48, 52, 53, 54, 57, 58, 59, 70, 73, 76, 78, 79, 80, 83, 84, 89, 90, 91, 98, 99, 103, 104, 105, 119, 120, 121, 122, 148, 149, 151, 152, 163, 165, 166, 168, 169, 170, 171, 172, 174, 175, 176, 178, 179, 180, 181, 190, 191, 192, 193], "summary": {"covered_lines": 77, "num_statements": 113, "percent_covered": 68.14159292035399, "percent_covered_display": "68", "missing_lines": 36, "excluded_lines": 0}, "missing_lines": [28, 29, 40, 41, 49, 50, 51, 82, 85, 86, 123, 124, 125, 126, 127, 128, 129, 130, 131, 132, 137, 144, 145, 146, 147, 153, 154, 173, 182, 183, 184, 185, 187, 188, 199, 200], "excluded_lines": []}}}, "backend/app/inventory_utils.py": {"executed_lines": [1, 3, 4, 5, 6, 8, 10, 13, 14, 15, 16, 17, 18, 19, 20, 23, 26, 28, 29, 30, 37, 38, 39], "summary": {"covered_lines": 23, "num_statements": 23, "percent_covered": 100.0, "percent_covered_display": "100", "missing_lines": 0, "excluded_lines": 0}, "missing_lines": [], "excluded_lines": [], "functions": {"persist_inventory_image_file": {"executed_lines": [14, 15, 16, 17, 18, 19, 20], "summary": {"covered_lines": 7, "num_statements": 7, "percent_covered": 100.0, "percent_covered_display": "100", "missing_lines": 0, "excluded_lines": 0}, "missing_lines": [], "excluded_lines": []}, "safe_add_garment_attribute": {"executed_lines": [26, 28, 29, 30, 37, 38, 39], "summary": {"covered_lines": 7, "num_statements": 7, "percent_covered": 100.0, "percent_covered_display": "100", "missing_lines": 0, "excluded_lines": 0}, "missing_lines": [], "excluded_lines": []}, "": {"executed_lines": [1, 3, 4, 5, 6, 8, 10, 13, 23], "summary": {"covered_lines": 9, "num_statements": 9, "percent_covered": 100.0, "percent_covered_display": "100", "missing_lines": 0, "excluded_lines": 0}, "missing_lines": [], "excluded_lines": []}}, "classes": {"": {"executed_lines": [1, 3, 4, 5, 6, 8, 10, 13, 14, 15, 16, 17, 18, 19, 20, 23, 26, 28, 29, 30, 37, 38, 39], "summary": {"covered_lines": 23, "num_statements": 23, "percent_covered": 100.0, "percent_covered_display": "100", "missing_lines": 0, "excluded_lines": 0}, "missing_lines": [], "excluded_lines": []}}}, "backend/app/local_cv.py": {"executed_lines": [1, 6, 7, 9, 10, 12, 14, 15, 17, 23, 24, 30, 73, 97, 113, 129, 131, 132, 133, 135, 137, 141, 143, 144, 145, 148, 150, 157, 167, 170, 172, 175, 176, 177, 184, 186, 200, 211, 215, 217, 220, 221, 223, 226, 228, 229, 235, 270, 272, 275, 277, 280, 285, 286, 287, 288, 291, 292, 294, 295, 296, 297, 298, 306, 312, 314, 317, 318, 320, 324, 325, 326, 327, 330, 331, 333, 334, 335, 336, 337, 339, 345, 347, 350, 351, 353, 357, 358, 359, 360, 362, 364, 365, 366, 367, 368, 370, 376, 378, 381, 382, 386, 390, 391, 392, 393, 395, 397, 398, 399, 400, 401, 405, 411, 413, 414, 416, 418, 419, 420, 423, 426, 427, 428, 429, 432, 435, 436, 437, 438, 441, 442, 443, 444, 446, 447, 449, 450, 452, 454, 456, 458], "summary": {"covered_lines": 140, "num_statements": 189, "percent_covered": 74.07407407407408, "percent_covered_display": "74", "missing_lines": 49, "excluded_lines": 0}, "missing_lines": [18, 19, 20, 138, 139, 152, 153, 154, 155, 168, 196, 197, 198, 212, 213, 231, 232, 233, 246, 247, 248, 250, 252, 255, 256, 258, 261, 263, 264, 266, 267, 268, 273, 308, 309, 310, 315, 341, 342, 343, 348, 372, 373, 374, 379, 407, 408, 409, 460], "excluded_lines": [], "functions": {"LocalGarmentAnalyzer.__init__": {"executed_lines": [131, 132, 133], "summary": {"covered_lines": 3, "num_statements": 3, "percent_covered": 100.0, "percent_covered_display": "100", "missing_lines": 0, "excluded_lines": 0}, "missing_lines": [], "excluded_lines": []}, "LocalGarmentAnalyzer._initialize_model": {"executed_lines": [137, 141, 143, 144, 145, 148, 150], "summary": {"covered_lines": 7, "num_statements": 13, "percent_covered": 53.84615384615385, "percent_covered_display": "54", "missing_lines": 6, "excluded_lines": 0}, "missing_lines": [138, 139, 152, 153, 154, 155], "excluded_lines": []}, "LocalGarmentAnalyzer.analyze_image": {"executed_lines": [167, 170, 172, 175, 176, 177, 184, 186], "summary": {"covered_lines": 8, "num_statements": 12, "percent_covered": 66.66666666666667, "percent_covered_display": "67", "missing_lines": 4, "excluded_lines": 0}, "missing_lines": [168, 196, 197, 198], "excluded_lines": []}, "LocalGarmentAnalyzer.get_image_embedding": {"executed_lines": [211, 215, 217, 220, 221, 223, 226, 228, 229], "summary": {"covered_lines": 9, "num_statements": 14, "percent_covered": 64.28571428571429, "percent_covered_display": "64", "missing_lines": 5, "excluded_lines": 0}, "missing_lines": [212, 213, 231, 232, 233], "excluded_lines": []}, "LocalGarmentAnalyzer.get_text_embedding": {"executed_lines": [], "summary": {"covered_lines": 0, "num_statements": 14, "percent_covered": 0.0, "percent_covered_display": "0", "missing_lines": 14, "excluded_lines": 0}, "missing_lines": [246, 247, 248, 250, 252, 255, 256, 258, 261, 263, 264, 266, 267, 268], "excluded_lines": []}, "LocalGarmentAnalyzer._classify_garments": {"executed_lines": [272, 275, 277, 280, 285, 286, 287, 288, 291, 292, 294, 295, 296, 297, 298, 306], "summary": {"covered_lines": 16, "num_statements": 20, "percent_covered": 80.0, "percent_covered_display": "80", "missing_lines": 4, "excluded_lines": 0}, "missing_lines": [273, 308, 309, 310], "excluded_lines": []}, "LocalGarmentAnalyzer._classify_colors": {"executed_lines": [314, 317, 318, 320, 324, 325, 326, 327, 330, 331, 333, 334, 335, 336, 337, 339], "summary": {"covered_lines": 16, "num_statements": 20, "percent_covered": 80.0, "percent_covered_display": "80", "missing_lines": 4, "excluded_lines": 0}, "missing_lines": [315, 341, 342, 343], "excluded_lines": []}, "LocalGarmentAnalyzer._classify_styles": {"executed_lines": [347, 350, 351, 353, 357, 358, 359, 360, 362, 364, 365, 366, 367, 368, 370], "summary": {"covered_lines": 15, "num_statements": 19, "percent_covered": 78.94736842105263, "percent_covered_display": "79", "missing_lines": 4, "excluded_lines": 0}, "missing_lines": [348, 372, 373, 374], "excluded_lines": []}, "LocalGarmentAnalyzer._classify_materials": {"executed_lines": [378, 381, 382, 386, 390, 391, 392, 393, 395, 397, 398, 399, 400, 401, 405], "summary": {"covered_lines": 15, "num_statements": 19, "percent_covered": 78.94736842105263, "percent_covered_display": "79", "missing_lines": 4, "excluded_lines": 0}, "missing_lines": [379, 407, 408, 409], "excluded_lines": []}, "LocalGarmentAnalyzer._generate_description": {"executed_lines": [413, 414, 416, 418, 419, 420, 423, 426, 427, 428, 429, 432, 435, 436, 437, 438, 441, 442, 443, 444, 446, 447, 449, 450, 452], "summary": {"covered_lines": 25, "num_statements": 25, "percent_covered": 100.0, "percent_covered_display": "100", "missing_lines": 0, "excluded_lines": 0}, "missing_lines": [], "excluded_lines": []}, "LocalGarmentAnalyzer._is_available": {"executed_lines": [456], "summary": {"covered_lines": 1, "num_statements": 1, "percent_covered": 100.0, "percent_covered_display": "100", "missing_lines": 0, "excluded_lines": 0}, "missing_lines": [], "excluded_lines": []}, "LocalGarmentAnalyzer._get_fallback_response": {"executed_lines": [], "summary": {"covered_lines": 0, "num_statements": 1, "percent_covered": 0.0, "percent_covered_display": "0", "missing_lines": 1, "excluded_lines": 0}, "missing_lines": [460], "excluded_lines": []}, "": {"executed_lines": [1, 6, 7, 9, 10, 12, 14, 15, 17, 23, 24, 30, 73, 97, 113, 129, 135, 157, 200, 235, 270, 312, 345, 376, 411, 454, 458], "summary": {"covered_lines": 25, "num_statements": 28, "percent_covered": 89.28571428571429, "percent_covered_display": "89", "missing_lines": 3, "excluded_lines": 0}, "missing_lines": [18, 19, 20], "excluded_lines": []}}, "classes": {"LocalGarmentAnalyzer": {"executed_lines": [131, 132, 133, 137, 141, 143, 144, 145, 148, 150, 167, 170, 172, 175, 176, 177, 184, 186, 211, 215, 217, 220, 221, 223, 226, 228, 229, 272, 275, 277, 280, 285, 286, 287, 288, 291, 292, 294, 295, 296, 297, 298, 306, 314, 317, 318, 320, 324, 325, 326, 327, 330, 331, 333, 334, 335, 336, 337, 339, 347, 350, 351, 353, 357, 358, 359, 360, 362, 364, 365, 366, 367, 368, 370, 378, 381, 382, 386, 390, 391, 392, 393, 395, 397, 398, 399, 400, 401, 405, 413, 414, 416, 418, 419, 420, 423, 426, 427, 428, 429, 432, 435, 436, 437, 438, 441, 442, 443, 444, 446, 447, 449, 450, 452, 456], "summary": {"covered_lines": 115, "num_statements": 161, "percent
[...]
lines": 10, "excluded_lines": 0}, "missing_lines": [75, 95, 101, 103, 107, 108, 124, 143, 145, 147], "excluded_lines": []}, "": {"executed_lines": [1, 3, 5, 6, 7, 9, 10, 15, 17, 18, 20, 22, 29, 41, 72], "summary": {"covered_lines": 14, "num_statements": 14, "percent_covered": 100.0, "percent_covered_display": "100", "missing_lines": 0, "excluded_lines": 3}, "missing_lines": [], "excluded_lines": [11, 12, 13]}}, "classes": {"": {"executed_lines": [1, 3, 5, 6, 7, 9, 10, 15, 17, 18, 20, 22, 29, 41, 43, 44, 46, 47, 48, 56, 58, 59, 62, 63, 64, 68, 69, 72, 73, 74, 76, 78, 85, 93, 94, 98, 99, 102, 105, 106, 111, 112, 113, 115, 122, 123, 142, 144, 146, 148, 149], "summary": {"covered_lines": 50, "num_statements": 70, "percent_covered": 71.42857142857143, "percent_covered_display": "71", "missing_lines": 20, "excluded_lines": 3}, "missing_lines": [49, 50, 51, 52, 53, 54, 55, 65, 66, 67, 75, 95, 101, 103, 107, 108, 124, 143, 145, 147], "excluded_lines": [11, 12, 13]}}}, "backend/app/processor.py": {"executed_lines": [1, 8, 10, 11, 12, 13, 15, 16, 18, 27, 28, 29, 30, 36, 37, 40, 41, 42, 44, 45, 46, 47, 48, 49, 50, 51, 52, 53, 57, 60, 61, 62, 63, 64, 69, 70, 73, 74, 77, 78, 85, 86, 87, 92, 93, 102, 103, 104, 105, 106, 132, 133, 134, 136, 137, 138, 159], "summary": {"covered_lines": 56, "num_statements": 80, "percent_covered": 70.0, "percent_covered_display": "70", "missing_lines": 24, "excluded_lines": 0}, "missing_lines": [43, 65, 66, 67, 68, 71, 72, 107, 111, 112, 113, 114, 115, 120, 121, 122, 123, 124, 130, 131, 139, 146, 156, 158], "excluded_lines": [], "functions": {"handler": {"executed_lines": [41, 42, 44, 45, 46, 47, 48, 49, 50, 51, 52, 53, 57, 60, 61, 62, 63, 64, 69, 70, 73, 74, 77, 78, 85, 86, 87, 92, 93, 102, 103, 104, 105, 106, 132, 133, 134, 136, 137, 138, 159], "summary": {"covered_lines": 41, "num_statements": 65, "percent_covered": 63.07692307692308, "percent_covered_display": "63", "missing_lines": 24, "excluded_lines": 0}, "missing_lines": [43, 65, 66, 67, 68, 71, 72, 107, 111, 112, 113, 114, 115, 120, 121, 122, 123, 124, 130, 131, 139, 146, 156, 158], "excluded_lines": []}, "": {"executed_lines": [1, 8, 10, 11, 12, 13, 15, 16, 18, 27, 28, 29, 30, 36, 37, 40], "summary": {"covered_lines": 15, "num_statements": 15, "percent_covered": 100.0, "percent_covered_display": "100", "missing_lines": 0, "excluded_lines": 0}, "missing_lines": [], "excluded_lines": []}}, "classes": {"": {"executed_lines": [1, 8, 10, 11, 12, 13, 15, 16, 18, 27, 28, 29, 30, 36, 37, 40, 41, 42, 44, 45, 46, 47, 48, 49, 50, 51, 52, 53, 57, 60, 61, 62, 63, 64, 69, 70, 73, 74, 77, 78, 85, 86, 87, 92, 93, 102, 103, 104, 105, 106, 132, 133, 134, 136, 137, 138, 159], "summary": {"covered_lines": 56, "num_statements": 80, "percent_covered": 70.0, "percent_covered_display": "70", "missing_lines": 24, "excluded_lines": 0}, "missing_lines": [43, 65, 66, 67, 68, 71, 72, 107, 111, 112, 113, 114, 115, 120, 121, 122, 123, 124, 130, 131, 139, 146, 156, 158], "excluded_lines": []}}}, "backend/app/query_pipeline.py": {"executed_lines": [1, 6, 8, 9, 10, 12, 13, 15, 16, 17, 20, 21, 22, 23, 24, 27, 28, 29, 30, 31, 32, 33, 34, 35, 36, 37, 40, 41, 43, 47, 48, 49, 50, 52, 55, 56, 57, 59, 60, 61, 62, 63, 64, 65, 67, 69, 70, 71, 74, 75, 76, 77, 78, 79, 80, 81, 82, 83, 84, 85, 86, 87, 88, 89, 90, 91, 92, 93, 94, 103, 105, 106, 109, 110, 111, 112, 114, 115, 117, 119, 120, 121, 126, 127, 128, 131, 132, 133, 134, 135, 137, 139, 141, 143, 145, 146, 152, 153, 154, 155, 156, 157, 158, 159, 162, 163, 164, 166, 167, 169, 171, 172, 174, 176, 177, 183, 184, 185, 186, 187, 188, 189, 190, 193, 196, 198, 199, 201, 203, 204, 205, 206, 207, 209, 210, 211, 212, 213, 214, 215, 223, 224, 225, 226, 227, 229, 230, 231, 232, 234, 235, 236, 237, 238, 239, 241, 242, 243, 244, 245, 246, 250, 251, 252, 253, 254, 257, 259, 260, 261, 263, 264, 265, 268, 269, 284, 297, 298, 301, 308, 311, 313, 314, 315, 318, 323, 324, 325], "summary": {"covered_lines": 187, "num_statements": 197, "percent_covered": 94.9238578680203, "percent_covered_display": "95", "missing_lines": 10, "excluded_lines": 0}, "missing_lines": [42, 44, 45, 46, 51, 58, 104, 136, 168, 312], "excluded_lines": [], "functions": {"_cos": {"executed_lines": [41, 43, 47, 48, 49, 50, 52], "summary": {"covered_lines": 7, "num_statements": 12, "percent_covered": 58.333333333333336, "percent_covered_display": "58", "missing_lines": 5, "excluded_lines": 0}, "missing_lines": [42, 44, 45, 46, 51], "excluded_lines": []}, "parse_query": {"executed_lines": [56, 57, 59, 60, 61, 62, 63, 64, 65, 67, 69, 70, 71], "summary": {"covered_lines": 13, "num_statements": 14, "percent_covered": 92.85714285714286, "percent_covered_display": "93", "missing_lines": 1, "excluded_lines": 0}, "missing_lines": [58], "excluded_lines": []}, "_attribute_overlap_score": {"executed_lines": [75, 76, 77, 78, 79, 80, 81, 82, 83, 84, 85, 86, 87, 88, 89, 90, 91, 92, 93, 94, 103, 105, 106], "summary": {"covered_lines": 23, "num_statements": 24, "percent_covered": 95.83333333333333, "percent_covered_display": "96", "missing_lines": 1, "excluded_lines": 0}, "missing_lines": [104], "excluded_lines": []}, "_load_user_preferences": {"executed_lines": [110, 111, 112, 114, 115, 117, 119, 120, 121, 126, 127, 128], "summary": {"covered_lines": 12, "num_statements": 12, "percent_covered": 100.0, "percent_covered_display": "100", "missing_lines": 0, "excluded_lines": 0}, "missing_lines": [], "excluded_lines": []}, "_load_user_positive_embedding": {"executed_lines": [132, 133, 134, 135, 137, 139, 141, 143, 145, 146, 152, 153, 154, 155, 156, 157, 158, 159], "summary": {"covered_lines": 18, "num_statements": 19, "percent_covered": 94.73684210526316, "percent_covered_display": "95", "missing_lines": 1, "excluded_lines": 0}, "missing_lines": [136], "excluded_lines": []}, "_load_user_negative_embedding": {"executed_lines": [163, 164, 166, 167, 169, 171, 172, 174, 176, 177, 183, 184, 185, 186, 187, 188, 189, 190], "summary": {"covered_lines": 18, "num_statements": 19, "percent_covered": 94.73684210526316, "percent_covered_display": "95", "missing_lines": 1, "excluded_lines": 0}, "missing_lines": [168], "excluded_lines": []}, "retrieve_and_rank": {"executed_lines": [196, 198, 199, 201, 203, 204, 205, 206, 207, 209, 210, 211, 212, 213, 214, 215, 223, 224, 225, 226, 227, 229, 230, 231, 232, 234, 235, 236, 237, 238, 239, 241, 242, 243, 244, 245, 246, 250, 251, 252, 253, 254, 257, 259, 260, 261, 263, 264, 265, 268, 269, 284, 297, 298], "summary": {"covered_lines": 54, "num_statements": 54, "percent_covered": 100.0, "percent_covered_display": "100", "missing_lines": 0, "excluded_lines": 0}, "missing_lines": [], "excluded_lines": []}, "search": {"executed_lines": [308, 323, 324, 325], "summary": {"covered_lines": 4, "num_statements": 4, "percent_covered": 100.0, "percent_covered_display": "100", "missing_lines": 0, "excluded_lines": 0}, "missing_lines": [], "excluded_lines": []}, "search._summarize_explanation": {"executed_lines": [311, 313, 314, 315, 318], "summary": {"covered_lines": 5, "num_statements": 6, "percent_covered": 83.33333333333333, "percent_covered_display": "83", "missing_lines": 1, "excluded_lines": 0}, "missing_lines": [312], "excluded_lines": []}, "": {"executed_lines": [1, 6, 8, 9, 10, 12, 13, 15, 16, 17, 20, 21, 22, 23, 24, 27, 28, 29, 30, 31, 32, 33, 34, 35, 36, 37, 40, 55, 74, 109, 131, 162, 193, 301], "summary": {"covered_lines": 33, "num_statements": 33, "percent_covered": 100.0, "percent_covered_display": "100", "missing_lines": 0, "excluded_lines": 0}, "missing_lines": [], "excluded_lines": []}}, "classes": {"ParsedQuery": {"executed_lines": [], "summary": {"covered_lines": 0, "num_statements": 0, "percent_covered": 100.0, "percent_covered_display": "100", "missing_lines": 0, "excluded_lines": 0}, "missing_lines": [], "excluded_lines": []}, "RankedGarment": {"executed_lines": [], "summary": {"covered_lines": 0, "num_statements": 0, "percent_covered": 100.0, "percent_covered_display": "100", "missing_lines": 0, "excluded_lines": 0}, "missing_lines": [], "excluded_lines": []}, "": {"executed_lines": [1, 6, 8, 9, 10, 12, 13, 15, 16, 17, 20, 21, 22, 23, 24, 27, 28, 29, 30, 31, 32, 33, 34, 35, 36, 37, 40, 41, 43, 47, 48, 49, 50, 52, 55, 56, 57, 59, 60, 61, 62, 63, 64, 65, 67, 69, 70, 71, 74, 75, 76, 77, 78, 79, 80, 81, 82, 83, 84, 85, 86, 87, 88, 89, 90, 91, 92, 93, 94, 103, 105, 106, 109, 110, 111, 112, 114, 115, 117, 119, 120, 121, 126, 127, 128, 131, 132, 133, 134, 135, 137, 139, 141, 143, 145, 146, 152, 153, 154, 155, 156, 157, 158, 159, 162, 163, 164, 166, 167, 169, 171, 172, 174, 176, 177, 183, 184, 185, 186, 187, 188, 189, 190, 193, 196, 198, 199, 201, 203, 204, 205, 206, 207, 209, 210, 211, 212, 213, 214, 215, 223, 224, 225, 226, 227, 229, 230, 231, 232, 234, 235, 236, 237, 238, 239, 241, 242, 243, 244, 245, 246, 250, 251, 252, 253, 254, 257, 259, 260, 261, 263, 264, 265, 268, 269, 284, 297, 298, 301, 308, 311, 313, 314, 315, 318, 323, 324, 325], "summary": {"covered_lines": 187, "num_statements": 197, "percent_covered": 94.9238578680203, "percent_covered_display": "95", "missing_lines": 10, "excluded_lines": 0}, "missing_lines": [42, 44, 45, 46, 51, 58, 104, 136, 168, 312], "excluded_lines": []}}}, "backend/app/refresh_description.py": {"executed_lines": [1, 8, 10, 11, 13, 14, 16, 17, 18, 21, 22, 25, 54, 55, 57, 59, 60, 63, 64, 65, 66, 67, 69, 70, 73, 74, 92, 93], "summary": {"covered_lines": 25, "num_statements": 39, "percent_covered": 64.1025641025641, "percent_covered_display": "64", "missing_lines": 14, "excluded_lines": 2}, "missing_lines": [56, 58, 75, 76, 77, 78, 79, 80, 81, 82, 83, 84, 85, 86], "excluded_lines": [69, 70], "functions": {"refresh_description_core": {"executed_lines": [54, 55, 57, 59, 60, 63, 64, 65, 66, 67, 69, 70, 73, 74, 92, 93], "summary": {"covered_lines": 14, "num_statements": 28, "percent_covered": 50.0, "percent_covered_display": "50", "missing_lines": 14, "excluded_lines": 2}, "missing_lines": [56, 58, 75, 76, 77, 78, 79, 80, 81, 82, 83, 84, 85, 86], "excluded_lines": [69, 70]}, "": {"executed_lines": [1, 8, 10, 11, 13, 14, 16, 17, 18, 21, 22, 25], "summary": {"covered_lines": 11, "num_statements": 11, "percent_covered": 100.0, "percent_covered_display": "100", "missing_lines": 0, "excluded_lines": 0}, "missing_lines": [], "excluded_lines": []}}, "classes": {"": {"executed_lines": [1, 8, 10, 11, 13, 14, 16, 17, 18, 21, 22, 25, 54, 55, 57, 59, 60, 63, 64, 65, 66, 67, 69, 70, 73, 74, 92, 93], "summary": {"covered_lines": 25, "num_statements": 39, "percent_covered": 64.1025641025641, "percent_covered_display": "64", "missing_lines": 14, "excluded_lines": 2}, "missing_lines": [56, 58, 75, 76, 77, 78, 79, 80, 81, 82, 83, 84, 85, 86], "excluded_lines": [69, 70]}}}, "backend/app/transcribe-troy.py": {"executed_lines": [], "summary": {"covered_lines": 0, "num_statements": 23, "percent_covered": 0.0, "percent_covered_display": "0", "missing_lines": 23, "excluded_lines": 0}, "missing_lines": [11, 13, 14, 15, 17, 20, 21, 22, 23, 25, 26, 27, 29, 30, 31, 32, 34, 35, 36, 41, 42, 45, 46], "excluded_lines": [], "functions": {"main": {"executed_lines": [], "summary": {"covered_lines": 0, "num_statements": 15, "percent_covered": 0.0, "percent_covered_display": "0", "missing_lines": 15, "excluded_lines": 0}, "missing_lines": [21, 22, 23, 25, 26, 27, 29, 30, 31, 32, 34, 35, 36, 41, 42], "excluded_lines": []}, "": {"executed_lines": [], "summary": {"covered_lines": 0, "num_statements": 8, "percent_covered": 0.0, "percent_covered_display": "0", "missing_lines": 8, "excluded_lines": 0}, "missing_lines": [11, 13, 14, 15, 17, 20, 45, 46], "excluded_lines": []}}, "classes": {"": {"executed_lines": [], "summary": {"covered_lines": 0, "num_statements": 23, "percent_covered": 0.0, "percent_covered_display": "0", "missing_lines": 23, "excluded_lines": 0}, "missing_lines": [11, 13, 14, 15, 17, 20, 21, 22, 23, 25, 26, 27, 29, 30, 31, 32, 34, 35, 36, 41, 42, 45, 46], "excluded_lines": []}}}, "backend/app/user_state.py": {"executed_lines": [1, 6, 8, 9, 10, 12, 15, 16, 17, 18, 20, 21, 22, 23, 24, 25, 26, 27, 29, 32, 33, 36, 37, 38, 41, 42, 44, 47, 48, 49, 51, 54, 55, 58, 59, 60, 61, 62, 64, 65, 66, 67, 68, 69, 72, 81], "summary": {"covered_lines": 45, "num_statements": 57, "percent_covered": 78.94736842105263, "percent_covered_display": "79", "missing_lines": 12, "excluded_lines": 0}, "missing_lines": [28, 39, 63, 74, 75, 76, 77, 78, 82, 83, 84, 85], "excluded_lines": [], "functions": {"_LRU.__init__": {"executed_lines": [17, 18], "summary": {"covered_lines": 2, "num_statements": 2, "percent_covered": 100.0, "percent_covered_display": "100", "missing_lines": 0, "excluded_lines": 0}, "missing_lines": [], "excluded_lines": []}, "_LRU.get_or_set": {"executed_lines": [21, 22, 23, 24, 25, 26, 27, 29], "summary": {"covered_lines": 8, "num_statements": 9, "percent_covered": 88.88888888888889, "percent_covered_display": "89", "missing_lines": 1, "excluded_lines": 0}, "missing_lines": [28], "excluded_lines": []}, "cache_query_embedding": {"executed_lines": [37, 38, 41, 44], "summary": {"covered_lines": 4, "num_statements": 5, "percent_covered": 80.0, "percent_covered_display": "80", "missing_lines": 1, "excluded_lines": 0}, "missing_lines": [39], "excluded_lines": []}, "cache_query_embedding.factory": {"executed_lines": [42], "summary": {"covered_lines": 1, "num_statements": 1, "percent_covered": 100.0, "percent_covered_display": "100", "missing_lines": 0, "excluded_lines": 0}, "missing_lines": [], "excluded_lines": []}, "set_user_embedding": {"executed_lines": [48, 49, 51], "summary": {"covered_lines": 3, "num_statements": 3, "percent_covered": 100.0, "percent_covered_display": "100", "missing_lines": 0, "excluded_lines": 0}, "missing_lines": [], "excluded_lines": []}, "get_user_embedding": {"executed_lines": [55], "summary": {"covered_lines": 1, "num_statements": 1, "percent_covered": 100.0, "percent_covered_display": "100", "missing_lines": 0, "excluded_lines": 0}, "missing_lines": [], "excluded_lines": []}, "combine_embeddings": {"executed_lines": [59, 60, 61, 62, 64, 65, 66, 67, 68, 69], "summary": {"covered_lines": 10, "num_statements": 11, "percent_covered": 90.9090909090909, "percent_covered_display": "91", "missing_lines": 1, "excluded_lines": 0}, "missing_lines": [63], "excluded_lines": []}, "clear_all_caches": {"executed_lines": [], "summary": {"covered_lines": 0, "num_statements": 5, "percent_covered": 0.0, "percent_covered_display": "0", "missing_lines": 5, "excluded_lines": 0}, "missing_lines": [74, 75, 76, 77, 78], "excluded_lines": []}, "decay_weight": {"executed_lines": [], "summary": {"covered_lines": 0, "num_statements": 4, "percent_covered": 0.0, "percent_covered_display": "0", "missing_lines": 4, "excluded_lines": 0}, "missing_lines": [82, 83, 84, 85], "excluded_lines": []}, "": {"executed_lines": [1, 6, 8, 9, 10, 12, 15, 16, 20, 32, 33, 36, 47, 54, 58, 72, 81], "summary": {"covered_lines": 16, "num_statements": 16, "percent_covered": 100.0, "percent_covered_display": "100", "missing_lines": 0, "excluded_lines": 0}, "missing_lines": [], "excluded_lines": []}}, "classes": {"_LRU": {"executed_lines": [17, 18, 21, 22, 23, 24, 25, 26, 27, 29], "summary": {"covered_lines": 10, "num_statements": 11, "percent_covered": 90.9090909090909, "percent_covered_display": "91", "missing_lines": 1, "excluded_lines": 0}, "missing_lines": [28], "excluded_lines": []}, "": {"executed_lines": [1, 6, 8, 9, 10, 12, 15, 16, 20, 32, 33, 36, 37, 38, 41, 42, 44, 47, 48, 49, 51, 54, 55, 58, 59, 60, 61, 62, 64, 65, 66, 67, 68, 69, 72, 81], "summary": {"covered_lines": 35, "num_statements": 46, "percent_covered": 76.08695652173913, "percent_covered_display": "76", "missing_lines": 11, "excluded_lines": 0}, "missing_lines": [39, 63, 74, 75, 76, 77, 78, 82, 83, 84, 85], "excluded_lines": []}}}, "backend/app/vector_match.py": {"executed_lines": [1, 3, 5, 6, 9, 10, 12, 13, 14, 16, 19, 20, 22, 25, 26, 29, 30, 32, 33, 34, 35, 36], "summary": {"covered_lines": 21, "num_statements": 24, "percent_covered": 87.5, "percent_covered_display": "88", "missing_lines": 3, "excluded_lines": 0}, "missing_lines": [11, 15, 24], "excluded_lines": [], "functions": {"cosine_similarity": {"executed_lines": [10, 12, 13, 14, 16], "summary": {"covered_lines": 5, "num_statements": 7, "percent_covered": 71.42857142857143, "percent_covered_display": "71", "missing_lines": 2, "excluded_lines": 0}, "missing_lines": [11, 15], "excluded_lines": []}, "build_nn_index": {"executed_lines": [20, 22, 25, 26], "summary": {"covered_lines": 4, "num_statements": 5, "percent_covered": 80.0, "percent_covered_display": "80", "missing_lines": 1, "excluded_lines": 0}, "missing_lines": [24], "excluded_lines": []}, "query_nn": {"executed_lines": [30, 32, 33, 34, 35, 36], "summary": {"covered_lines": 6, "num_statements": 6, "percent_covered": 100.0, "percent_covered_display": "100", "missing_lines": 0, "excluded_lines": 0}, "missing_lines": [], "excluded_lines": []}, "": {"executed_lines": [1, 3, 5, 6, 9, 19, 29], "summary": {"covered_lines": 6, "num_statements": 6, "percent_covered": 100.0, "percent_covered_display": "100", "missing_lines": 0, "excluded_lines": 0}, "missing_lines": [], "excluded_lines": []}}, "classes": {"": {"executed_lines": [1, 3, 5, 6, 9, 10, 12, 13, 14, 16, 19, 20, 22, 25, 26, 29, 30, 32, 33, 34, 35, 36], "summary": {"covered_lines": 21, "num_statements": 24, "percent_covered": 87.5, "percent_covered_display": "88", "missing_lines": 3, "excluded_lines": 0}, "missing_lines": [11, 15, 24], "excluded_lines": []}}}, "backend/app/vector_utils.py": {"executed_lines": [], "summary": {"covered_lines": 0, "num_statements": 48, "percent_covered": 0.0, "percent_covered_display": "0", "missing_lines": 48, "excluded_lines": 0}, "missing_lines": [3, 4, 5, 7, 10, 20, 21, 23, 24, 25, 27, 28, 31, 34, 44, 45, 48, 49, 52, 53, 54, 55, 56, 57, 60, 61, 62, 63, 64, 67, 79, 80, 81, 82, 83, 86, 87, 88, 89, 91, 94, 103, 104, 107, 108, 111, 112, 113], "excluded_lines": [], "functions": {"migrate_json_to_vector": {"executed_lines": [], "summary": {"covered_lines": 0, "num_statements": 8, "percent_covered": 0.0, "percent_covered_display": "0", "missing_lines": 8, "excluded_lines": 0}, "missing_lines": [20, 21, 23, 24, 25, 27, 28, 31], "excluded_lines": []}, "vector_to_json_fallback": {"executed_lines": [], "summary": {"covered_lines": 0, "num_statements": 15, "percent_covered": 0.0, "percent_covered_display": "0", "missing_lines": 15, "excluded_lines": 0}, "missing_lines": [44, 45, 48, 49, 52, 53, 54, 55, 56, 57, 60, 61, 62, 63, 64], "excluded_lines": []}, "get_embedding_for_search": {"executed_lines": [], "summary": {"covered_lines": 0, "num_statements": 10, "percent_covered": 0.0, "percent_covered_display": "0", "missing_lines": 10, "excluded_lines": 0}, "missing_lines": [79, 80, 81, 82, 83, 86, 87, 88, 89, 91], "excluded_lines": []}, "set_embeddings_dual_format": {"executed_lines": [], "summary": {"covered_lines": 0, "num_statements": 7, "percent_covered": 0.0, "percent_covered_display": "0", "missing_lines": 7, "excluded_lines": 0}, "missing_lines": [103, 104, 107, 108, 111, 112, 113], "excluded_lines": []}, "": {"executed_lines": [], "summary": {"covered_lines": 0, "num_statements": 8, "percent_covered": 0.0, "percent_covered_display": "0", "missing_lines": 8, "excluded_lines": 0}, "missing_lines": [3, 4, 5, 7, 10, 34, 67, 94], "excluded_lines": []}}, "classes": {"": {"executed_lines": [], "summary": {"covered_lines": 0, "num_statements": 48, "percent_covered": 0.0, "percent_covered_display": "0", "missing_lines": 48, "excluded_lines": 0}, "missing_lines": [3, 4, 5, 7, 10, 20, 21, 23, 24, 25, 27, 28, 31, 34, 44, 45, 48, 49, 52, 53, 54, 55, 56, 57, 60, 61, 62, 63, 64, 67, 79, 80, 81, 82, 83, 86, 87, 88, 89, 91, 94, 103, 104, 107, 108, 111, 112, 113], "excluded_lines": []}}}}, "totals": {"covered_lines": 1628, "num_statements": 3250, "percent_covered": 50.09230769230769, "percent_covered_display": "50", "missing_lines": 1622, "excluded_lines": 105}}