{"meta": {"format": 3, "version": "7.10.2", "timestamp": "2025-08-10T00:31:21.983109", "branch_coverage": false, "show_contexts": false}, "files": {"backend/app/__init__.py": {"executed_lines": [1], "summary": {"covered_lines": 0, "num_statements": 0, "percent_covered": 100.0, "percent_covered_display": "100", "missing_lines": 0, "excluded_lines": 0}, "missing_lines": [], "excluded_lines": [], "functions": {"": {"executed_lines": [1], "summary": {"covered_lines": 0, "num_statements": 0, "percent_covered": 100.0, "percent_covered_display": "100", "missing_lines": 0, "excluded_lines": 0}, "missing_lines": [], "excluded_lines": []}}, "classes": {"": {"executed_lines": [1], "summary": {"covered_lines": 0, "num_statements": 0, "percent_covered": 100.0, "percent_covered_display": "100", "missing_lines": 0, "excluded_lines": 0}, "missing_lines": [], "excluded_lines": []}}}, "backend/app/api/feedback.py": {"executed_lines": [1, 3, 5, 6, 7, 8, 9, 11, 12, 14, 17, 18, 19, 20, 21, 22, 25, 26, 27, 28, 30, 31, 32, 34, 35, 36, 38, 39, 47, 48, 49, 50, 51, 52, 53, 56, 57, 58, 59, 65, 66, 76, 77, 78, 79], "summary": {"covered_lines": 16, "num_statements": 16, "percent_covered": 100.0, "percent_covered_display": "100", "missing_lines": 0, "excluded_lines": 55}, "missing_lines": [], "excluded_lines": [25, 26, 27, 28, 29, 30, 31, 32, 33, 34, 35, 36, 37, 38, 39, 40, 41, 42, 43, 44, 45, 46, 47, 48, 49, 50, 51, 52, 53, 54, 55, 56, 57, 58, 59, 60, 61, 62, 63, 64, 65, 66, 67, 68, 69, 70, 71, 72, 73, 74, 75, 76, 77, 78, 79], "functions": {"feedback": {"executed_lines": [27, 28, 30, 31, 32, 34, 35, 36, 38, 39, 47, 48, 49, 50, 51, 52, 53, 56, 57, 58, 59, 65, 66, 76, 77, 78, 79], "summary": {"covered_lines": 0, "num_statements": 0, "percent_covered": 100.0, "percent_covered_display": "100", "missing_lines": 0, "excluded_lines": 53}, "missing_lines": [], "excluded_lines": [27, 28, 29, 30, 31, 32, 33, 34, 35, 36, 37, 38, 39, 40, 41, 42, 43, 44, 45, 46, 47, 48, 49, 50, 51, 52, 53, 54, 55, 56, 57, 58, 59, 60, 61, 62, 63, 64, 65, 66, 67, 68, 69, 70, 71, 72, 73, 74, 75, 76, 77, 78, 79]}, "": {"executed_lines": [1, 3, 5, 6, 7, 8, 9, 11, 12, 14, 17, 18, 19, 20, 21, 22, 25, 26], "summary": {"covered_lines": 16, "num_statements": 16, "percent_covered": 100.0, "percent_covered_display": "100", "missing_lines": 0, "excluded_lines": 2}, "missing_lines": [], "excluded_lines": [25, 26]}}, "classes": {"FeedbackRequest": {"executed_lines": [], "summary": {"covered_lines": 0, "num_statements": 0, "percent_covered": 100.0, "percent_covered_display": "100", "missing_lines": 0, "excluded_lines": 0}, "missing_lines": [], "excluded_lines": []}, "": {"executed_lines": [1, 3, 5, 6, 7, 8, 9, 11, 12, 14, 17, 18, 19, 20, 21, 22, 25, 26, 27, 28, 30, 31, 32, 34, 35, 36, 38, 39, 47, 48, 49, 50, 51, 52, 53, 56, 57, 58, 59, 65, 66, 76, 77, 78, 79], "summary": {"covered_lines": 16, "num_statements": 16, "percent_covered": 100.0, "percent_covered_display": "100", "missing_lines": 0, "excluded_lines": 55}, "missing_lines": [], "excluded_lines": [25, 26, 27, 28, 29, 30, 31, 32, 33, 34, 35, 36, 37, 38, 39, 40, 41, 42, 43, 44, 45, 46, 47, 48, 49, 50, 51, 52, 53, 54, 55, 56, 57, 58, 59, 60, 61, 62, 63, 64, 65, 66, 67, 68, 69, 70, 71, 72, 73, 74, 75, 76, 77, 78, 79]}}}, "backend/app/api/ingest.py": {"executed_lines": [1, 3, 4, 6, 7, 9, 12, 13, 14, 15, 16, 17, 18, 19, 22, 23, 29, 30, 31, 32, 33, 34, 37, 38, 43, 44, 45, 46, 47, 50, 53, 54, 55, 56, 65], "summary": {"covered_lines": 35, "num_statements": 41, "percent_covered": 85.36585365853658, "percent_covered_display": "85", "missing_lines": 6, "excluded_lines": 0}, "missing_lines": [39, 40, 66, 67, 68, 69], "excluded_lines": [], "functions": {"garments_ingest": {"executed_lines": [29, 30, 31, 32, 33, 34, 37, 38, 43, 44, 45, 46, 47, 50, 53, 54, 55, 56, 65], "summary": {"covered_lines": 19, "num_statements": 25, "percent_covered": 76.0, "percent_covered_display": "76", "missing_lines": 6, "excluded_lines": 0}, "missing_lines": [39, 40, 66, 67, 68, 69], "excluded_lines": []}, "": {"executed_lines": [1, 3, 4, 6, 7, 9, 12, 13, 14, 15, 16, 17, 18, 19, 22, 23], "summary": {"covered_lines": 16, "num_statements": 16, "percent_covered": 100.0, "percent_covered_display": "100", "missing_lines": 0, "excluded_lines": 0}, "missing_lines": [], "excluded_lines": []}}, "classes": {"IngestRequest": {"executed_lines": [], "summary": {"covered_lines": 0, "num_statements": 0, "percent_covered": 100.0, "percent_covered_display": "100", "missing_lines": 0, "excluded_lines": 0}, "missing_lines": [], "excluded_lines": []}, "": {"executed_lines": [1, 3, 4, 6, 7, 9, 12, 13, 14, 15, 16, 17, 18, 19, 22, 23, 29, 30, 31, 32, 33, 34, 37, 38, 43, 44, 45, 46, 47, 50, 53, 54, 55, 56, 65], "summary": {"covered_lines": 35, "num_statements": 41, "percent_covered": 85.36585365853658, "percent_covered_display": "85", "missing_lines": 6, "excluded_lines": 0}, "missing_lines": [39, 40, 66, 67, 68, 69], "excluded_lines": []}}}, "backend/app/api/inventory.py": {"executed_lines": [1, 3, 4, 5, 6, 8, 9, 10, 11, 12, 14, 15, 16, 23, 24, 30, 31, 33, 36, 37, 38, 39, 45, 53, 54, 56, 57, 65, 73, 74, 75, 84, 85, 86, 87, 90, 91, 92, 93, 95, 96, 97, 98, 99, 107, 108, 109, 112, 113, 135, 136, 137, 138, 139, 142, 143, 144, 145, 146, 147, 148, 149, 150, 156, 157, 159, 162, 164, 165, 166, 167, 170, 172, 173, 174, 175, 178, 179, 182, 183, 184, 188, 189, 196, 197, 198, 202, 203, 212, 213, 216, 217, 218, 219, 223, 224, 225, 227, 229, 232, 233, 234, 235, 236, 242, 243, 244, 245, 246, 247, 248, 249, 250, 252, 253, 258, 262, 265, 275, 276, 277, 278, 281, 282, 285, 286, 287, 288, 290, 291, 292, 307, 308, 311, 312, 313, 314, 316, 317, 318, 335, 336, 337, 338, 340, 341, 342, 345, 346, 349, 352, 353, 354, 355, 356, 357, 362, 363, 364, 365, 366, 367, 368, 369, 370, 372, 373, 374, 375], "summary": {"covered_lines": 169, "num_statements": 212, "percent_covered": 79.71698113207547, "percent_covered_display": "80", "missing_lines": 43, "excluded_lines": 0}, "missing_lines": [55, 58, 59, 60, 61, 62, 63, 64, 114, 115, 116, 117, 118, 119, 120, 123, 131, 132, 152, 153, 154, 155, 158, 163, 171, 176, 177, 180, 181, 185, 186, 187, 199, 200, 201, 215, 226, 228, 259, 260, 261, 289, 315], "excluded_lines": [], "functions": {"_ensure_inventory_tables": {"executed_lines": [37, 38, 39], "summary": {"covered_lines": 3, "num_statements": 3, "percent_covered": 100.0, "percent_covered_display": "100", "missing_lines": 0, "excluded_lines": 0}, "missing_lines": [], "excluded_lines": []}, "_upsert_inventory_image": {"executed_lines": [53, 54, 56, 57, 65, 73, 74, 75], "summary": {"covered_lines": 8, "num_statements": 16, "percent_covered": 50.0, "percent_covered_display": "50", "missing_lines": 8, "excluded_lines": 0}, "missing_lines": [55, 58, 59, 60, 61, 62, 63, 64], "excluded_lines": []}, "inventory_upload": {"executed_lines": [92, 93, 95, 96, 97, 98, 99], "summary": {"covered_lines": 7, "num_statements": 7, "percent_covered": 100.0, "percent_covered_display": "100", "missing_lines": 0, "excluded_lines": 0}, "missing_lines": [], "excluded_lines": []}, "inventory_batch_upload": {"executed_lines": [], "summary": {"covered_lines": 0, "num_statements": 10, "percent_covered": 0.0, "percent_covered_display": "0", "missing_lines": 10, "excluded_lines": 0}, "missing_lines": [114, 115, 116, 117, 118, 119, 120, 123, 131, 132], "excluded_lines": []}, "inventory_process": {"executed_lines": [144, 145, 146, 147, 148, 149, 150, 156, 157, 159, 162, 164, 165, 166, 167, 170, 172, 173, 174, 175, 178, 179, 182, 183, 184, 188, 189, 196, 197, 198, 202, 203, 212, 213, 216, 217, 218, 219, 223, 224, 225, 227, 229, 232, 233, 234, 235, 236, 242, 243, 244, 245, 246, 247, 248, 249, 250, 252, 253, 258, 262, 265, 275, 276, 277, 278], "summary": {"covered_lines": 66, "num_statements": 89, "percent_covered": 74.15730337078652, "percent_covered_display": "74", "missing_lines": 23, "excluded_lines": 0}, "missing_lines": [152, 153, 154, 155, 158, 163, 171, 176, 177, 180, 181, 185, 186, 187, 199, 200, 201, 215, 226, 228, 259, 260, 261], "excluded_lines": []}, "inventory_images": {"executed_lines": [285, 286, 287, 288, 290, 291, 292], "summary": {"covered_lines": 7, "num_statements": 8, "percent_covered": 87.5, "percent_covered_display": "88", "missing_lines": 1, "excluded_lines": 0}, "missing_lines": [289], "excluded_lines": []}, "inventory_items": {"executed_lines": [311, 312, 313, 314, 316, 317, 318], "summary": {"covered_lines": 7, "num_statements": 8, "percent_covered": 87.5, "percent_covered_display": "88", "missing_lines": 1, "excluded_lines": 0}, "missing_lines": [315], "excluded_lines": []}, "inventory_stats": {"executed_lines": [337, 338, 340, 341, 342, 345, 346, 349, 352, 353, 354, 355, 356, 357, 362, 363, 364, 365, 366, 367, 368, 369, 370, 372, 373, 374, 375], "summary": {"covered_lines": 27, "num_statements": 27, "percent_covered": 100.0, "percent_covered_display": "100", "missing_lines": 0, "excluded_lines": 0}, "missing_lines": [], "excluded_lines": []}, "": {"executed_lines": [1, 3, 4, 5, 6, 8, 9, 10, 11, 12, 14, 15, 16, 23, 24, 30, 31, 33, 36, 45, 84, 85, 86, 87, 90, 91, 107, 108, 109, 112, 113, 135, 136, 137, 138, 139, 142, 143, 281, 282, 307, 308, 335, 336], "summary": {"covered_lines": 44, "num_statements": 44, "percent_covered": 100.0, "percent_covered_display": "100", "missing_lines": 0, "excluded_lines": 0}, "missing_lines": [], "excluded_lines": []}}, "classes": {"InventoryUploadRequest": {"executed_lines": [], "summary": {"covered_lines": 0, "num_statements": 0, "percent_covered": 100.0, "percent_covered_display": "100", "missing_lines": 0, "excluded_lines": 0}, "missing_lines": [], "excluded_lines": []}, "InventoryBatchUploadRequest": {"executed_lines": [], "summary": {"covered_lines": 0, "num_statements": 0, "percent_covered": 100.0, "percent_covered_display": "100", "missing_lines": 0, "excluded_lines": 0}, "missing_lines": [], "excluded_lines": []}, "InventoryProcessRequest": {"executed_lines": [], "summary": {"covered_lines": 0, "num_statements": 0, "percent_covered": 100.0, "percent_covered_display": "100", "missing_lines": 0, "excluded_lines": 0}, "missing_lines": [], "excluded_lines": []}, "": {"executed_lines": [1, 3, 4, 5, 6, 8, 9, 10, 11, 12, 14, 15, 16, 23, 24, 30, 31, 33, 36, 37, 38, 39, 45, 53, 54, 56, 57, 65, 73, 74, 75, 84, 85, 86, 87, 90, 91, 92, 93, 95, 96, 97, 98, 99, 107, 108, 109, 112, 113, 135, 136, 137, 138, 139, 142, 143, 144, 145, 146, 147, 148, 149, 150, 156, 157, 159, 162, 164, 165, 166, 167, 170, 172, 173, 174, 175, 178, 179, 182, 183, 184, 188, 189, 196, 197, 198, 202, 203, 212, 213, 216, 217, 218, 219, 223, 224, 225, 227, 229, 232, 233, 234, 235, 236, 242, 243, 244, 245, 246, 247, 248, 249, 250, 252, 253, 258, 262, 265, 275, 276, 277, 278, 281, 282, 285, 286, 287, 288, 290, 291, 292, 307, 308, 311, 312, 313, 314, 316, 317, 318, 335, 336, 337, 338, 340, 341, 342, 345, 346, 349, 352, 353, 354, 355, 356, 357, 362, 363, 364, 365, 366, 367, 368, 369, 370, 372, 373, 374, 375], "summary": {"covered_lines": 169, "num_statements": 212, "percent_covered": 79.71698113207547, "percent_covered_display": "80", "missing_lines": 43, "excluded_lines": 0}, "missing_lines": [55, 58, 59, 60, 61, 62, 63, 64, 114, 115, 116, 117, 118, 119, 120, 123, 131, 132, 152, 153, 154, 155, 158, 163, 171, 176, 177, 180, 181, 185, 186, 187, 199, 200, 201, 215, 226, 228, 259, 260, 261, 289, 315], "excluded_lines": []}}}, "backend/app/api/search.py": {"executed_lines": [1, 3, 5, 6, 8, 9, 12, 18, 19, 21, 23, 24, 25, 26, 27, 29, 30, 31, 34, 36, 37, 39, 40, 45, 54, 55, 56, 57, 58, 59, 66, 67, 68, 69, 70, 71, 72, 73, 77, 81, 82, 87, 88, 89, 90, 92, 93, 95, 97, 98, 99, 100, 101, 102, 107, 110, 111, 112, 113, 114, 115, 118, 119, 120, 122, 123, 124, 125, 126, 138, 139, 142, 143, 144, 145, 147, 148, 149], "summary": {"covered_lines": 69, "num_statements": 80, "percent_covered": 86.25, "percent_covered_display": "86", "missing_lines": 11, "excluded_lines": 14}, "missing_lines": [20, 22, 38, 91, 94, 103, 104, 105, 121, 150, 151], "excluded_lines": [66, 67, 68, 69, 70, 71, 72, 73, 74, 75, 76, 77, 78, 79], "functions": {"_is_ambiguous": {"executed_lines": [18, 19, 21, 23, 24, 25, 26, 27, 29, 30, 31], "summary": {"covered_lines": 11, "num_statements": 13, "percent_covered": 84.61538461538461, "percent_covered_display": "85", "missing_lines": 2, "excluded_lines": 0}, "missing_lines": [20, 22], "excluded_lines": []}, "_clarify_query": {"executed_lines": [36, 37, 39, 40, 45, 54, 55, 56, 57, 58, 59], "summary": {"covered_lines": 11, "num_statements": 12, "percent_covered": 91.66666666666667, "percent_covered_display": "92", "missing_lines": 1, "excluded_lines": 0}, "missing_lines": [38], "excluded_lines": []}, "_build_fashion_vocab": {"executed_lines": [67, 68, 69, 70, 71, 72, 73, 77], "summary": {"covered_lines": 0, "num_statements": 0, "percent_covered": 100.0, "percent_covered_display": "100", "missing_lines": 0, "excluded_lines": 13}, "missing_lines": [], "excluded_lines": [67, 68, 69, 70, 71, 72, 73, 74, 75, 76, 77, 78, 79]}, "_is_off_topic": {"executed_lines": [88, 89, 90, 92, 93, 95, 97, 98, 99, 100, 101, 102], "summary": {"covered_lines": 12, "num_statements": 17, "percent_covered": 70.58823529411765, "percent_covered_display": "71", "missing_lines": 5, "excluded_lines": 0}, "missing_lines": [91, 94, 103, 104, 105], "excluded_lines": []}, "search": {"executed_lines": [120, 122, 123, 124, 125, 126, 138, 139, 142, 143, 144, 145, 147, 148, 149], "summary": {"covered_lines": 15, "num_statements": 18, "percent_covered": 83.33333333333333, "percent_covered_display": "83", "missing_lines": 3, "excluded_lines": 0}, "missing_lines": [121, 150, 151], "excluded_lines": []}, "": {"executed_lines": [1, 3, 5, 6, 8, 9, 12, 34, 66, 81, 82, 87, 107, 110, 111, 112, 113, 114, 115, 118, 119], "summary": {"covered_lines": 20, "num_statements": 20, "percent_covered": 100.0, "percent_covered_display": "100", "missing_lines": 0, "excluded_lines": 1}, "missing_lines": [], "excluded_lines": [66]}}, "classes": {"SearchRequest": {"executed_lines": [], "summary": {"covered_lines": 0, "num_statements": 0, "percent_covered": 100.0, "percent_covered_display": "100", "missing_lines": 0, "excluded_lines": 0}, "missing_lines": [], "excluded_lines": []}, "": {"executed_lines": [1, 3, 5, 6, 8, 9, 12, 18, 19, 21, 23, 24, 25, 26, 27, 29, 30, 31, 34, 36, 37, 39, 40, 45, 54, 55, 56, 57, 58, 59, 66, 67, 68, 69, 70, 71, 72, 73, 77, 81, 82, 87, 88, 89, 90, 92, 93, 95, 97, 98, 99, 100, 101, 102, 107, 110, 111, 112, 113, 114, 115, 118, 119, 120, 122, 123, 124, 125, 126, 138, 139, 142, 143, 144, 145, 147, 148, 149], "summary": {"covered_lines": 69, "num_statements": 80, "percent_covered": 86.25, "percent_covered_display": "86", "missing_lines": 11, "excluded_lines": 14}, "missing_lines": [20, 22, 38, 91, 94, 103, 104, 105, 121, 150, 151], "excluded_lines": [66, 67, 68, 69, 70, 71, 72, 73, 74, 75, 76, 77, 78, 79]}}}, "backend/app/api/user_profile.py": {"executed_lines": [1, 3, 5, 6, 7, 8, 10, 11, 12, 13, 14, 17, 19, 26, 29, 30, 34, 35, 36, 39, 40, 41, 42, 43, 44, 51, 52, 53, 54, 57, 58, 59, 60, 61, 63, 64, 71, 74, 75], "summary": {"covered_lines": 39, "num_statements": 48, "percent_covered": 81.25, "percent_covered_display": "81", "missing_lines": 9, "excluded_lines": 2}, "missing_lines": [31, 47, 48, 67, 68, 84, 85, 86, 87], "excluded_lines": [69, 70], "functions": {"user_ping": {"executed_lines": [], "summary": {"covered_lines": 0, "num_statements": 1, "percent_covered": 0.0, "percent_covered_display": "0", "missing_lines": 1, "excluded_lines": 0}, "missing_lines": [31], "excluded_lines": []}, "preferences_extract": {"executed_lines": [41, 42, 43, 44], "summary": {"covered_lines": 4, "num_statements": 6, "percent_covered": 66.66666666666667, "percent_covered_display": "67", "missing_lines": 2, "excluded_lines": 0}, "missing_lines": [47, 48], "excluded_lines": []}, "refresh_description": {"executed_lines": [59, 60, 61, 63, 64, 71, 74, 75], "summary": {"covered_lines": 8, "num_statements": 14, "percent_covered": 57.142857142857146, "percent_covered_display": "57", "missing_lines": 6, "excluded_lines": 2}, "missing_lines": [67, 68, 84, 85, 86, 87], "excluded_lines": [69, 70]}, "": {"executed_lines": [1, 3, 5, 6, 7, 8, 10, 11, 12, 13, 14, 17, 19, 26, 29, 30, 34, 35, 36, 39, 40, 51, 52, 53, 54, 57, 58], "summary": {"covered_lines": 27, "num_statements": 27, "percent_covered": 100.0, "percent_covered_display": "100", "missing_lines": 0, "excluded_lines": 0}, "missing_lines": [], "excluded_lines": []}}, "classes": {"PreferenceExtractRequest": {"executed_lines": [], "summary": {"covered_lines": 0, "num_statements": 0, "percent_covered": 100.0, "percent_covered_display": "100", "missing_lines": 0, "excluded_lines": 0}, "missing_lines": [], "excluded_lines": []}, "RefreshDescriptionRequest": {"executed_lines": [], "summary": {"covered_lines": 0, "num_statements": 0, "percent_covered": 100.0, "percent_covered_display": "100", "missing_lines": 0, "excluded_lines": 0}, "missing_lines": [], "excluded_lines": []}, "": {"executed_lines": [1, 3, 5, 6, 7, 8, 10, 11, 12, 13, 14, 17, 19, 26, 29, 30, 34, 35, 36, 39, 40, 41, 42, 43, 44, 51, 52, 53, 54, 57, 58, 59, 60, 61, 63, 64, 71, 74, 75], "summary": {"covered_lines": 39, "num_statements": 48, "percent_covered": 81.25, "percent_covered_display": "81", "missing_lines": 9, "excluded_lines": 2}, "missing_lines": [31, 47, 48, 67, 68, 84, 85, 86, 87], "excluded_lines": [69, 70]}}}, "backend/app/color_utils.py": {"executed_lines": [1, 7, 9, 10, 12, 26, 27, 30, 32, 34, 35, 36, 37, 38, 39, 40, 41, 42, 43], "summary": {"covered_lines": 18, "num_statements": 19, "percent_covered": 94.73684210526316, "percent_covered_display": "95", "missing_lines": 1, "excluded_lines": 0}, "missing_lines": [33], "excluded_lines": [], "functions": {"_dist": {"executed_lines": [27], "summary": {"covered_lines": 1, "num_statements": 1, "percent_covered": 100.0, "percent_covered_display": "100", "missing_lines": 0, "excluded_lines": 0}, "missing_lines": [], "excluded_lines": []}, "map_rgb_to_color_name": {"executed_lines": [32, 34, 35, 36, 37, 38, 39, 40, 41, 42, 43], "summary": {"covered_lines": 11, "num_statements": 12, "percent_covered": 91.66666666666667, "percent_covered_display": "92", "missing_lines": 1, "excluded_lines": 0}, "missing_lines": [33], "excluded_lines": []}, "": {"executed_lines": [1, 7, 9, 10, 12, 26, 30], "summary": {"covered_lines": 6, "num_statements": 6, "percent_covered": 100.0, "percent_covered_display": "100", "missing_lines": 0, "excluded_lines": 0}, "missing_lines": [], "excluded_lines": []}}, "classes": {"": {"executed_lines": [1, 7, 9, 10, 12, 26, 27, 30, 32, 34, 35, 36, 37, 38, 39, 40, 41, 42, 43], "summary": {"covered_lines": 18, "num_statements": 19, "percent_covered": 94.73684210526316, "percent_covered_display": "95", "missing_lines": 1, "excluded_lines": 0}, "missing_lines": [33], "excluded_lines": []}}}, "backend/app/core.py": {"executed_lines": [1, 3, 5, 7, 9, 10, 13, 15, 16, 18, 19, 22, 23, 24, 26, 27, 28, 30, 31, 34], "summary": {"covered_lines": 20, "num_statements": 26, "percent_covered": 76.92307692307692, "percent_covered_display": "77", "missing_lines": 6, "excluded_lines": 0}, "missing_lines": [17, 25, 29, 35, 36, 37], "excluded_lines": [], "functions": {"get_client": {"executed_lines": [15, 16, 18, 19], "summary": {"covered_lines": 4, "num_statements": 5, "percent_covered": 80.0, "percent_covered_display": "80", "missing_lines": 1, "excluded_lines": 0}, "missing_lines": [17], "excluded_lines": []}, "embed_text_cached": {"executed_lines": [23, 24, 26, 27, 28, 30, 31], "summary": {"covered_lines": 7, "num_statements": 9, "percent_covered": 77.77777777777777, "percent_covered_display": "78", "missing_lines": 2, "excluded_lines": 0}, "missing_lines": [25, 29], "excluded_lines": []}, "clear_embedding_cache": {"executed_lines": [], "summary": {"covered_lines": 0, "num_statements": 3, "percent_covered": 0.0, "percent_covered_display": "0", "missing_lines": 3, "excluded_lines": 0}, "missing_lines": [35, 36, 37], "excluded_lines": []}, "": {"executed_lines": [1, 3, 5, 7, 9, 10, 13, 22, 34], "summary": {"covered_lines": 9, "num_statements": 9, "percent_covered": 100.0, "percent_covered_display": "100", "missing_lines": 0, "excluded_lines": 0}, "missing_lines": [], "excluded_lines": []}}, "classes": {"": {"executed_lines": [1, 3, 5, 7, 9, 10, 13, 15, 16, 18, 19, 22, 23, 24, 26, 27, 28, 30, 31, 34], "summary": {"covered_lines": 20, "num_statements": 26, "percent_covered": 76.92307692307692, "percent_covered_display": "77", "missing_lines": 6, "excluded_lines": 0}, "missing_lines": [17, 25, 29, 35, 36, 37], "excluded_lines": []}}}, "backend/app/db_models.py": {"executed_lines": [1, 3, 5, 7, 18, 20, 23, 24, 27, 28, 29, 30, 31, 32, 33, 34, 35, 36, 37, 38, 39, 40, 45, 46, 48, 49, 50, 51, 52, 53, 54, 55, 56, 57, 60, 61, 63, 64, 65, 68, 71, 74, 75, 76, 77, 78, 79, 82, 83, 84, 85, 86, 87, 90, 91, 92, 93, 96, 99, 100, 101, 102, 105, 106, 107, 108, 109, 112, 113, 114, 117, 118, 121, 122, 123, 124, 125, 129, 130, 131, 132], "summary": {"covered_lines": 78, "num_statements": 78, "percent_covered": 100.0, "percent_covered_display": "100", "missing_lines": 0, "excluded_lines": 0}, "missing_lines": [], "excluded_lines": [], "functions": {"": {"executed_lines": [1, 3, 5, 7, 18, 20, 23, 24, 27, 28, 29, 30, 31, 32, 33, 34, 35, 36, 37, 38, 39, 40, 45, 46, 48, 49, 50, 51, 52, 53, 54, 55, 56, 57, 60, 61, 63, 64, 65, 68, 71, 74, 75, 76, 77, 78, 79, 82, 83, 84, 85, 86, 87, 90, 91, 92, 93, 96, 99, 100, 101, 102, 105, 106, 107, 108, 109, 112, 113, 114, 117, 118, 121, 122, 123, 124, 125, 129, 130, 131, 132], "summary": {"covered_lines": 78, "num_statements": 78, "percent_covered": 100.0, "percent_covered_display": "100", "missing_lines": 0, "excluded_lines": 0}, "missing_lines": [], "excluded_lines": []}}, "classes": {"Base": {"executed_lines": [], "summary": {"covered_lines": 0, "num_statements": 0, "percent_covered": 100.0, "percent_covered_display": "100", "missing_lines": 0, "excluded_lines": 0}, "missing_lines": [], "excluded_lines": []}, "Garment": {"executed_lines": [], "summary": {"covered_lines": 0, "num_statements": 0, "percent_covered": 100.0, "percent_covered_display": "100", "missing_lines": 0, "excluded_lines": 0}, "missing_lines": [], "excluded_lines": []}, "InventoryImage": {"executed_lines": [], "summary": {"covered_lines": 0, "num_statements": 0, "percent_covered": 100.0, "percent_covered_display": "100", "missing_lines": 0, "excluded_lines": 0}, "missing_lines": [], "excluded_lines": []}, "InventoryItem": {"executed_lines": [], "summary": {"covered_lines": 0, "num_statements": 0, "percent_covered": 100.0, "percent_covered_display": "100", "missing_lines": 0, "excluded_lines": 0}, "missing_lines": [], "excluded_lines": []}, "AttributeValue": {"executed_lines": [], "summary": {"covered_lines": 0, "num_statements": 0, "percent_covered": 100.0, "percent_covered_display": "100", "missing_lines": 0, "excluded_lines": 0}, "missing_lines": [], "excluded_lines": []}, "GarmentAttribute": {"executed_lines": [], "summary": {"covered_lines": 0, "num_statements": 0, "percent_covered": 100.0, "percent_covered_display": "100", "missing_lines": 0, "excluded_lines": 0}, "missing_lines": [], "excluded_lines": []}, "UserPreference": {"executed_lines": [], "summary": {"covered_lines": 0, "num_statements": 0, "percent_covered": 100.0, "percent_covered_display": "100", "missing_lines": 0, "excluded_lines": 0}, "missing_lines": [], "excluded_lines": []}, "InteractionEvent": {"executed_lines": [], "summary": {"covered_lines": 0, "num_statements": 0, "percent_covered": 100.0, "percent_covered_display": "100", "missing_lines": 0, "excluded_lines": 0}, "missing_lines": [], "excluded_lines": []}, "": {"executed_lines": [1, 3, 5, 7, 18, 20, 23, 24, 27, 28, 29, 30, 31, 32, 33, 34, 35, 36, 37, 38, 39, 40, 45, 46, 48, 49, 50, 51, 52, 53, 54, 55, 56, 57, 60, 61, 63, 64, 65, 68, 71, 74, 75, 76, 77, 78, 79, 82, 83, 84, 85, 86, 87, 90, 91, 92, 93, 96, 99, 100, 101, 102, 105, 106, 107, 108, 109, 112, 113, 114, 117, 118, 121, 122, 123, 124, 125, 129, 130, 131, 132], "summary": {"covered_lines": 78, "num_statements": 78, "percent_covered": 100.0, "percent_covered_display": "100", "missing_lines": 0, "excluded_lines": 0}, "missing_lines": [], "excluded_lines": []}}}, "backend/app/describe_images.py": {"executed_lines": [1, 21, 23, 24, 25, 26, 27, 28, 29, 30, 32, 33, 37, 38, 39, 40, 51, 57, 58, 62, 76, 77, 79, 82, 83, 84, 85, 86, 87, 88, 94, 101, 102, 103, 104, 105, 108, 128, 138, 252], "summary": {"covered_lines": 38, "num_statements": 148, "percent_covered": 25.675675675675677, "percent_covered_display": "26", "missing_lines": 110, "excluded_lines": 4}, "missing_lines": [52, 53, 54, 78, 89, 90, 91, 95, 97, 98, 109, 110, 111, 112, 114, 115, 116, 117, 118, 123, 124, 125, 129, 131, 135, 139, 140, 141, 142, 143, 144, 145, 146, 147, 152, 154, 155, 156, 158, 159, 160, 162, 163, 164, 165, 166, 167, 168, 170, 171, 174, 175, 177, 178, 180, 182, 183, 184, 186, 187, 188, 189, 190, 191, 192, 194, 195, 196, 197, 198, 200, 201, 202, 203, 204, 205, 206, 207, 208, 210, 211, 212, 213, 214, 215, 216, 218, 219, 220, 221, 222, 223, 226, 228, 231, 232, 233, 234, 235, 236, 237, 238, 239, 240, 243, 245, 246, 247, 248, 249], "excluded_lines": [34, 35, 252, 253], "functions": {"iter_images": {"executed_lines": [], "summary": {"covered_lines": 0, "num_statements": 3, "percent_covered": 0.0, "percent_covered_display": "0", "missing_lines": 3, "excluded_lines": 0}, "missing_lines": [52, 53, 54], "excluded_lines": []}, "describe_image": {"executed_lines": [58, 62, 76, 77, 79], "summary": {"covered_lines": 5, "num_statements": 6, "percent_covered": 83.33333333333333, "percent_covered_display": "83", "missing_lines": 1, "excluded_lines": 0}, "missing_lines": [78], "excluded_lines": []}, "embed_text": {"executed_lines": [83, 84, 85, 86, 87, 88], "summary": {"covered_lines": 6, "num_statements": 9, "percent_covered": 66.66666666666667, "percent_covered_display": "67", "missing_lines": 3, "excluded_lines": 0}, "missing_lines": [89, 90, 91], "excluded_lines": []}, "compute_image_hash": {"executed_lines": [], "summary": {"covered_lines": 0, "num_statements": 3, "percent_covered": 0.0, "percent_covered_display": "0", "missing_lines": 3, "excluded_lines": 0}, "missing_lines": [95, 97, 98], "excluded_lines": []}, "load_cache": {"executed_lines": [], "summary": {"covered_lines": 0, "num_statements": 12, "percent_covered": 0.0, "percent_covered_display": "0", "missing_lines": 12, "excluded_lines": 0}, "missing_lines": [109, 110, 111, 112, 114, 115, 116, 117, 118, 123, 124, 125], "excluded_lines": []}, "save_cache": {"executed_lines": [], "summary": {"covered_lines": 0, "num_statements": 3, "percent_covered": 0.0, "percent_covered_display": "0", "missing_lines": 3, "excluded_lines": 0}, "missing_lines": [129, 131, 135], "excluded_lines": []}, "main": {"executed_lines": [], "summary": {"covered_lines": 0, "num_statements": 85, "percent_covered": 0.0, "percent_covered_display": "0", "missing_lines": 85, "excluded_lines": 0}, "missing_lines": [139, 140, 141, 142, 143, 144, 145, 146, 147, 152, 154, 155, 156, 158, 159, 160, 162, 163, 164, 165, 166, 167, 168, 170, 171, 174, 175, 177, 178, 180, 182, 183, 184, 186, 187, 188, 189, 190, 191, 192, 194, 195, 196, 197, 198, 200, 201, 202, 203, 204, 205, 206, 207, 208, 210, 211, 212, 213, 214, 215, 216, 218, 219, 220, 221, 222, 223, 226, 228, 231, 232, 233, 234, 235, 236, 237, 238, 239, 240, 243, 245, 246, 247, 248, 249], "excluded_lines": []}, "": {"executed_lines": [1, 21, 23, 24, 25, 26, 27, 28, 29, 30, 32, 33, 37, 38, 39, 40, 51, 57, 82, 94, 101, 102, 103, 104, 105, 108, 128, 138, 252], "summary": {"covered_lines": 27, "num_statements": 27, "percent_covered": 100.0, "percent_covered_display": "100", "missing_lines": 0, "excluded_lines": 4}, "missing_lines": [], "excluded_lines": [34, 35, 252, 253]}}, "classes": {"CacheEntry": {"executed_lines": [], "summary": {"covered_lines": 0, "num_statements": 0, "percent_covered": 100.0, "percent_covered_display": "100", "missing_lines": 0, "excluded_lines": 0}, "missing_lines": [], "excluded_lines": []}, "": {"executed_lines": [1, 21, 23, 24, 25, 26, 27, 28, 29, 30, 32, 33, 37, 38, 39, 40, 51, 57, 58, 62, 76, 77, 79, 82, 83, 84, 85, 86, 87, 88, 94, 101, 102, 103, 104, 105, 108, 128, 138, 252], "summary": {"covered_lines": 38, "num_statements": 148, "percent_covered": 25.675675675675677, "percent_covered_display": "26", "missing_lines": 110, "excluded_lines": 4}, "missing_lines": [52, 53, 54, 78, 89, 90, 91, 95, 97, 98, 109, 110, 111, 112, 114, 115, 116, 117, 118, 123, 124, 125, 129, 131, 135, 139, 140, 141, 142, 143, 144, 145, 146, 147, 152, 154, 155, 156, 158, 159, 160, 162, 163, 164, 165, 166, 167, 168, 170, 171, 174, 175, 177, 178, 180, 182, 183, 184, 186, 187, 188, 189, 190, 191, 192, 194, 195, 196, 197, 198, 200, 201, 202, 203, 204, 205, 206, 207, 208, 210, 211, 212, 213, 214, 215, 216, 218, 219, 220, 221, 222, 223, 226, 228, 231, 232, 233, 234, 235, 236, 237, 238, 239, 240, 243, 245, 246, 247, 248, 249], "excluded_lines": [34, 35, 252, 253]}}}, "backend/app/extractor_schema.py": {"executed_lines": [1, 3, 5], "summary": {"covered_lines": 2, "num_statements": 2, "percent_covered": 100.0, "percent_covered_display": "100", "missing_lines": 0, "excluded_lines": 0}, "missing_lines": [], "excluded_lines": [], "functions": {"": {"executed_lines": [1, 3, 5], "summary": {"covered_lines": 2, "num_statements": 2, "percent_covered": 100.0, "percent_covered_display": "100", "missing_lines": 0, "excluded_lines": 0}, "missing_lines": [], "excluded_lines": []}}, "classes": {"": {"executed_lines": [1, 3, 5], "summary": {"covered_lines": 2, "num_statements": 2, "percent_covered": 100.0, "percent_covered_display": "100", "missing_lines": 0, "excluded_lines": 0}, "missing_lines": [], "excluded_lines": []}}}, "backend/app/image_features.py": {"executed_lines": [1, 10, 12, 13, 14, 16, 18, 19, 20, 21, 22, 23, 24, 27, 28, 30, 31, 32, 33, 34, 35, 37, 43, 45, 46, 47, 48, 50, 51, 54, 55, 56, 59, 62, 63, 64, 65, 70, 71, 72, 73, 76, 85, 86, 87, 88], "summary": {"covered_lines": 43, "num_statements": 54, "percent_covered": 79.62962962962963, "percent_covered_display": "80", "missing_lines": 11, "excluded_lines": 4}, "missing_lines": [38, 39, 40, 67, 68, 69, 77, 78, 80, 81, 82], "excluded_lines": [33, 34, 57, 58], "functions": {"_lru_touch": {"executed_lines": [28, 30, 31, 32, 33, 34, 35, 37], "summary": {"covered_lines": 6, "num_statements": 9, "percent_covered": 66.66666666666667, "percent_covered_display": "67", "missing_lines": 3, "excluded_lines": 2}, "missing_lines": [38, 39, 40], "excluded_lines": [33, 34]}, "_hash_bytes": {"executed_lines": [45, 46, 47, 48, 50, 51], "summary": {"covered_lines": 6, "num_statements": 6, "percent_covered": 100.0, "percent_covered_display": "100", "missing_lines": 0, "excluded_lines": 0}, "missing_lines": [], "excluded_lines": []}, "_compute": {"executed_lines": [55, 56, 59], "summary": {"covered_lines": 3, "num_statements": 3, "percent_covered": 100.0, "percent_covered_display": "100", "missing_lines": 0, "excluded_lines": 2}, "missing_lines": [], "excluded_lines": [57, 58]}, "image_to_feature": {"executed_lines": [63, 64, 65, 70, 71, 72, 73], "summary": {"covered_lines": 7, "num_statements": 10, "percent_covered": 70.0, "percent_covered_display": "70", "missing_lines": 3, "excluded_lines": 0}, "missing_lines": [67, 68, 69], "excluded_lines": []}, "clear_feature_cache": {"executed_lines": [], "summary": {"covered_lines": 0, "num_statements": 5, "percent_covered": 0.0, "percent_covered_display": "0", "missing_lines": 5, "excluded_lines": 0}, "missing_lines": [77, 78, 80, 81, 82], "excluded_lines": []}, "feature_cache_stats": {"executed_lines": [86, 87, 88], "summary": {"covered_lines": 3, "num_statements": 3, "percent_covered": 100.0, "percent_covered_display": "100", "missing_lines": 0, "excluded_lines": 0}, "missing_lines": [], "excluded_lines": []}, "": {"executed_lines": [1, 10, 12, 13, 14, 16, 18, 19, 20, 21, 22, 23, 24, 27, 43, 54, 62, 76, 85], "summary": {"covered_lines": 18, "num_statements": 18, "percent_covered": 100.0, "percent_covered_display": "100", "missing_lines": 0, "excluded_lines": 0}, "missing_lines": [], "excluded_lines": []}}, "classes": {"": {"executed_lines": [1, 10, 12, 13, 14, 16, 18, 19, 20, 21, 22, 23, 24, 27, 28, 30, 31, 32, 33, 34, 35, 37, 43, 45, 46, 47, 48, 50, 51, 54, 55, 56, 59, 62, 63, 64, 65, 70, 71, 72, 73, 76, 85, 86, 87, 88], "summary": {"covered_lines": 43, "num_statements": 54, "percent_covered": 79.62962962962963, "percent_covered_display": "80", "missing_lines": 11, "excluded_lines": 4}, "missing_lines": [38, 39, 40, 67, 68, 69, 77, 78, 80, 81, 82], "excluded_lines": [33, 34, 57, 58]}}}, "backend/app/ingest.py": {"executed_lines": [1, 3, 5, 6, 8, 9, 11, 12, 13, 15, 16, 19, 27, 29, 30, 31, 32, 33, 36, 40, 41, 44, 45, 47, 48, 49, 50, 53, 66, 67, 69, 72, 73, 75, 76, 85, 86, 88, 89, 90, 91, 92, 93, 94, 95, 102, 103], "summary": {"covered_lines": 46, "num_statements": 48, "percent_covered": 95.83333333333333, "percent_covered_display": "96", "missing_lines": 2, "excluded_lines": 0}, "missing_lines": [37, 46], "excluded_lines": [], "functions": {"get_engine": {"executed_lines": [27, 29, 30, 31, 32, 33], "summary": {"covered_lines": 6, "num_statements": 6, "percent_covered": 100.0, "percent_covered_display": "100", "missing_lines": 0, "excluded_lines": 0}, "missing_lines": [], "excluded_lines": []}, "init_db": {"executed_lines": [], "summary": {"covered_lines": 0, "num_statements": 1, "percent_covered": 0.0, "percent_covered_display": "0", "missing_lines": 1, "excluded_lines": 0}, "missing_lines": [37], "excluded_lines": []}, "get_or_create_attribute": {"executed_lines": [41, 44, 45, 47, 48, 49, 50], "summary": {"covered_lines": 7, "num_statements": 8, "percent_covered": 87.5, "percent_covered_display": "88", "missing_lines": 1, "excluded_lines": 0}, "missing_lines": [46], "excluded_lines": []}, "ingest_garment": {"executed_lines": [66, 67, 69, 72, 73, 75, 76, 85, 86, 88, 89, 90, 91, 92, 93, 94, 95, 102, 103], "summary": {"covered_lines": 19, "num_statements": 19, "percent_covered": 100.0, "percent_covered_display": "100", "missing_lines": 0, "excluded_lines": 0}, "missing_lines": [], "excluded_lines": []}, "": {"executed_lines": [1, 3, 5, 6, 8, 9, 11, 12, 13, 15, 16, 19, 36, 40, 53], "summary": {"covered_lines": 14, "num_statements": 14, "percent_covered": 100.0, "percent_covered_display": "100", "missing_lines": 0, "excluded_lines": 0}, "missing_lines": [], "excluded_lines": []}}, "classes": {"": {"executed_lines": [1, 3, 5, 6, 8, 9, 11, 12, 13, 15, 16, 19, 27, 29, 30, 31, 32, 33, 36, 40, 41, 44, 45, 47, 48, 49, 50, 53, 66, 67, 69, 72, 73, 75, 76, 85, 86, 88, 89, 90, 91, 92, 93, 94, 95, 102, 103], "summary": {"covered_lines": 46, "num_statements": 48, "percent_covered": 95.83333333333333, "percent_covered_display": "96", "missing_lines": 2, "excluded_lines": 0}, "missing_lines": [37, 46], "excluded_lines": []}}}, "backend/app/inventory_processing.py": {"executed_lines": [1, 7, 9, 10, 11, 12, 13, 14, 16, 18, 19, 22, 24, 25, 26, 27, 30, 31, 32, 33, 36, 38, 40, 41, 42, 43, 44, 45, 49, 50, 51, 54, 55, 56, 67, 70, 72, 73, 74, 81, 82, 86, 87, 88, 102, 103, 104, 105, 131, 132, 134, 135, 146, 148, 149, 151, 152, 153, 154, 155, 157, 158, 159, 161, 162, 163, 164, 173, 174, 175, 176], "summary": {"covered_lines": 70, "num_statements": 101, "percent_covered": 69.3069306930693, "percent_covered_display": "69", "missing_lines": 31, "excluded_lines": 0}, "missing_lines": [28, 29, 46, 47, 48, 106, 107, 108, 109, 110, 111, 112, 113, 114, 115, 120, 127, 128, 129, 130, 136, 137, 156, 165, 166, 167, 168, 170, 171, 182, 183], "excluded_lines": [], "functions": {"persist_raw_image": {"executed_lines": [24, 25, 26, 27, 30, 31, 32, 33], "summary": {"covered_lines": 8, "num_statements": 10, "percent_covered": 80.0, "percent_covered_display": "80", "missing_lines": 2, "excluded_lines": 0}, "missing_lines": [28, 29], "excluded_lines": []}, "standardize_and_optimize": {"executed_lines": [38, 40, 41, 42, 43, 44, 45, 49, 50, 51], "summary": {"covered_lines": 10, "num_statements": 13, "percent_covered": 76.92307692307692, "percent_covered_display": "77", "missing_lines": 3, "excluded_lines": 0}, "missing_lines": [46, 47, 48], "excluded_lines": []}, "multi_garment_prompt": {"executed_lines": [55, 56, 67], "summary": {"covered_lines": 3, "num_statements": 3, "percent_covered": 100.0, "percent_covered_display": "100", "missing_lines": 0, "excluded_lines": 0}, "missing_lines": [], "excluded_lines": []}, "describe_inventory_image_multi": {"executed_lines": [72, 73, 74, 81, 82, 86, 87, 88, 102, 103, 104, 105, 131, 132, 134, 135], "summary": {"covered_lines": 16, "num_statements": 33, "percent_covered": 48.484848484848484, "percent_covered_display": "48", "missing_lines": 17, "excluded_lines": 0}, "missing_lines": [106, 107, 108, 109, 110, 111, 112, 113, 114, 115, 120, 127, 128, 129, 130, 136, 137], "excluded_lines": []}, "color_stats": {"executed_lines": [148, 149, 151, 152, 153, 154, 155, 157, 158, 159, 161, 162, 163, 164, 173, 174, 175, 176], "summary": {"covered_lines": 18, "num_statements": 27, "percent_covered": 66.66666666666667, "percent_covered_display": "67", "missing_lines": 9, "excluded_lines": 0}, "missing_lines": [156, 165, 166, 167, 168, 170, 171, 182, 183], "excluded_lines": []}, "": {"executed_lines": [1, 7, 9, 10, 11, 12, 13, 14, 16, 18, 19, 22, 36, 54, 70, 146], "summary": {"covered_lines": 15, "num_statements": 15, "percent_covered": 100.0, "percent_covered_display": "100", "missing_lines": 0, "excluded_lines": 0}, "missing_lines": [], "excluded_lines": []}}, "classes": {"": {"executed_lines": [1, 7, 9, 10, 11, 12, 13, 14, 16, 18, 19, 22, 24, 25, 26, 27, 30, 31, 32, 33, 36, 38, 40, 41, 42, 43, 44, 45, 49, 50, 51, 54, 55, 56, 67, 70, 72, 73, 74, 81, 82, 86, 87, 88, 102, 103, 104, 105, 131, 132, 134, 135, 146, 148, 149, 151, 152, 153, 154, 155, 157, 158, 159, 161, 162, 163, 164, 173, 174, 175, 176], "summary": {"covered_lines": 70, "num_statements": 101, "percent_covered": 69.3069306930693, "percent_covered_display": "69", "missing_lines": 31, "excluded_lines": 0}, "missing_lines": [28, 29, 46, 47, 48, 106, 107, 108, 109, 110, 111, 112, 113, 114, 115, 120, 127, 128, 129, 130, 136, 137, 156, 165, 166, 167, 168, 170, 171, 182, 183], "excluded_lines": []}}}, "backend/app/inventory_utils.py": {"executed_lines": [1, 3, 4, 5, 6, 8, 10, 13, 14, 15, 16, 17, 18, 19, 20, 23, 26, 28, 29, 30, 37, 38, 39], "summary": {"covered_lines": 23, "num_statements": 23, "percent_covered": 100.0, "percent_covered_display": "100", "missing_lines": 0, "excluded_lines": 0}, "missing_lines": [], "excluded_lines": [], "functions": {"persist_inventory_image_file": {"executed_lines": [14, 15, 16, 17, 18, 19, 20], "summary": {"covered_lines": 7, "num_statements": 7, "percent_covered": 100.0, "percent_covered_display": "100", "missing_lines": 0, "excluded_lines": 0}, "missing_lines": [], "excluded_lines": []}, "safe_add_garment_attribute": {"executed_lines": [26, 28, 29, 30, 37, 38, 39], "summary": {"covered_lines": 7, "num_statements": 7, "percent_covered": 100.0, "percent_covered_display": "100", "missing_lines": 0, "excluded_lines": 0}, "missing_lines": [], "excluded_lines": []}, "": {"executed_lines": [1, 3, 4, 5, 6, 8, 10, 13, 23], "summary": {"covered_lines": 9, "num_statements": 9, "percent_covered": 100.0, "percent_covered_display": "100", "missing_lines": 0, "excluded_lines": 0}, "missing_lines": [], "excluded_lines": []}}, "classes": {"": {"executed_lines": [1, 3, 4, 5, 6, 8, 10, 13, 14, 15, 16, 17, 18, 19, 20, 23, 26, 28, 29, 30, 37, 38, 39], "summary": {"covered_lines": 23, "num_statements": 23, "percent_covered": 100.0, "percent_covered_display": "100", "missing_lines": 0, "excluded_lines": 0}, "missing_lines": [], "excluded_lines": []}}}, "backend/app/main.py": {"executed_lines": [1, 8, 10, 11, 12, 13, 14, 15, 16, 20, 22, 23, 24, 25, 26, 27, 30, 31, 32, 35, 36], "summary": {"covered_lines": 20, "num_statements": 22, "percent_covered": 90.9090909090909, "percent_covered_display": "91", "missing_lines": 2, "excluded_lines": 0}, "missing_lines": [37, 38], "excluded_lines": [], "functions": {"root": {"executed_lines": [32], "summary": {"covered_lines": 1, "num_statements": 1, "percent_covered": 100.0, "percent_covered_display": "100", "missing_lines": 0, "excluded_lines": 0}, "missing_lines": [], "excluded_lines": []}, "clear_embedding": {"executed_lines": [], "summary": {"covered_lines": 0, "num_statements": 2, "percent_covered": 0.0, "percent_covered_display": "0", "missing_lines": 2, "excluded_lines": 0}, "missing_lines": [37, 38], "excluded_lines": []}, "": {"executed_lines": [1, 8, 10, 11, 12, 13, 14, 15, 16, 20, 22, 23, 24, 25, 26, 27, 30, 31, 35, 36], "summary": {"covered_lines": 19, "num_statements": 19, "percent_covered": 100.0, "percent_covered_display": "100", "missing_lines": 0, "excluded_lines": 0}, "missing_lines": [], "excluded_lines": []}}, "classes": {"": {"executed_lines": [1, 8, 10, 11, 12, 13, 14, 15, 16, 20, 22, 23, 24, 25, 26, 27, 30, 31, 32, 35, 36], "summary": {"covered_lines": 20, "num_statements": 22, "percent_covered": 90.9090909090909, "percent_covered_display": "91", "missing_lines": 2, "excluded_lines": 0}, "missing_lines": [37, 38], "excluded_lines": []}}}, "backend/app/ontology.py": {"executed_lines": [1, 10, 12, 13, 16, 17, 18, 19, 20, 23, 47, 67, 68, 69, 70, 71, 72, 73, 76, 77, 80, 84, 85, 86, 89, 94, 95, 96, 98, 100, 101, 102, 104, 105, 106, 108, 110, 111, 114, 115, 116, 120, 121, 124, 125, 128, 129, 130, 133, 134, 135, 136, 139, 140, 141, 142, 143, 144, 146, 147, 148, 149, 152, 154, 155, 156, 157, 158, 159, 160, 161, 165, 166, 169, 170, 171, 172, 180, 182, 183, 184, 187, 195, 196, 197, 198, 199, 200, 201, 202, 203, 204, 205, 206, 207, 208, 210, 211], "summary": {"covered_lines": 97, "num_statements": 105, "percent_covered": 92.38095238095238, "percent_covered_display": "92", "missing_lines": 8, "excluded_lines": 0}, "missing_lines": [81, 103, 117, 118, 162, 163, 164, 209], "excluded_lines": [], "functions": {"normalize": {"executed_lines": [68, 69, 70, 71, 72, 73], "summary": {"covered_lines": 6, "num_statements": 6, "percent_covered": 100.0, "percent_covered_display": "100", "missing_lines": 0, "excluded_lines": 0}, "missing_lines": [], "excluded_lines": []}, "families": {"executed_lines": [77], "summary": {"covered_lines": 1, "num_statements": 1, "percent_covered": 100.0, "percent_covered_display": "100", "missing_lines": 0, "excluded_lines": 0}, "missing_lines": [], "excluded_lines": []}, "all_values": {"executed_lines": [], "summary": {"covered_lines": 0, "num_statements": 1, "percent_covered": 0.0, "percent_covered_display": "0", "missing_lines": 1, "excluded_lines": 0}, "missing_lines": [81], "excluded_lines": []}, "classify_basic": {"executed_lines": [94, 95, 96, 98, 100, 108, 110, 114, 115, 116, 120, 121, 124, 125, 128, 129, 130, 133, 134, 135, 136, 139, 140, 141, 142, 143, 144, 146, 147, 148, 149], "summary": {"covered_lines": 31, "num_statements": 33, "percent_covered": 93.93939393939394, "percent_covered_display": "94", "missing_lines": 2, "excluded_lines": 0}, "missing_lines": [117, 118], "excluded_lines": []}, "classify_basic.add": {"executed_lines": [101, 102, 104, 105, 106], "summary": {"covered_lines": 5, "num_statements": 6, "percent_covered": 83.33333333333333, "percent_covered_display": "83", "missing_lines": 1, "excluded_lines": 0}, "missing_lines": [103], "excluded_lines": []}, "classify_basic.fam_add": {"executed_lines": [111], "summary": {"covered_lines": 1, "num_statements": 1, "percent_covered": 100.0, "percent_covered_display": "100", "missing_lines": 0, "excluded_lines": 0}, "missing_lines": [], "excluded_lines": []}, "classify_basic_cached": {"executed_lines": [154, 155, 156, 157, 158, 159, 160, 161, 165, 166], "summary": {"covered_lines": 10, "num_statements": 13, "percent_covered": 76.92307692307692, "percent_covered_display": "77", "missing_lines": 3, "excluded_lines": 0}, "missing_lines": [162, 163, 164], "excluded_lines": []}, "classify_cache_stats": {"executed_lines": [170, 171, 172], "summary": {"covered_lines": 3, "num_statements": 3, "percent_covered": 100.0, "percent_covered_display": "100", "missing_lines": 0, "excluded_lines": 0}, "missing_lines": [], "excluded_lines": []}, "clear_classify_cache": {"executed_lines": [182, 183, 184], "summary": {"covered_lines": 3, "num_statements": 3, "percent_covered": 100.0, "percent_covered_display": "100", "missing_lines": 0, "excluded_lines": 0}, "missing_lines": [], "excluded_lines": []}, "attribute_confidences": {"executed_lines": [195, 196, 197, 198, 199, 200, 201, 202, 203, 204, 205, 206, 207, 208, 210, 211], "summary": {"covered_lines": 16, "num_statements": 17, "percent_covered": 94.11764705882354, "percent_covered_display": "94", "missing_lines": 1, "excluded_lines": 0}, "missing_lines": [209], "excluded_lines": []}, "": {"executed_lines": [1, 10, 12, 13, 16, 17, 18, 19, 20, 23, 47, 67, 76, 80, 84, 85, 86, 89, 152, 169, 180, 187], "summary": {"covered_lines": 21, "num_statements": 21, "percent_covered": 100.0, "percent_covered_display": "100", "missing_lines": 0, "excluded_lines": 0}, "missing_lines": [], "excluded_lines": []}}, "classes": {"AttributeValue": {"executed_lines": [], "summary": {"covered_lines": 0, "num_statements": 0, "percent_covered": 100.0, "percent_covered_display": "100", "missing_lines": 0, "excluded_lines": 0}, "missing_lines": [], "excluded_lines": []}, "": {"executed_lines": [1, 10, 12, 13, 16, 17, 18, 19, 20, 23, 47, 67, 68, 69, 70, 71, 72, 73, 76, 77, 80, 84, 85, 86, 89, 94, 95, 96, 98, 100, 101, 102, 104, 105, 106, 108, 110, 111, 114, 115, 116, 120, 121, 124, 125, 128, 129, 130, 133, 134, 135, 136, 139, 140, 141, 142, 143, 144, 146, 147, 148, 149, 152, 154, 155, 156, 157, 158, 159, 160, 161, 165, 166, 169, 170, 171, 172, 180, 182, 183, 184, 187, 195, 196, 197, 198, 199, 200, 201, 202, 203, 204, 205, 206, 207, 208, 210, 211], "summary": {"covered_lines": 97, "num_statements": 105, "percent_covered": 92.38095238095238, "percent_covered_display": "92", "missing_lines": 8, "excluded_lines": 0}, "missing_lines": [81, 103, 117, 118, 162, 163, 164, 209], "excluded_lines": []}}}, "backend/app/openai_extractor.py": {"executed_lines": [1, 3, 5, 6, 7, 9, 10, 15, 17, 18, 20, 22, 29, 41, 43, 44, 46, 47, 48, 56, 58, 59, 62, 63, 64, 68, 69, 72, 73, 74, 76, 78, 85, 93, 94, 98, 99, 102, 105, 106, 111, 112, 113, 115, 122, 123, 142, 144, 146, 148, 149], "summary": {"covered_lines": 50, "num_statements": 70, "percent_covered": 71.42857142857143, "percent_covered_display": "71", "missing_lines": 20, "excluded_lines": 3}, "missing_lines": [49, 50, 51, 52, 53, 54, 55, 65, 66, 67, 75, 95, 101, 103, 107, 108, 124, 143, 145, 147], "excluded_lines": [11, 12, 13], "functions": {"_postprocess": {"executed_lines": [43, 44, 46, 58, 59, 62, 63, 64, 68, 69], "summary": {"covered_lines": 10, "num_statements": 13, "percent_covered": 76.92307692307692, "percent_covered_display": "77", "missing_lines": 3, "excluded_lines": 0}, "missing_lines": [65, 66, 67], "excluded_lines": []}, "_postprocess.clean_section": {"executed_lines": [47, 48, 56], "summary": {"covered_lines": 3, "num_statements": 10, "percent_covered": 30.0, "percent_covered_display": "30", "missing_lines": 7, "excluded_lines": 0}, "missing_lines": [49, 50, 51, 52, 53, 54, 55], "excluded_lines": []}, "extract_preferences": {"executed_lines": [73, 74, 76, 78, 85, 93, 94, 98, 99, 102, 105, 106, 111, 112, 113, 115, 122, 123, 142, 144, 146, 148, 149], "summary": {"covered_lines": 23, "num_statements": 33, "percent_covered": 69.6969696969697, "percent_covered_display": "70", "missing_lines": 10, "excluded_lines": 0}, "missing_lines": [75, 95, 101, 103, 107, 108, 124, 143, 145, 147], "excluded_lines": []}, "": {"executed_lines": [1, 3, 5, 6, 7, 9, 10, 15, 17, 18, 20, 22, 29, 41, 72], "summary": {"covered_lines": 14, "num_statements": 14, "percent_covered": 100.0, "percent_covered_display": "100", "missing_lines": 0, "excluded_lines": 3}, "missing_lines": [], "excluded_lines": [11, 12, 13]}}, "classes": {"": {"executed_lines": [1, 3, 5, 6, 7, 9, 10, 15, 17, 18, 20, 22, 29, 41, 43, 44, 46, 47, 48, 56, 58, 59, 62, 63, 64, 68, 69, 72, 73, 74, 76, 78, 85, 93, 94, 98, 99, 102, 105, 106, 111, 112, 113, 115, 122, 123, 142, 144, 146, 148, 149], "summary": {"covered_lines": 50, "num_statements": 70, "percent_covered": 71.42857142857143, "percent_covered_display": "71", "missing_lines": 20, "excluded_lines": 3}, "missing_lines": [49, 50, 51, 52, 53, 54, 55, 65, 66, 67, 75, 95, 101, 103, 107, 108, 124, 143, 145, 147], "excluded_lines": [11, 12, 13]}}}, "backend/app/query_pipeline.py": {"executed_lines": [1, 6, 8, 9, 10, 11, 13, 14, 16, 17, 18, 21, 22, 23, 24, 25, 28, 29, 30, 31, 32, 33, 34, 37, 38, 40, 44, 45, 46, 47, 49, 52, 53, 54, 56, 57, 58, 59, 60, 61, 62, 64, 66, 67, 68, 71, 72, 73, 74, 75, 76, 77, 78, 79, 80, 81, 82, 83, 84, 85, 86, 87, 88, 89, 90, 91, 100, 102, 103, 106, 107, 108, 109, 110, 111, 113, 115, 116, 117, 122, 123, 124, 127, 128, 129, 130, 131, 133, 134, 136, 138, 140, 141, 147, 148, 149, 150, 151, 152, 153, 154, 157, 158, 159, 161, 162, 164, 165, 166, 168, 170, 171, 177, 178, 179, 180, 181, 182, 183, 184, 187, 190, 191, 192, 194, 196, 197, 198, 199, 200, 202, 203, 204, 205, 206, 207, 208, 216, 217, 218, 219, 220, 222, 223, 224, 225, 227, 228, 229, 230, 231, 232, 234, 235, 236, 237, 238, 239, 243, 244, 245, 246, 247, 250, 252, 253, 254, 256, 257, 258, 261, 262, 277, 286, 287, 290, 296, 297, 298], "summary": {"covered_lines": 178, "num_statements": 187, "percent_covered": 95.18716577540107, "percent_covered_display": "95", "missing_lines": 9, "excluded_lines": 0}, "missing_lines": [39, 41, 42, 43, 48, 55, 101, 132, 163], "excluded_lines": [], "functions": {"_cos": {"executed_lines": [38, 40, 44, 45, 46, 47, 49], "summary": {"covered_lines": 7, "num_statements": 12, "percent_covered": 58.333333333333336, "percent_covered_display": "58", "missing_lines": 5, "excluded_lines": 0}, "missing_lines": [39, 41, 42, 43, 48], "excluded_lines": []}, "parse_query": {"executed_lines": [53, 54, 56, 57, 58, 59, 60, 61, 62, 64, 66, 67, 68], "summary": {"covered_lines": 13, "num_statements": 14, "percent_covered": 92.85714285714286, "percent_covered_display": "93", "missing_lines": 1, "excluded_lines": 0}, "missing_lines": [55], "excluded_lines": []}, "_attribute_overlap_score": {"executed_lines": [72, 73, 74, 75, 76, 77, 78, 79, 80, 81, 82, 83, 84, 85, 86, 87, 88, 89, 90, 91, 100, 102, 103], "summary": {"covered_lines": 23, "num_statements": 24, "percent_covered": 95.83333333333333, "percent_covered_display": "96", "missing_lines": 1, "excluded_lines": 0}, "missing_lines": [101], "excluded_lines": []}, "_load_user_preferences": {"executed_lines": [107, 108, 109, 110, 111, 113, 115, 116, 117, 122, 123, 124], "summary": {"covered_lines": 12, "num_statements": 12, "percent_covered": 100.0, "percent_covered_display": "100", "missing_lines": 0, "excluded_lines": 0}, "missing_lines": [], "excluded_lines": []}, "_load_user_positive_embedding": {"executed_lines": [128, 129, 130, 131, 133, 134, 136, 138, 140, 141, 147, 148, 149, 150, 151, 152, 153, 154], "summary": {"covered_lines": 18, "num_statements": 19, "percent_covered": 94.73684210526316, "percent_covered_display": "95", "missing_lines": 1, "excluded_lines": 0}, "missing_lines": [132], "excluded_lines": []}, "_load_user_negative_embedding": {"executed_lines": [158, 159, 161, 162, 164, 165, 166, 168, 170, 171, 177, 178, 179, 180, 181, 182, 183, 184], "summary": {"covered_lines": 18, "num_statements": 19, "percent_covered": 94.73684210526316, "percent_covered_display": "95", "missing_lines": 1, "excluded_lines": 0}, "missing_lines": [163], "excluded_lines": []}, "retrieve_and_rank": {"executed_lines": [190, 191, 192, 194, 196, 197, 198, 199, 200, 202, 203, 204, 205, 206, 207, 208, 216, 217, 218, 219, 220, 222, 223, 224, 225, 227, 228, 229, 230, 231, 232, 234, 235, 236, 237, 238, 239, 243, 244, 245, 246, 247, 250, 252, 253, 254, 256, 257, 258, 261, 262, 277, 286, 287], "summary": {"covered_lines": 54, "num_statements": 54, "percent_covered": 100.0, "percent_covered_display": "100", "missing_lines": 0, "excluded_lines": 0}, "missing_lines": [], "excluded_lines": []}, "search": {"executed_lines": [296, 297, 298], "summary": {"covered_lines": 3, "num_statements": 3, "percent_covered": 100.0, "percent_covered_display": "100", "missing_lines": 0, "excluded_lines": 0}, "missing_lines": [], "excluded_lines": []}, "": {"executed_lines": [1, 6, 8, 9, 10, 11, 13, 14, 16, 17, 18, 21, 22, 23, 24, 25, 28, 29, 30, 31, 32, 33, 34, 37, 52, 71, 106, 127, 157, 187, 290], "summary": {"covered_lines": 30, "num_statements": 30, "percent_covered": 100.0, "percent_covered_display": "100", "missing_lines": 0, "excluded_lines": 0}, "missing_lines": [], "excluded_lines": []}}, "classes": {"ParsedQuery": {"executed_lines": [], "summary": {"covered_lines": 0, "num_statements": 0, "percent_covered": 100.0, "percent_covered_display": "100", "missing_lines": 0, "excluded_lines": 0}, "missing_lines": [], "excluded_lines": []}, "RankedGarment": {"executed_lines": [], "summary": {"covered_lines": 0, "num_statements": 0, "percent_covered": 100.0, "percent_covered_display": "100", "missing_lines": 0, "excluded_lines": 0}, "missing_lines": [], "excluded_lines": []}, "": {"executed_lines": [1, 6, 8, 9, 10, 11, 13, 14, 16, 17, 18, 21, 22, 23, 24, 25, 28, 29, 30, 31, 32, 33, 34, 37, 38, 40, 44, 45, 46, 47, 49, 52, 53, 54, 56, 57, 58, 59, 60, 61, 62, 64, 66, 67, 68, 71, 72, 73, 74, 75, 76, 77, 78, 79, 80, 81, 82, 83, 84, 85, 86, 87, 88, 89, 90, 91, 100, 102, 103, 106, 107, 108, 109, 110, 111, 113, 115, 116, 117, 122, 123, 124, 127, 128, 129, 130, 131, 133, 134, 136, 138, 140, 141, 147, 148, 149, 150, 151, 152, 153, 154, 157, 158, 159, 161, 162, 164, 165, 166, 168, 170, 171, 177, 178, 179, 180, 181, 182, 183, 184, 187, 190, 191, 192, 194, 196, 197, 198, 199, 200, 202, 203, 204, 205, 206, 207, 208, 216, 217, 218, 219, 220, 222, 223, 224, 225, 227, 228, 229, 230, 231, 232, 234, 235, 236, 237, 238, 239, 243, 244, 245, 246, 247, 250, 252, 253, 254, 256, 257, 258, 261, 262, 277, 286, 287, 290, 296, 297, 298], "summary": {"covered_lines": 178, "num_statements": 187, "percent_covered": 95.18716577540107, "percent_covered_display": "95", "missing_lines": 9, "excluded_lines": 0}, "missing_lines": [39, 41, 42, 43, 48, 55, 101, 132, 163], "excluded_lines": []}}}, "backend/app/refresh_description.py": {"executed_lines": [1, 8, 10, 11, 13, 14, 16, 17, 18, 21, 22, 25, 54, 55, 57, 59, 60, 63, 64, 65, 66, 67, 69, 70, 73, 74, 92, 93], "summary": {"covered_lines": 25, "num_statements": 39, "percent_covered": 64.1025641025641, "percent_covered_display": "64", "missing_lines": 14, "excluded_lines": 2}, "missing_lines": [56, 58, 75, 76, 77, 78, 79, 80, 81, 82, 83, 84, 85, 86], "excluded_lines": [69, 70], "functions": {"refresh_description_core": {"executed_lines": [54, 55, 57, 59, 60, 63, 64, 65, 66, 67, 69, 70, 73, 74, 92, 93], "summary": {"covered_lines": 14, "num_statements": 28, "percent_covered": 50.0, "percent_covered_display": "50", "missing_lines": 14, "excluded_lines": 2}, "missing_lines": [56, 58, 75, 76, 77, 78, 79, 80, 81, 82, 83, 84, 85, 86], "excluded_lines": [69, 70]}, "": {"executed_lines": [1, 8, 10, 11, 13, 14, 16, 17, 18, 21, 22, 25], "summary": {"covered_lines": 11, "num_statements": 11, "percent_covered": 100.0, "percent_covered_display": "100", "missing_lines": 0, "excluded_lines": 0}, "missing_lines": [], "excluded_lines": []}}, "classes": {"": {"executed_lines": [1, 8, 10, 11, 13, 14, 16, 17, 18, 21, 22, 25, 54, 55, 57, 59, 60, 63, 64, 65, 66, 67, 69, 70, 73, 74, 92, 93], "summary": {"covered_lines": 25, "num_statements": 39, "percent_covered": 64.1025641025641, "percent_covered_display": "64", "missing_lines": 14, "excluded_lines": 2}, "missing_lines": [56, 58, 75, 76, 77, 78, 79, 80, 81, 82, 83, 84, 85, 86], "excluded_lines": [69, 70]}}}, "backend/app/transcribe-troy.py": {"executed_lines": [], "summary": {"covered_lines": 0, "num_statements": 23, "percent_covered": 0.0, "percent_covered_display": "0", "missing_lines": 23, "excluded_lines": 0}, "missing_lines": [11, 13, 14, 15, 17, 20, 21, 22, 23, 25, 26, 27, 29, 30, 31, 32, 34, 35, 36, 41, 42, 45, 46], "excluded_lines": [], "functions": {"main": {"executed_lines": [], "summary": {"covered_lines": 0, "num_statements": 15, "percent_covered": 0.0, "percent_covered_display": "0", "missing_lines": 15, "excluded_lines": 0}, "missing_lines": [21, 22, 23, 25, 26, 27, 29, 30, 31, 32, 34, 35, 36, 41, 42], "excluded_lines": []}, "": {"executed_lines": [], "summary": {"covered_lines": 0, "num_statements": 8, "percent_covered": 0.0, "percent_covered_display": "0", "missing_lines": 8, "excluded_lines": 0}, "missing_lines": [11, 13, 14, 15, 17, 20, 45, 46], "excluded_lines": []}}, "classes": {"": {"executed_lines": [], "summary": {"covered_lines": 0, "num_statements": 23, "percent_covered": 0.0, "percent_covered_display": "0", "missing_lines": 23, "excluded_lines": 0}, "missing_lines": [11, 13, 14, 15, 17, 20, 21, 22, 23, 25, 26, 27, 29, 30, 31, 32, 34, 35, 36, 41, 42, 45, 46], "excluded_lines": []}}}, "backend/app/user_state.py": {"executed_lines": [1, 6, 8, 9, 10, 12, 15, 16, 17, 18, 20, 21, 22, 23, 24, 25, 26, 27, 29, 32, 33, 36, 37, 38, 41, 42, 44, 47, 48, 49, 51, 54, 55, 58, 59, 60, 61, 62, 64, 65, 66, 67, 68, 69, 72, 81], "summary": {"covered_lines": 45, "num_statements": 57, "percent_covered": 78.94736842105263, "percent_covered_display": "79", "missing_lines": 12, "excluded_lines": 0}, "missing_lines": [28, 39, 63, 74, 75, 76, 77, 78, 82, 83, 84, 85], "excluded_lines": [], "functions": {"_LRU.__init__": {"executed_lines": [17, 18], "summary": {"covered_lines": 2, "num_statements": 2, "percent_covered": 100.0, "percent_covered_display": "100", "missing_lines": 0, "excluded_lines": 0}, "missing_lines": [], "excluded_lines": []}, "_LRU.get_or_set": {"executed_lines": [21, 22, 23, 24, 25, 26, 27, 29], "summary": {"covered_lines": 8, "num_statements": 9, "percent_covered": 88.88888888888889, "percent_covered_display": "89", "missing_lines": 1, "excluded_lines": 0}, "missing_lines": [28], "excluded_lines": []}, "cache_query_embedding": {"executed_lines": [37, 38, 41, 44], "summary": {"covered_lines": 4, "num_statements": 5, "percent_covered": 80.0, "percent_covered_display": "80", "missing_lines": 1, "excluded_lines": 0}, "missing_lines": [39], "excluded_lines": []}, "cache_query_embedding.factory": {"executed_lines": [42], "summary": {"covered_lines": 1, "num_statements": 1, "percent_covered": 100.0, "percent_covered_display": "100", "missing_lines": 0, "excluded_lines": 0}, "missing_lines": [], "excluded_lines": []}, "set_user_embedding": {"executed_lines": [48, 49, 51], "summary": {"covered_lines": 3, "num_statements": 3, "percent_covered": 100.0, "percent_covered_display": "100", "missing_lines": 0, "excluded_lines": 0}, "missing_lines": [], "excluded_lines": []}, "get_user_embedding": {"executed_lines": [55], "summary": {"covered_lines": 1, "num_statements": 1, "percent_covered": 100.0, "percent_covered_display": "100", "missing_lines": 0, "excluded_lines": 0}, "missing_lines": [], "excluded_lines": []}, "combine_embeddings": {"executed_lines": [59, 60, 61, 62, 64, 65, 66, 67, 68, 69], "summary": {"covered_lines": 10, "num_statements": 11, "percent_covered": 90.9090909090909, "percent_covered_display": "91", "missing_lines": 1, "excluded_lines": 0}, "missing_lines": [63], "excluded_lines": []}, "clear_all_caches": {"executed_lines": [], "summary": {"covered_lines": 0, "num_statements": 5, "percent_covered": 0.0, "percent_covered_display": "0", "missing_lines": 5, "excluded_lines": 0}, "missing_lines": [74, 75, 76, 77, 78], "excluded_lines": []}, "decay_weight": {"executed_lines": [], "summary": {"covered_lines": 0, "num_statements": 4, "percent_covered": 0.0, "percent_covered_display": "0", "missing_lines": 4, "excluded_lines": 0}, "missing_lines": [82, 83, 84, 85], "excluded_lines": []}, "": {"executed_lines": [1, 6, 8, 9, 10, 12, 15, 16, 20, 32, 33, 36, 47, 54, 58, 72, 81], "summary": {"covered_lines": 16, "num_statements": 16, "percent_covered": 100.0, "percent_covered_display": "100", "missing_lines": 0, "excluded_lines": 0}, "missing_lines": [], "excluded_lines": []}}, "classes": {"_LRU": {"executed_lines": [17, 18, 21, 22, 23, 24, 25, 26, 27, 29], "summary": {"covered_lines": 10, "num_statements": 11, "percent_covered": 90.9090909090909, "percent_covered_display": "91", "missing_lines": 1, "excluded_lines": 0}, "missing_lines": [28], "excluded_lines": []}, "": {"executed_lines": [1, 6, 8, 9, 10, 12, 15, 16, 20, 32, 33, 36, 37, 38, 41, 42, 44, 47, 48, 49, 51, 54, 55, 58, 59, 60, 61, 62, 64, 65, 66, 67, 68, 69, 72, 81], "summary": {"covered_lines": 35, "num_statements": 46, "percent_covered": 76.08695652173913, "percent_covered_display": "76", "missing_lines": 11, "excluded_lines": 0}, "missing_lines": [39, 63, 74, 75, 76, 77, 78, 82, 83, 84, 85], "excluded_lines": []}}}, "backend/app/vector_match.py": {"executed_lines": [1, 3, 5, 6, 9, 10, 12, 13, 14, 16, 19, 20, 22, 25, 26, 29, 30, 32, 33, 34, 35, 36], "summary": {"covered_lines": 21, "num_statements": 24, "percent_covered": 87.5, "percent_covered_display": "88", "missing_lines": 3, "excluded_lines": 0}, "missing_lines": [11, 15, 24], "excluded_lines": [], "functions": {"cosine_similarity": {"executed_lines": [10, 12, 13, 14, 16], "summary": {"covered_lines": 5, "num_statements": 7, "percent_covered": 71.42857142857143, "percent_covered_display": "71", "missing_lines": 2, "excluded_lines": 0}, "missing_lines": [11, 15], "excluded_lines": []}, "build_nn_index": {"executed_lines": [20, 22, 25, 26], "summary": {"covered_lines": 4, "num_statements": 5, "percent_covered": 80.0, "percent_covered_display": "80", "missing_lines": 1, "excluded_lines": 0}, "missing_lines": [24], "excluded_lines": []}, "query_nn": {"executed_lines": [30, 32, 33, 34, 35, 36], "summary": {"covered_lines": 6, "num_statements": 6, "percent_covered": 100.0, "percent_covered_display": "100", "missing_lines": 0, "excluded_lines": 0}, "missing_lines": [], "excluded_lines": []}, "": {"executed_lines": [1, 3, 5, 6, 9, 19, 29], "summary": {"covered_lines": 6, "num_statements": 6, "percent_covered": 100.0, "percent_covered_display": "100", "missing_lines": 0, "excluded_lines": 0}, "missing_lines": [], "excluded_lines": []}}, "classes": {"": {"executed_lines": [1, 3, 5, 6, 9, 10, 12, 13, 14, 16, 19, 20, 22, 25, 26, 29, 30, 32, 33, 34, 35, 36], "summary": {"covered_lines": 21, "num_statements": 24, "percent_covered": 87.5, "percent_covered_display": "88", "missing_lines": 3, "excluded_lines": 0}, "missing_lines": [11, 15, 24], "excluded_lines": []}}}}, "totals": {"covered_lines": 1102, "num_statements": 1423, "percent_covered": 77.44202389318342, "percent_covered_display": "77", "missing_lines": 321, "excluded_lines": 84}}
